/scicore/home/meuwly/boitti0000/mmml/.venv/bin/python
Traceback (most recent call last):
  File "/scicore/home/meuwly/boitti0000/mmml/examples/dcm/train.py", line 12, in <module>
    from mmml.dcmnet.dcmnet.training import train_model
  File "/scicore/home/meuwly/boitti0000/mmml/mmml/dcmnet/dcmnet/training.py", line 4, in <module>
    import e3x
ModuleNotFoundError: No module named 'e3x'
no change     /scicore/soft/easybuild/apps/Miniconda3/24.7.1-0/condabin/conda
no change     /scicore/soft/easybuild/apps/Miniconda3/24.7.1-0/bin/conda
no change     /scicore/soft/easybuild/apps/Miniconda3/24.7.1-0/bin/conda-env
no change     /scicore/soft/easybuild/apps/Miniconda3/24.7.1-0/bin/activate
no change     /scicore/soft/easybuild/apps/Miniconda3/24.7.1-0/bin/deactivate
no change     /scicore/soft/easybuild/apps/Miniconda3/24.7.1-0/etc/profile.d/conda.sh
no change     /scicore/soft/easybuild/apps/Miniconda3/24.7.1-0/etc/fish/conf.d/conda.fish
no change     /scicore/soft/easybuild/apps/Miniconda3/24.7.1-0/shell/condabin/Conda.psm1
no change     /scicore/soft/easybuild/apps/Miniconda3/24.7.1-0/shell/condabin/conda-hook.ps1
no change     /scicore/soft/easybuild/apps/Miniconda3/24.7.1-0/lib/python3.12/site-packages/xontrib/conda.xsh
no change     /scicore/soft/easybuild/apps/Miniconda3/24.7.1-0/etc/profile.d/conda.csh
no change     /scicore/home/meuwly/boitti0000/.bashrc
No action taken.

CondaError: Run 'conda init' before 'conda activate'

no change     /scicore/soft/easybuild/apps/Miniconda3/24.7.1-0/condabin/conda
no change     /scicore/soft/easybuild/apps/Miniconda3/24.7.1-0/bin/conda
no change     /scicore/soft/easybuild/apps/Miniconda3/24.7.1-0/bin/conda-env
no change     /scicore/soft/easybuild/apps/Miniconda3/24.7.1-0/bin/activate
no change     /scicore/soft/easybuild/apps/Miniconda3/24.7.1-0/bin/deactivate
no change     /scicore/soft/easybuild/apps/Miniconda3/24.7.1-0/etc/profile.d/conda.sh
no change     /scicore/soft/easybuild/apps/Miniconda3/24.7.1-0/etc/fish/conf.d/conda.fish
no change     /scicore/soft/easybuild/apps/Miniconda3/24.7.1-0/shell/condabin/Conda.psm1
no change     /scicore/soft/easybuild/apps/Miniconda3/24.7.1-0/shell/condabin/conda-hook.ps1
no change     /scicore/soft/easybuild/apps/Miniconda3/24.7.1-0/lib/python3.12/site-packages/xontrib/conda.xsh
no change     /scicore/soft/easybuild/apps/Miniconda3/24.7.1-0/etc/profile.d/conda.csh
no change     /scicore/home/meuwly/boitti0000/.bashrc
No action taken.

CondaError: Run 'conda init' before 'conda activate'

Traceback (most recent call last):
  File "/scicore/home/meuwly/boitti0000/mmml/examples/dcm/train.py", line 12, in <module>
    from mmml.dcmnet.dcmnet.training import train_model
  File "/scicore/home/meuwly/boitti0000/mmml/mmml/dcmnet/dcmnet/training.py", line 4, in <module>
    import e3x
ModuleNotFoundError: No module named 'e3x'
