sgi01
/scicore/home/meuwly/boitti0000/mmml/.venv/bin/python
Wed Oct 29 21:17:19 2025       
+-----------------------------------------------------------------------------------------+
| NVIDIA-SMI 580.82.07              Driver Version: 580.82.07      CUDA Version: 13.0     |
+-----------------------------------------+------------------------+----------------------+
| GPU  Name                 Persistence-M | Bus-Id          Disp.A | Volatile Uncorr. ECC |
| Fan  Temp   Perf          Pwr:Usage/Cap |           Memory-Usage | GPU-Util  Compute M. |
|                                         |                        |               MIG M. |
|=========================================+========================+======================|
|   0  NVIDIA TITAN X (Pascal)        On  |   00000000:04:00.0 Off |                  N/A |
| 23%   27C    P8             11W /  250W |      10MiB /  12288MiB |      0%      Default |
|                                         |                        |                  N/A |
+-----------------------------------------+------------------------+----------------------+

+-----------------------------------------------------------------------------------------+
| Processes:                                                                              |
|  GPU   GI   CI              PID   Type   Process name                        GPU Memory |
|        ID   ID                                                               Usage      |
|=========================================================================================|
|    0   N/A  N/A            5527      G   /usr/lib/xorg/Xorg                        6MiB |
+-----------------------------------------------------------------------------------------+
  × Failed to download `jaxlib==0.6.2`
  ├─▶ Failed to fetch:
  │   `https://files.pythonhosted.org/packages/ba/e8/71c2555431edb5dd115cf86a7b599aa7e1be26728d89ae59aa11251d299c/jaxlib-0.6.2-cp312-cp312-manylinux2014_x86_64.whl`
  ├─▶ Request failed after 3 retries
  ├─▶ error sending request for url
  │   (https://files.pythonhosted.org/packages/ba/e8/71c2555431edb5dd115cf86a7b599aa7e1be26728d89ae59aa11251d299c/jaxlib-0.6.2-cp312-cp312-manylinux2014_x86_64.whl)
  ├─▶ client error (Connect)
  ╰─▶ invalid peer certificate: UnknownIssuer
  help: `jaxlib` (v0.6.2) was included because `mmml` depends on `jaxlib`
