Mon Apr 21 12:17:02 2025       
+-----------------------------------------------------------------------------------------+
| NVIDIA-SMI 550.107.02             Driver Version: 550.107.02     CUDA Version: 12.4     |
|-----------------------------------------+------------------------+----------------------+
| GPU  Name                 Persistence-M | Bus-Id          Disp.A | Volatile Uncorr. ECC |
| Fan  Temp   Perf          Pwr:Usage/Cap |           Memory-Usage | GPU-Util  Compute M. |
|                                         |                        |               MIG M. |
|=========================================+========================+======================|
|   0  NVIDIA GeForce RTX 2080 Ti     On  |   00000000:02:00.0 Off |                  N/A |
| 28%   34C    P8              4W /  250W |       1MiB /  11264MiB |      0%   E. Process |
|                                         |                        |                  N/A |
+-----------------------------------------+------------------------+----------------------+
|   1  NVIDIA GeForce RTX 2080 Ti     On  |   00000000:03:00.0 Off |                  N/A |
| 28%   34C    P8             21W /  250W |       1MiB /  11264MiB |      0%   E. Process |
|                                         |                        |                  N/A |
+-----------------------------------------+------------------------+----------------------+
                                                                                         
+-----------------------------------------------------------------------------------------+
| Processes:                                                                              |
|  GPU   GI   CI        PID   Type   Process name                              GPU Memory |
|        ID   ID                                                               Usage      |
|=========================================================================================|
|  No running processes found                                                             |
+-----------------------------------------------------------------------------------------+
gpu19
Assuming unrestricted shared filesystem usage.
host: gpu19
Building DAG of jobs...
Using shell: /usr/bin/bash
Provided cores: 2
Rules claiming more threads will be scaled down.
Job stats:
job                 count
----------------  -------
all                     1
extract_clusters        1
qm_clusters             1
run_md                  1
total                   4

Select jobs to execute...
Execute 1 jobs...

[Mon Apr 21 12:17:11 2025]
localrule run_md:
    input: qm/initial.npz
    output: omm/openmm.json
    jobid: 5
    reason: Missing output files: omm/openmm.json
    resources: tmpdir=/tmp

Waiting for more resources.
gpu19
