Fatal Python error: init_import_site: Failed to import the site module
Python runtime state: initialized
Traceback (most recent call last):
  File "<frozen importlib._bootstrap>", line 1360, in _find_and_load
  File "<frozen importlib._bootstrap>", line 1331, in _find_and_load_unlocked
  File "<frozen importlib._bootstrap>", line 935, in _load_unlocked
  File "<frozen importlib._bootstrap>", line 1176, in exec_module
  File "<frozen site>", line 710, in <module>
  File "<frozen site>", line 693, in main
  File "<frozen site>", line 625, in venv
  File "<frozen site>", line 421, in addsitepackages
  File "<frozen site>", line 247, in addsitedir
  File "<frozen site>", line 206, in addpackage
  File "<string>", line 1, in <module>
  File "/mmhome/boittier/home/mmml/.venv/lib/python3.13/site-packages/__editable___mmml_1_0_0_3520_g8909f3e0c_finder.py", line 7, in <module>
    from pathlib import Path
  File "/mmhome/boittier/home/.local/share/uv/python/cpython-3.13.1-linux-x86_64-gnu/lib/python3.13/pathlib/__init__.py", line 8, in <module>
    from ._abc import *
  File "/mmhome/boittier/home/.local/share/uv/python/cpython-3.13.1-linux-x86_64-gnu/lib/python3.13/pathlib/_abc.py", line 14, in <module>
    import functools
  File "/mmhome/boittier/home/.local/share/uv/python/cpython-3.13.1-linux-x86_64-gnu/lib/python3.13/functools.py", line 18, in <module>
    from collections import namedtuple
  File "<frozen importlib._bootstrap>", line 1360, in _find_and_load
  File "<frozen importlib._bootstrap>", line 1331, in _find_and_load_unlocked
  File "<frozen importlib._bootstrap>", line 935, in _load_unlocked
  File "<frozen importlib._bootstrap_external>", line 1022, in exec_module
  File "<frozen importlib._bootstrap_external>", line 1118, in get_code
  File "<frozen importlib._bootstrap_external>", line 1217, in get_data
KeyboardInterrupt
mmml-charmm-mpirun: could not find OpenMPI mpirun for libcharmm.so. Set MMML_MPIRUN=/path/to/mpirun or MMML_MPI_LD_PATH_EXTRA.
mmml md-system: running pycharmm (setup=pycharmm_full | composition=DCM:90 | box=180.0Г… | stage=heat)
  --phase staged --ensemble nve --setup pycharmm_full --spacing 5.0 --ps 1.0 --dt-fs 0.2 --temperature 220.0 --mini-nstep 20 --nprint 50 --dyn-nprint 500 --dyn-iprfrq 2000 --heat-ihtfrq 0 --heat-thermostat hoover --no-heat-comp-damp --heat-comp-hydrogen-only --dcd-nsavc 100 --echeck 100.0 --ps-heat 1000.0 --ps-equi 50.0 --npt-thermostat hoover --npt-pressure 1.0 --npt-pgamma 5.0 --n-heat-segments 2000 --n-equi-segments 1 --n-prod-segments 1 --composition DCM:90 --n-molecules 90 --md-stage heat --checkpoint /mmhome/boittier/home/mmml_tutorial/acodcm/ckpts/dcm1-c137fb42-1f65-4748-880b-8f8184a20f70 --output-dir artifacts/pycharmm_mlpot/dcm90_npt_x64_0 --box-size 180.0 --dynamics-overlap-action rescue --dynamics-overlap-min-distance 1.5 --dynamics-intra-min-distance 0.5 --dynamics-overlap-check-interval 25000 --dynamics-overlap-charmm-sd-steps 200 --dynamics-overlap-charmm-abnr-steps 400 --dynamics-overlap-separate-margin 0.2 --mm-switch-on 8.0 --mm-switch-width 5.0 --ml-switch-width 1.5 --charmm-sd-steps 25 --charmm-abnr-steps 100 --charmm-tolenr 0.001 --charmm-tolgrd 0.001 --charmm-mm-pretreat-heat-nstep 2000 --max-grms-before-dyn 50.0 --fb-rad 55.0 --fb-forc 1.0 --fb-selection all --seed 123456 --packmol-sphere --packmol-radius 30.0 --packmol-tolerance 2.0 --reuse-packmol-cache --flat-bottom-radius 55.0
mmml: JAX compilation cache -> /mmhome/boittier/home/.cache/mmml/jax-compilation-cache
/mmhome/boittier/home/mmml/mmml/data/charmm/top_all36_cgenff.rtf
/mmhome/boittier/home/mmml/mmml/data/charmm/par_all36_cgenff.prm
CHARMM_HOME /mmhome/boittier/home/mmml/setup/charmm
CHARMM_LIB_DIR /mmhome/boittier/home/mmml/setup/charmm
  
 CHARMM>     PRNLev 5
  
 CHARMM>    WRNLev 5
  
CHARMM BLOCK: full MM (all atoms, COEFF 1.0)
  
 CHARMM>     bomlev -2
  
 CHARMM>    wrnlev -2
  
  
 CHARMM>     domdec off
  
  
 CHARMM>     bomlev 0
  
 CHARMM>    wrnlev 5
  
  
 CHARMM>     crystal free
  
CHARMM BLOCK: full MM (all atoms, COEFF 1.0)
[cluster] 1/4 CHARMM MM minimize isolated monomer(s) (before Packmol)
CHARMM BLOCK: full MM (all atoms, COEFF 1.0)
CHARMM BLOCK: full MM (all atoms, COEFF 1.0)
CHARMM BLOCK: full MM (all atoms, COEFF 1.0)
Packmol monomer DCM: CHARMM MM minimize (SD=25, ABNR=100)
CHARMM BLOCK: full MM (all atoms, COEFF 1.0)
CHARMM MM minimize start: 5 atoms, GRMS=0.0000 kcal/mol/Г…
CHARMM MM SD: nstep=25
CHARMM MM ABNR: nstep=100
CHARMM MM minimize end: GRMS=0.0000 kcal/mol/Г…
[cluster] 2/4 Write monomer PDBs for Packmol
[cluster] 3/4 Packmol sphere placement (DCM:90)
Running: /mmhome/boittier/home/mmml/mmml/generate/packmol/packmol < artifacts/pycharmm_mlpot/dcm90_npt_x64_0/packmol_sphere/packmol_sphere.inp

################################################################################

 PACKMOL - Packing optimization for the automated generation of
 starting configurations for molecular dynamics simulations.
 
                                                             Version 21.1.0 

################################################################################

  Packmol must be run with: packmol < inputfile.inp 

  Userguide at: http://m3g.iqm.unicamp.br/packmol 

  Reading input file... (Control-C aborts)
  Types of coordinate files specified: pdb
  Seed for random number generator:       123456
  Output file: artifacts/pycharmm_mlpot/dcm90_npt_x64_0/packmol_sphere/init-packmol-sphere.pdb
  Reading coordinate file: artifacts/pycharmm_mlpot/dcm90_npt_x64_0/packmol_sphere/monomers/dcm.pdb
  Number of independent structures:            1
  The structures are: 
  Structure            1 :artifacts/pycharmm_mlpot/dcm90_npt_x64_0/packmol_sphere/monomers/dcm.pdb(           5  atoms)
  Maximum number of GENCAN loops for all molecule packing:          200
  Distance tolerance:    2.0000000000000000     
  Residue numbering set for structure            1 :           2
  Swap chains of molecules of structure            1 : F
  Specific chain identifier set for structure            1 :A
  Number of molecules of type            1 :           90
  Total number of restrictions:            1
  Total number of atoms:          450
  Total number of molecules:           90
  Number of fixed molecules:            0
  Number of free molecules:           90
  Number of variables:          540
  Total number of fixed atoms:            0
  Maximum internal distance of type            1 :    2.9271872164246684     
  All atoms must be within these coordinates: 
   x: [   -1000.0000000000000      ,    1000.0000000000000       ] 
   y: [   -1000.0000000000000      ,    1000.0000000000000       ] 
   z: [   -1000.0000000000000      ,    1000.0000000000000       ] 
  If the system is larger than this, increase the sidemax parameter. 

################################################################################

  Building initial approximation ... 

################################################################################

  Adjusting initial point to fit the constraints 

--------------------------------------------------------------------------------

--------------------------------------------------------------------------------

  Molecules of type:            1

  Packing:|0                                                        100%|
          |*********************************************

  Restraint-only function value:    0.0000000000000000     
  Maximum violation of the restraints:    0.0000000000000000     

--------------------------------------------------------------------------------

  Rescaling maximum and minimum coordinates... 
  Mininum and maximum coordinates after constraint fitting: 
   x: [   -26.658092007149271      ,    29.374298426985842       ] 
   y: [   -29.200004536131864      ,    27.979398127054740       ] 
   z: [   -29.544850341939483      ,    28.964239379415737       ] 
  Computing size of patches... 
  Number of cells in each direction and cell sides: 
   x:           27  cells of size    2.2382366827457449     
   y:           27  cells of size    2.2807186171550593     
   z:           28  cells of size    2.2467532043341150     
  Cell-system length:   60.43239  61.57940  62.90909
  Reseting center of mass... 

--------------------------------------------------------------------------------

  Setting initial trial coordinates ... 

--------------------------------------------------------------------------------

--------------------------------------------------------------------------------

  Molecules of type:            1
  Adjusting random positions to fit the constraints. 
  Packing:|0                                                        100%|
          |***
  Restraint-only function value:    0.0000000000000000     
  Maximum violation of the restraints:    0.0000000000000000     

################################################################################

  Objective function at initial point:    94.284432954452100     

################################################################################

  Packing molecules of type:            1

################################################################################


--------------------------------------------------------------------------------

  Starting GENCAN loop:            0
  Scaling radii by:    1.1000000000000001     

  Packing:|0                                                        100%|
          |******

  Function value from last GENCAN loop: f = .00000E+00
  Best function value before: f = .94284E+02
  Improvement from best function value:    99.99 %
  Improvement from last loop:    99.99 %
  Maximum violation of target distance:     0.000000
  Maximum violation of the constraints: .00000E+00
  Current structure written to file: artifacts/pycharmm_mlpot/dcm90_npt_x64_0/packmol_sphere/init-packmol-sphere.pdb
--------------------------------------------------------------------------------
  Packing solved for molecules of type           1
  Objective function value:    0.0000000000000000     
  Maximum violation of target distance:    0.0000000000000000     
  Max. constraint violation:    0.0000000000000000     
--------------------------------------------------------------------------------

################################################################################

  Packing all molecules together 

################################################################################


  Initial approximation is a solution. Nothing to do. 

  Solution written to file: artifacts/pycharmm_mlpot/dcm90_npt_x64_0/packmol_sphere/init-packmol-sphere.pdb

################################################################################

                                 Success! 
              Final objective function value: .00000E+00
              Maximum violation of target distance:   0.000000
              Maximum violation of the constraints: .00000E+00

--------------------------------------------------------------------------------

              Please cite this work if Packmol was useful: 

           L. Martinez, R. Andrade, E. G. Birgin, J. M. Martinez, 
         PACKMOL: A package for building initial configurations for
                   molecular dynamics simulations. 
        Journal of Computational Chemistry, 30(13) pp. 2157-2164, 2009.
                  https://doi.org/10.1002/jcc.21224

################################################################################

   Running time:    8.00899975E-03  seconds. 

--------------------------------------------------------------------------------


Generated artifacts/pycharmm_mlpot/dcm90_npt_x64_0/packmol_sphere/init-packmol-sphere.pdb
[cluster] 4/4 Build cluster PSF and CHARMM MM relax
CHARMM BLOCK: full MM (all atoms, COEFF 1.0)
CHARMM BLOCK: full MM (all atoms, COEFF 1.0)
Packmol cluster: CHARMM MM minimize SD=25 ABNR=100
CHARMM BLOCK: full MM (all atoms, COEFF 1.0)
CHARMM MM minimize start: 450 atoms, GRMS=0.0000 kcal/mol/Г…
CHARMM MM SD: nstep=25
CHARMM MM ABNR: nstep=100
CHARMM MM minimize end: GRMS=0.0000 kcal/mol/Г…
Packmol cluster post-MM GRMS: 0.0000 kcal/mol/Г…
Packmol cluster: 450 atoms, span Г… x=54.8 y=53.0 z=54.1
[cluster] Packmol cache saved: /mmhome/boittier/home/mmml/artifacts/pycharmm_mlpot/dcm90_npt_x64_0/.packmol_cache/2d4ab115c58a65603e42a483
Packmol sphere: center=(0.0, 0.0, 0.0) R=30.0 Г… tol=2.0 Г…
Cluster geometry OK: 90 monomer(s), 450 atoms | spans (Г…) x=54.80 y=52.99 z=54.10 | COM distances (Г…) min=3.76 max=55.80
CHARMM loose PBC: cubic L=180.000 Г… (ML open boundary; no MIC)
  
 CHARMM>     bomlev -2
  
echeck loosened 100.0 -> 4500 kcal/mol for 90 monomer(s) / 450 atoms (recommended floor 4500; --no-scale-echeck to keep 100.0)
mini-nstep scaled 20 -> 300 for 90 monomer(s)
Dynamics overlap guard: action=rescue, min_distance=1.50 Г…, check every 25000 steps, last-resort monomer separation on
Dynamics intra-monomer guard: action=rescue, min_distance=0.50 Г…, exclude_1_3=True, check every 25000 steps
/mmhome/boittier/home/mmml/setup/charmm
/mmhome/boittier/home/mmml/setup/charmm
  
 CHARMM>     PRNLev 5
  
 CHARMM>    WRNLev 5
  
  
 CHARMM>     nbonds cutnb 18.0 -
 CHARMM>     ctonnb 13.0 -
 CHARMM>     ctofnb 17.0 -
 CHARMM>     eps 1.0 -
 CHARMM>     cdie -
 CHARMM>     atom -
 CHARMM>     vatom -
 CHARMM>     fswitch -
 CHARMM>     vfswitch -
 CHARMM>     nbxmod 5 -
 CHARMM>     cutim 22.0 -
 CHARMM>     inbfrq -1 -
 CHARMM>     imgfrq -1

 SELECTED IMAGES ATOMS BEING CENTERED ABOUT  0.000000  0.000000  0.000000

 <MKIMAT2>: updating the image atom lists and remapping
 Transformation   Atoms  Groups  Residues  Min-Distance
    1  N1N1N1R1 has       0       0       0      236.76
    2  N1Z0N1R1 has       0       0       0      187.71
    3  N1P1N1R1 has       0       0       0      236.65
    4  Z0N1N1R1 has       0       0       0      188.88
    5  Z0Z0N1R1 has       0       0       0      125.90
    6  Z0P1N1R1 has       0       0       0      190.28
    7  N1N1Z0R1 has       0       0       0      190.21
    8  N1Z0Z0R1 has       0       0       0      125.20
    9  N1P1Z0R1 has       0       0       0      187.61
   10  Z0N1Z0R1 has       0       0       0      127.01
   12  N1N1P1R1 has       0       0       0      238.89
   13  N1Z0P1R1 has       0       0       0      191.86
   14  N1P1P1R1 has       0       0       0      241.01
 Total of  450 atoms and   90 groups and   90 residues were included

 <MAKGRP> found      0 image group exclusions.

 NONBOND OPTION FLAGS: 
     ELEC     VDW      ATOMs    CDIElec  FSWItch  VATOm    VFSWIt  
     BYGRoup  NOEXtnd  NOEWald 
 CUTNB  = 18.000 CTEXNB =999.000 CTONNB = 13.000 CTOFNB = 17.000
 CGONNB =  0.000 CGOFNB = 10.000
 WMIN   =  1.500 WRNMXD =  0.500 E14FAC =  1.000 EPS    =  1.000
 NBXMOD =      5
 There are    16154 atom  pairs and      900 atom  exclusions.
 There are        0 group pairs and        0 group exclusions.
 Generating nonbond list with Exclusion mode = 5
 == PRIMARY == SPACE FOR   100801 ATOM PAIRS AND        0 GROUP PAIRS

 General atom nonbond list generation found:
    16154 ATOM PAIRS WERE FOUND FOR ATOM LIST
      566 GROUP PAIRS REQUIRED ATOM SEARCHES

 SPACE FOR      482 ATOM PAIRS AND        0 GROUP PAIRS

 Image nonbond list generation found:
        0 ATOM PAIRS WERE FOUND FOR ATOM LIST
        0 ATOM PAIRS WERE FOUND FOR ATOM SELF LIST
        0 GROUP PAIRS REQUIRED ATOM SEARCHES

  
 CHARMM>     
  
  
 CHARMM>     write name /mmhome/boittier/home/mmml/artifacts/pycharmm_mlpot/dcm90_npt_x64_0/cluster_for_vmd_dcm_90.psf -
 CHARMM>     psf card
 VOPEN> Attempting to open::/mmhome/boittier/home/mmml/artifacts/pycharmm_mlpot/dcm90_npt_x64_0/cluster_for_vmd_dcm_90.psf::
 RDTITL>  
 RDTITL> No title read.
 VCLOSE: Closing unit   91 with status "KEEP"
 VCLOSE: Closing unit   91 with status "KEEP"
  
 CHARMM>     
  
  
 CHARMM>     write name /mmhome/boittier/home/mmml/artifacts/pycharmm_mlpot/dcm90_npt_x64_0/cluster_for_vmd_dcm_90.pdb -
 CHARMM>     coor pdb
 VOPEN> Attempting to open::/mmhome/boittier/home/mmml/artifacts/pycharmm_mlpot/dcm90_npt_x64_0/cluster_for_vmd_dcm_90.pdb::
 RDTITL> * PRE-MLPOT CLUSTER
 RDTITL> *
  Write CHARMM-pdb format
 VCLOSE: Closing unit   91 with status "KEEP"
  
 CHARMM>     
  
minimize snapshot [00] packmol: Packmol sphere placement (pre-minimize) вҶ’ 00_packmol_cluster_dcm_90
  
 CHARMM>     coor orient sele all end
 SELRPN>    450 atoms have been selected out of    450

 ORIENT THE COORDINATES TO ALIGN WITH AXIS

 MOMENTS
  71136.57981272    -50.08971232   5286.85543378
                  77687.12533062   2765.13942389
                                  64468.29180146

 Transpose of the rotation matrix
     0.256145    0.949861    0.179315
    -0.414871    0.275576   -0.867145
    -0.873082    0.147722    0.464657
 CENTER OF ATOMS BEFORE TRANSLATION    -1.89845    -0.23434    -0.05667
 AXIS OF ROTATION IS -0.507434 -0.526199  0.682367  ANGLE IS   90.10

 ALL COORDINATES ORIENTED IN THE MAIN SET BASED ON SELECTED ATOMS.

  
  
 CHARMM>     
  
 CHARMM>    coor stat sele all end
 SELRPN>    450 atoms have been selected out of    450
 STATISTICS FOR       450 SELECTED ATOMS:
    XMIN =  -24.779168 XMAX =   28.061298 XAVE =   -0.000000
    YMIN =  -27.418385 YMAX =   27.092716 YAVE =    0.000000
    ZMIN =  -27.926418 ZMAX =   24.796081 ZAVE =    0.000000
    WMIN =    1.000000 WMAX =    1.000000 WAVE =    1.000000
  
 CHARMM>    coor translate xdir -?xave ydir -?yave zdir -?zave sele all end
 RDCMND substituted energy or value "?XAVE" to "-3.927722345E-16"
 RDCMND substituted energy or value "?YAVE" to "1.207922651E-15"
 RDCMND substituted energy or value "?ZAVE" to "1.275029465E-15"
 SELRPN>    450 atoms have been selected out of    450
 TRANSLATION VECTOR     0.000000   -0.000000   -0.000000
 SELECTED COORDINATES TRANSLATED IN THE MAIN SET.

  
 CHARMM>     
  
  
 CHARMM>     PRNLev 5
  
 CHARMM>    WRNLev 5
  

 SELECTED IMAGES ATOMS BEING CENTERED ABOUT  0.000000  0.000000  0.000000

 <MKIMAT2>: updating the image atom lists and remapping
 Transformation   Atoms  Groups  Residues  Min-Distance
    1  N1N1N1R1 has       0       0       0      243.28
    2  N1Z0N1R1 has       0       0       0      187.76
    3  N1P1N1R1 has       0       0       0      237.72
    4  Z0N1N1R1 has       0       0       0      194.03
    5  Z0Z0N1R1 has       0       0       0      127.28
    6  Z0P1N1R1 has       0       0       0      188.90
    7  N1N1Z0R1 has       0       0       0      188.39
    8  N1Z0Z0R1 has       0       0       0      127.16
    9  N1P1Z0R1 has       0       0       0      189.82
   10  Z0N1Z0R1 has       0       0       0      125.49
   12  N1N1P1R1 has       0       0       0      238.69
   13  N1Z0P1R1 has       0       0       0      191.53
   14  N1P1P1R1 has       0       0       0      238.25
 Total of  450 atoms and   90 groups and   90 residues were included

 <MAKGRP> found      0 image group exclusions.

 NONBOND OPTION FLAGS: 
     ELEC     VDW      ATOMs    CDIElec  FSWItch  VATOm    VFSWIt  
     BYGRoup  NOEXtnd  NOEWald 
 CUTNB  = 18.000 CTEXNB =999.000 CTONNB = 13.000 CTOFNB = 17.000
 CGONNB =  0.000 CGOFNB = 10.000
 WMIN   =  1.500 WRNMXD =  0.500 E14FAC =  1.000 EPS    =  1.000
 NBXMOD =      5
 There are    16154 atom  pairs and      900 atom  exclusions.
 There are        0 group pairs and        0 group exclusions.
 Generating nonbond list with Exclusion mode = 5
 == PRIMARY == SPACE FOR   100801 ATOM PAIRS AND        0 GROUP PAIRS

 General atom nonbond list generation found:
    16154 ATOM PAIRS WERE FOUND FOR ATOM LIST
      585 GROUP PAIRS REQUIRED ATOM SEARCHES

 SPACE FOR      482 ATOM PAIRS AND        0 GROUP PAIRS

 Image nonbond list generation found:
        0 ATOM PAIRS WERE FOUND FOR ATOM LIST
        0 ATOM PAIRS WERE FOUND FOR ATOM SELF LIST
        0 GROUP PAIRS REQUIRED ATOM SEARCHES

 PRNHBD: CUToff Hydrogen Bond  distance =    0.5000   Angle =   90.0000
         CuT switching ON HB dist. =     3.5000  OFf HB dist. =    4.0000
         CuT switching ON Hb Angle =    50.0000  OFf Hb Angle =   70.0000
         ACCEptor antecedents included
         All hydrogen bonds for each hydrogen will be found
         Hydrogen bonds between excluded atoms will be kept

 HBFIND-exclusions:      0 due to distance cutoff,       0 due to angle cutoff
                         0 primary donor to image acceptor hbonds found
 HBFIND-exclusions:      0 due to distance cutoff,       0 due to angle cutoff
                         0 image donor to primary acceptor hbonds found
                         0 unique image hbonds found
 HBEDIT-deletions:       0 due to duplications,          0 due to best-option,
                         0 due to fixed atoms,           0 due to exclusions
 HBEDIT: currently     0 hydrogen bonds present
ENER ENR:  Eval#     ENERgy      Delta-E         GRMS
ENER INTERN:          BONDs       ANGLes       UREY-b    DIHEdrals    IMPRopers
ENER EXTERN:        VDWaals         ELEC       HBONds          ASP         USER
 ----------       ---------    ---------    ---------    ---------    ---------
ENER>        0    -35.36259      0.00000      0.22297
ENER INTERN>        0.02909     24.08731      0.44060      0.00000      0.00000
ENER EXTERN>      -53.74105     -6.17855      0.00000      0.00000      0.00000
 ----------       ---------    ---------    ---------    ---------    ---------
  
 CHARMM>     coor stat sele all end
 SELRPN>    450 atoms have been selected out of    450
 STATISTICS FOR       450 SELECTED ATOMS:
    XMIN =  -24.779168 XMAX =   28.061298 XAVE =   -0.000000
    YMIN =  -27.418385 YMAX =   27.092716 YAVE =    0.000000
    ZMIN =  -27.926418 ZMAX =   24.796081 ZAVE =    0.000000
    WMIN =    1.000000 WMAX =    1.000000 WAVE =    1.000000
  
  
 CHARMM>     
  
 CHARMM>    MMFP

      MISCELANEOUS MEAN FIELD POTENTIALS
  
   MMFP>    GEO sphere harm -
   MMFP>        xref 0.000000 yref 0.000000 zref 0.000000 -
   MMFP>        droff 55.000000 force 1.000000 -
   MMFP>        sele all end
 GEO INITIALIZED, MAXGEO=  452
 Sphere constraint
 SELRPN>    450 atoms have been selected out of    450
 new constraints applied on        450 atoms
 the total number of constraints is        450
 the total number of atoms affected is        450
  
   MMFP>    END
  
 CHARMM>     
  
  
 CHARMM>     PRNLev 5
  
 CHARMM>    WRNLev 5
  

 SELECTED IMAGES ATOMS BEING CENTERED ABOUT  0.000000  0.000000  0.000000

 <MKIMAT2>: updating the image atom lists and remapping
 Transformation   Atoms  Groups  Residues  Min-Distance
    1  N1N1N1R1 has       0       0       0      243.28
    2  N1Z0N1R1 has       0       0       0      187.76
    3  N1P1N1R1 has       0       0       0      237.72
    4  Z0N1N1R1 has       0       0       0      194.03
    5  Z0Z0N1R1 has       0       0       0      127.28
    6  Z0P1N1R1 has       0       0       0      188.90
    7  N1N1Z0R1 has       0       0       0      188.39
    8  N1Z0Z0R1 has       0       0       0      127.16
    9  N1P1Z0R1 has       0       0       0      189.82
   10  Z0N1Z0R1 has       0       0       0      125.49
   12  N1N1P1R1 has       0       0       0      238.69
   13  N1Z0P1R1 has       0       0       0      191.53
   14  N1P1P1R1 has       0       0       0      238.25
 Total of  450 atoms and   90 groups and   90 residues were included

 <MAKGRP> found      0 image group exclusions.

 NONBOND OPTION FLAGS: 
     ELEC     VDW      ATOMs    CDIElec  FSWItch  VATOm    VFSWIt  
     BYGRoup  NOEXtnd  NOEWald 
 CUTNB  = 18.000 CTEXNB =999.000 CTONNB = 13.000 CTOFNB = 17.000
 CGONNB =  0.000 CGOFNB = 10.000
 WMIN   =  1.500 WRNMXD =  0.500 E14FAC =  1.000 EPS    =  1.000
 NBXMOD =      5
 There are    16154 atom  pairs and      900 atom  exclusions.
 There are        0 group pairs and        0 group exclusions.
 Generating nonbond list with Exclusion mode = 5
 == PRIMARY == SPACE FOR   100801 ATOM PAIRS AND        0 GROUP PAIRS

 General atom nonbond list generation found:
    16154 ATOM PAIRS WERE FOUND FOR ATOM LIST
      585 GROUP PAIRS REQUIRED ATOM SEARCHES

 SPACE FOR      482 ATOM PAIRS AND        0 GROUP PAIRS

 Image nonbond list generation found:
        0 ATOM PAIRS WERE FOUND FOR ATOM LIST
        0 ATOM PAIRS WERE FOUND FOR ATOM SELF LIST
        0 GROUP PAIRS REQUIRED ATOM SEARCHES

 PRNHBD: CUToff Hydrogen Bond  distance =    0.5000   Angle =   90.0000
         CuT switching ON HB dist. =     3.5000  OFf HB dist. =    4.0000
         CuT switching ON Hb Angle =    50.0000  OFf Hb Angle =   70.0000
         ACCEptor antecedents included
         All hydrogen bonds for each hydrogen will be found
         Hydrogen bonds between excluded atoms will be kept

 HBFIND-exclusions:      0 due to distance cutoff,       0 due to angle cutoff
                         0 primary donor to image acceptor hbonds found
 HBFIND-exclusions:      0 due to distance cutoff,       0 due to angle cutoff
                         0 image donor to primary acceptor hbonds found
                         0 unique image hbonds found
 HBEDIT-deletions:       0 due to duplications,          0 due to best-option,
                         0 due to fixed atoms,           0 due to exclusions
 HBEDIT: currently     0 hydrogen bonds present
ENER ENR:  Eval#     ENERgy      Delta-E         GRMS
ENER INTERN:          BONDs       ANGLes       UREY-b    DIHEdrals    IMPRopers
ENER EXTERN:        VDWaals         ELEC       HBONds          ASP         USER
 ----------       ---------    ---------    ---------    ---------    ---------
ENER>        0    -35.36259      0.00000      0.22297
ENER INTERN>        0.02909     24.08731      0.44060      0.00000      0.00000
ENER EXTERN>      -53.74105     -6.17855      0.00000      0.00000      0.00000
 ----------       ---------    ---------    ---------    ---------    ---------
MMFP flat-bottom zero-energy check OK: О”E=+0.000000 kcal/mol
MMFP flat-bottom sphere: droff=55.00 Г… force=1.00 center=(0.00, 0.00, 0.00) selection='all'
MLpot: open boundary (CHARMM box L=180.000 Г…; no MIC)
Decomposed MLpot: 2 JAX GPUs visible but ml_gpu_count=1 (only GPU:0 runs PhysNet). Use --ml-gpu-count 2 and enough chunks (--ml-batch-size 128-256 for DCM:90).
Decomposed MLpot: ml_batch_size=256 (90 monomers; reduces JAX compile memory)
Decomposed MLpot: max_active_dimers=4005 (free-space all-pairs safe; PhysNet batch вүӨ 4095 systems/step)
[setup_calculator] ml_compute_dtype=<class 'jax.numpy.float64'> (CHARMM I/O remains float64)
[setup_calculator] Handoff parameters -> ml_switch_width=0.1000 Г…, mm_switch_on=8.0000 Г…, mm_switch_width=5.0000 Г…, complementary_handoff=True
[setup_calculator] mm_r_min=7.11 (exclude pairs with dimer COM < this)
[setup_calculator] atoms_per_monomer=[5, 5, 5, 5, 5, 5, 5, 5, 5, 5, 5, 5, 5, 5, 5, 5, 5, 5, 5, 5, 5, 5, 5, 5, 5, 5, 5, 5, 5, 5, 5, 5, 5, 5, 5, 5, 5, 5, 5, 5, 5, 5, 5, 5, 5, 5, 5, 5, 5, 5, 5, 5, 5, 5, 5, 5, 5, 5, 5, 5, 5, 5, 5, 5, 5, 5, 5, 5, 5, 5, 5, 5, 5, 5, 5, 5, 5, 5, 5, 5, 5, 5, 5, 5, 5, 5, 5, 5, 5, 5], total_atoms=450
[setup_calculator] max_atoms (model natoms)=10 (max monomer/dimer size)
[setup_calculator] model_restart_path=/mmhome/boittier/home/mmml_tutorial/acodcm/ckpts/dcm1-c137fb42-1f65-4748-880b-8f8184a20f70
/mmhome/boittier/home/mmml/.venv/lib/python3.13/site-packages/orbax/checkpoint/_src/serialization/jax_array_handlers.py:749: UserWarning: Sharding info not provided when restoring. Populating sharding info from sharding file. Please note restoration time will be slightly increased due to reading from file. Note also that this option is unsafe when restoring on a different topology than the checkpoint was saved with.
  warnings.warn(
dict_keys(['opt_state', 'params', 'step'])
[3m                                Model Attributes                                [0m
в”Ҹв”Ғв”Ғв”Ғв”Ғв”ів”Ғв”Ғв”Ғв”Ғв”ів”Ғв”Ғв”Ғв”Ғв”ів”Ғв”Ғв”Ғв”Ғв”ів”Ғв”Ғв”Ғв”Ғв”ів”Ғв”Ғв”Ғв”Ғв”ів”Ғв”Ғв”Ғв”Ғв”ів”Ғв”Ғв”Ғв”Ғв”ів”Ғв”Ғв”Ғв”Ғв”ів”Ғв”Ғв”Ғв”Ғв”ів”Ғв”Ғв”Ғв”Ғв”ів”Ғв”Ғв”Ғв”Ғв”ів”Ғв”Ғв”Ғв”Ғв”ів”Ғв”Ғв”Ғв”Ғв”ів”Ғв”Ғв”Ғв”Ғв”ів”Ғв”Ғв”Ғв”“
в”ғ[1m [0m[1mcвҖҰ[0m[1m [0mв”ғ[1m [0m[1mcвҖҰ[0m[1m [0mв”ғ[1m [0m[1mdвҖҰ[0m[1m [0mв”ғ[1m [0m[1meвҖҰ[0m[1m [0mв”ғ[1m [0m[1mfвҖҰ[0m[1m [0mв”ғ[1m [0m[1miвҖҰ[0m[1m [0mв”ғ[1m [0m[1mmвҖҰ[0m[1m [0mв”ғ[1m [0m[1mmвҖҰ[0m[1m [0mв”ғ[1m [0m[1mnвҖҰ[0m[1m [0mв”ғ[1m [0m[1mnвҖҰ[0m[1m [0mв”ғ[1m [0m[1mnвҖҰ[0m[1m [0mв”ғ[1m [0m[1mnвҖҰ[0m[1m [0mв”ғ[1m [0m[1mtвҖҰ[0m[1m [0mв”ғ[1m [0m[1muвҖҰ[0m[1m [0mв”ғ[1m [0m[1muвҖҰ[0m[1m [0mв”ғ[1m [0m[1mвҖҰ[0m[1m [0mв”ғ
в”Ўв”Ғв”Ғв”Ғв”Ғв•Үв”Ғв”Ғв”Ғв”Ғв•Үв”Ғв”Ғв”Ғв”Ғв•Үв”Ғв”Ғв”Ғв”Ғв•Үв”Ғв”Ғв”Ғв”Ғв•Үв”Ғв”Ғв”Ғв”Ғв•Үв”Ғв”Ғв”Ғв”Ғв•Үв”Ғв”Ғв”Ғв”Ғв•Үв”Ғв”Ғв”Ғв”Ғв•Үв”Ғв”Ғв”Ғв”Ғв•Үв”Ғв”Ғв”Ғв”Ғв•Үв”Ғв”Ғв”Ғв”Ғв•Үв”Ғв”Ғв”Ғв”Ғв•Үв”Ғв”Ғв”Ғв”Ғв•Үв”Ғв”Ғв”Ғв”Ғв•Үв”Ғв”Ғв”Ғв”©
в”Ӯ[90m [0m[90mFвҖҰ[0m[90m [0mв”Ӯ[91m [0m[91m6вҖҰ[0m[91m [0mв”Ӯ[92m [0m[92mFвҖҰ[0m[92m [0mв”Ӯ[38;5;44m [0m[38;5;44mFвҖҰ[0m[38;5;44m [0mв”Ӯ[93m [0m[93m64[0m[93m [0mв”Ӯ[94m [0m[94mTвҖҰ[0m[94m [0mв”Ӯ[95m [0m[95m1вҖҰ[0m[95m [0mв”Ӯ[96m [0m[96m0 [0m[96m [0mв”Ӯ[97m [0m[97m3 [0m[97m [0mв”Ӯ[38;5;179m [0m[38;5;179m20[0m[38;5;179m [0mв”Ӯ[38;5;41m [0m[38;5;41m64[0m[38;5;41m [0mв”Ӯ[38;5;187m [0m[38;5;187m5 [0m[38;5;187m [0mв”Ӯ[96m [0m[96m0вҖҰ[0m[96m [0mв”Ӯ[95m [0m[95mTвҖҰ[0m[95m [0mв”Ӯ[38;5;133m [0m[38;5;133mFвҖҰ[0m[38;5;133m [0mв”Ӯ[38;5;41m [0m[38;5;41mвҖҰ[0m[38;5;41m [0mв”Ӯ
в””в”Җв”Җв”Җв”Җв”ҙв”Җв”Җв”Җв”Җв”ҙв”Җв”Җв”Җв”Җв”ҙв”Җв”Җв”Җв”Җв”ҙв”Җв”Җв”Җв”Җв”ҙв”Җв”Җв”Җв”Җв”ҙв”Җв”Җв”Җв”Җв”ҙв”Җв”Җв”Җв”Җв”ҙв”Җв”Җв”Җв”Җв”ҙв”Җв”Җв”Җв”Җв”ҙв”Җв”Җв”Җв”Җв”ҙв”Җв”Җв”Җв”Җв”ҙв”Җв”Җв”Җв”Җв”ҙв”Җв”Җв”Җв”Җв”ҙв”Җв”Җв”Җв”Җв”ҙв”Җв”Җв”Җв”ҳ
[3m                                Last Checkpoint                                 [0m
в”Ҹв”Ғв”Ғв”Ғв”Ғв”Ғв”Ғв”Ғв”Ғв”Ғв”Ғв”Ғв”Ғв”Ғв”Ғв”Ғв”Ғв”Ғв”Ғв”Ғв”Ғв”Ғв”Ғв”ів”Ғв”Ғв”Ғв”Ғв”Ғв”Ғв”Ғв”Ғв”Ғв”Ғв”Ғв”ів”Ғв”Ғв”Ғв”Ғв”Ғв”Ғв”Ғв”ів”Ғв”Ғв”Ғв”Ғв”Ғв”Ғв”Ғв”Ғв”Ғв”Ғв”Ғв”Ғв”Ғв”ів”Ғв”Ғв”Ғв”Ғв”Ғв”Ғв”Ғв”Ғв”Ғв”Ғв”Ғв”Ғв”Ғв”Ғв”Ғв”Ғв”Ғв”Ғв”Ғв”Ғв”Ғв”“
в”ғ[1m [0m[1mCheckpoint          [0m[1m [0mв”ғ[1m [0m[1mname     [0m[1m [0mв”ғ[1m [0m[1mepoch[0m[1m [0mв”ғ[1m [0m[1mbest_loss  [0m[1m [0mв”ғ[1m [0m[1mSave Time          [0m[1m [0mв”ғ
в”Ўв”Ғв”Ғв”Ғв”Ғв”Ғв”Ғв”Ғв”Ғв”Ғв”Ғв”Ғв”Ғв”Ғв”Ғв”Ғв”Ғв”Ғв”Ғв”Ғв”Ғв”Ғв”Ғв•Үв”Ғв”Ғв”Ғв”Ғв”Ғв”Ғв”Ғв”Ғв”Ғв”Ғв”Ғв•Үв”Ғв”Ғв”Ғв”Ғв”Ғв”Ғв”Ғв•Үв”Ғв”Ғв”Ғв”Ғв”Ғв”Ғв”Ғв”Ғв”Ғв”Ғв”Ғв”Ғв”Ғв•Үв”Ғв”Ғв”Ғв”Ғв”Ғв”Ғв”Ғв”Ғв”Ғв”Ғв”Ғв”Ғв”Ғв”Ғв”Ғв”Ғв”Ғв”Ғв”Ғв”Ғв”Ғв”©
в”Ӯ[90m [0m[90m/mmhome/boittier/hoвҖҰ[0m[90m [0mв”Ӯ[91m [0m[91mepoch-555[0m[91m [0mв”Ӯ[92m [0m[92m555  [0m[92m [0mв”Ӯ[38;5;44m [0m[38;5;44m0.051339287[0m[38;5;44m [0mв”Ӯ[93m [0m[93m2026-05-23         [0m[93m [0mв”Ӯ
в”Ӯ[90m                      [0mв”Ӯ[91m           [0mв”Ӯ[92m       [0mв”Ӯ[38;5;44m             [0mв”Ӯ[93m [0m[93m15:07:21.263847    [0m[93m [0mв”Ӯ
в””в”Җв”Җв”Җв”Җв”Җв”Җв”Җв”Җв”Җв”Җв”Җв”Җв”Җв”Җв”Җв”Җв”Җв”Җв”Җв”Җв”Җв”Җв”ҙв”Җв”Җв”Җв”Җв”Җв”Җв”Җв”Җв”Җв”Җв”Җв”ҙв”Җв”Җв”Җв”Җв”Җв”Җв”Җв”ҙв”Җв”Җв”Җв”Җв”Җв”Җв”Җв”Җв”Җв”Җв”Җв”Җв”Җв”ҙв”Җв”Җв”Җв”Җв”Җв”Җв”Җв”Җв”Җв”Җв”Җв”Җв”Җв”Җв”Җв”Җв”Җв”Җв”Җв”Җв”Җв”ҳ
[setup_calculator] Model loaded: EF(
    # attributes
    features = 64
    max_degree = 0
    num_iterations = 5
    num_basis_functions = 64
    cutoff = 6.0
    max_atomic_number = 118
    charges = False
    natoms = 10
    total_charge = 0.0
    n_res = 3
    zbl = True
    debug = False
    efa = False
    use_energy_bias = True
    use_pbc = False
    include_electrostatics = True
)
[setup_calculator] Generic XLA GPU warmup (full hybrid warmup runs after PyCHARMM/CGENFF init)
Decomposed MLpot factory (setup_calculator return):
  factory=<function setup_calculator.<locals>.get_spherical_cutoff_calculator at 0x145589bdf2e0>
  module=mmml.interfaces.pycharmmInterface.mmml_calculator
  name=get_spherical_cutoff_calculator
  model_restart_path=/mmhome/boittier/home/mmml_tutorial/acodcm/ckpts/dcm1-c137fb42-1f65-4748-880b-8f8184a20f70
  n_monomers=90 atoms_per_monomer=[5, 5, 5, 5, 5, 5, 5, 5, 5, 5, 5, 5, 5, 5, 5, 5, 5, 5, 5, 5, 5, 5, 5, 5, 5, 5, 5, 5, 5, 5, 5, 5, 5, 5, 5, 5, 5, 5, 5, 5, 5, 5, 5, 5, 5, 5, 5, 5, 5, 5, 5, 5, 5, 5, 5, 5, 5, 5, 5, 5, 5, 5, 5, 5, 5, 5, 5, 5, 5, 5, 5, 5, 5, 5, 5, 5, 5, 5, 5, 5, 5, 5, 5, 5, 5, 5, 5, 5, 5, 5]
  MAX_ATOMS_PER_SYSTEM=10
  doML=True doMM=True doML_dimer=True
  ml_switch_width=1.5 mm_switch_on=8.0 mm_switch_width=5.0 complementary_handoff=True
  ml_batch_size=256 ml_gpu_count=1 ml_max_active_dimers=None
  cell=False
Decomposed MLpot spherical_fn=functools.partial(<PjitFunction of <function setup_calculator.<locals>.spherical_cutoff_calculator at 0x145589bdede0>>, doML=True, doMM=True, doML_dimer=True, debug=False) (JIT bind doML=True doMM=True doML_dimer=True)
Decomposed MLpot JAX warmup: 450 atoms, 90 monomers (ML+MM)
[mmml] hybrid JIT warmup complete (post-PyCHARMM delay-kernel calibration)
  
 CHARMM>     PRNLev 5
  
 CHARMM>    WRNLev 5
  
Decomposed MLpot JAX warmup complete
  
 CHARMM>     bomlev -2
  
 CHARMM>    wrnlev -2
  
  
 CHARMM>     PRNLev 5
  
 CHARMM>    WRNLev -2
  
CHARMM BLOCK: MLpot all-ML (450 atoms, bonded/ELEC/VDW off)
 DELTIC:       360 bonds deleted
 DELTIC:       540 angles deleted
 <MAKINB> with mode   5 found 101025 exclusions and      0 interactions(1-4)
 <MAKGRP> found   4005 group exclusions.
 <MAKGRP> found      0 image group exclusions.
 <MAKGRP> found      0 image group exclusions.
 <MAKINB> with mode   5 found 101025 exclusions and      0 interactions(1-4)
 <MAKGRP> found   4005 group exclusions.
 <MAKGRP> found      0 image group exclusions.
 <MAKGRP> found      0 image group exclusions.
  
 CHARMM>     update cutnb 18.0 -
 CHARMM>     ctonnb 13.0 -
 CHARMM>     ctofnb 17.0 -
 CHARMM>     eps 1.0 -
 CHARMM>     cdie -
 CHARMM>     atom -
 CHARMM>     vatom -
 CHARMM>     fswitch -
 CHARMM>     vfswitch -
 CHARMM>     nbxmod 5

 SELECTED IMAGES ATOMS BEING CENTERED ABOUT  0.000000  0.000000  0.000000

 <MKIMAT2>: updating the image atom lists and remapping
 Transformation   Atoms  Groups  Residues  Min-Distance
    1  N1N1N1R1 has       0       0       0      243.28
    2  N1Z0N1R1 has       0       0       0      187.76
    3  N1P1N1R1 has       0       0       0      237.72
    4  Z0N1N1R1 has       0       0       0      194.03
    5  Z0Z0N1R1 has       0       0       0      127.28
    6  Z0P1N1R1 has       0       0       0      188.90
    7  N1N1Z0R1 has       0       0       0      188.39
    8  N1Z0Z0R1 has       0       0       0      127.16
    9  N1P1Z0R1 has       0       0       0      189.82
   10  Z0N1Z0R1 has       0       0       0      125.49
   12  N1N1P1R1 has       0       0       0      238.69
   13  N1Z0P1R1 has       0       0       0      191.53
   14  N1P1P1R1 has       0       0       0      238.25
 Total of  450 atoms and   90 groups and   90 residues were included

 <MKIMNB_MLPOT> found      0 exclusions and      0 interactions(ml-iml)
 <MAKGRP> found      0 image group exclusions.

 NONBOND OPTION FLAGS: 
     ELEC     VDW      ATOMs    CDIElec  FSWItch  VATOm    VFSWIt  
     BYGRoup  NOEXtnd  NOEWald 
 CUTNB  = 18.000 CTEXNB =999.000 CTONNB = 13.000 CTOFNB = 17.000
 CGONNB =  0.000 CGOFNB = 10.000
 WMIN   =  1.500 WRNMXD =  0.500 E14FAC =  1.000 EPS    =  1.000
 NBXMOD =      5
 There are        0 atom  pairs and   101025 atom  exclusions.
 There are        0 group pairs and     4005 group exclusions.
 Generating nonbond list with Exclusion mode = 5
 == PRIMARY == SPACE FOR   100801 ATOM PAIRS AND        0 GROUP PAIRS

 General atom nonbond list generation found:
        0 ATOM PAIRS WERE FOUND FOR ATOM LIST
      585 GROUP PAIRS REQUIRED ATOM SEARCHES

 SPACE FOR      482 ATOM PAIRS AND        0 GROUP PAIRS

 Image nonbond list generation found:
        0 ATOM PAIRS WERE FOUND FOR ATOM LIST
        0 ATOM PAIRS WERE FOUND FOR ATOM SELF LIST
        0 GROUP PAIRS REQUIRED ATOM SEARCHES

 PRNHBD: CUToff Hydrogen Bond  distance =    0.5000   Angle =   90.0000
         CuT switching ON HB dist. =     3.5000  OFf HB dist. =    4.0000
         CuT switching ON Hb Angle =    50.0000  OFf Hb Angle =   70.0000
         ACCEptor antecedents included
         All hydrogen bonds for each hydrogen will be found
         Hydrogen bonds between excluded atoms will be kept

 HBFIND-exclusions:      0 due to distance cutoff,       0 due to angle cutoff
                         0 primary donor to image acceptor hbonds found
 HBFIND-exclusions:      0 due to distance cutoff,       0 due to angle cutoff
                         0 image donor to primary acceptor hbonds found
                         0 unique image hbonds found
 HBEDIT-deletions:       0 due to duplications,          0 due to best-option,
                         0 due to fixed atoms,           0 due to exclusions
 HBEDIT: currently     0 hydrogen bonds present
  
 CHARMM>     
  
  
 CHARMM>     bomlev -2
  
 CHARMM>    wrnlev 5
  
