gpu25
Thu Sep 26 19:46:09 2024       
+-----------------------------------------------------------------------------------------+
| NVIDIA-SMI 550.107.02             Driver Version: 550.107.02     CUDA Version: 12.4     |
|-----------------------------------------+------------------------+----------------------+
| GPU  Name                 Persistence-M | Bus-Id          Disp.A | Volatile Uncorr. ECC |
| Fan  Temp   Perf          Pwr:Usage/Cap |           Memory-Usage | GPU-Util  Compute M. |
|                                         |                        |               MIG M. |
|=========================================+========================+======================|
|   0  NVIDIA GeForce RTX 3090 Ti     On  |   00000000:02:00.0 Off |                  Off |
| 30%   26C    P8             30W /  480W |       2MiB /  24564MiB |      0%   E. Process |
|                                         |                        |                  N/A |
+-----------------------------------------+------------------------+----------------------+
                                                                                         
+-----------------------------------------------------------------------------------------+
| Processes:                                                                              |
|  GPU   GI   CI        PID   Type   Process name                              GPU Memory |
|        ID   ID                                                               Usage      |
|=========================================================================================|
|  No running processes found                                                             |
+-----------------------------------------------------------------------------------------+
no change     /pchem-data/meuwly/boittier/home/miniforge3/condabin/conda
no change     /pchem-data/meuwly/boittier/home/miniforge3/bin/conda
no change     /pchem-data/meuwly/boittier/home/miniforge3/bin/conda-env
no change     /pchem-data/meuwly/boittier/home/miniforge3/bin/activate
no change     /pchem-data/meuwly/boittier/home/miniforge3/bin/deactivate
no change     /pchem-data/meuwly/boittier/home/miniforge3/etc/profile.d/conda.sh
no change     /pchem-data/meuwly/boittier/home/miniforge3/etc/fish/conf.d/conda.fish
no change     /pchem-data/meuwly/boittier/home/miniforge3/shell/condabin/Conda.psm1
no change     /pchem-data/meuwly/boittier/home/miniforge3/shell/condabin/conda-hook.ps1
no change     /pchem-data/meuwly/boittier/home/miniforge3/lib/python3.12/site-packages/xontrib/conda.xsh
no change     /pchem-data/meuwly/boittier/home/miniforge3/etc/profile.d/conda.csh
no change     /pchem-data/meuwly/boittier/home/.bashrc
No action taken.

/pchem-data/meuwly/boittier/home/miniforge3/envs/jaxe3xcuda11p39/bin/python
GPU ID: 0
[cuda(id=0)]
2024-09-26 19:50:24.785060: W external/xla/xla/service/gpu/gemm_fusion_autotuner.cc:807] Compiling 15 configs for gemm_fusion_dot.2 on a single thread.
2024-09-26 19:50:28.300678: W external/xla/xla/service/gpu/gemm_fusion_autotuner.cc:807] Compiling 25 configs for gemm_fusion_dot.2 on a single thread.
2024-09-26 19:50:37.973752: W external/xla/xla/service/gpu/gemm_fusion_autotuner.cc:807] Compiling 19 configs for gemm_fusion_dot.2 on a single thread.
2024-09-26 19:51:21.491834: W external/xla/xla/service/gpu/gemm_fusion_autotuner.cc:810] Compiling 122 configs for 10 fusions on a single thread.
