gpu25
Thu Sep 26 19:39:17 2024       
+-----------------------------------------------------------------------------------------+
| NVIDIA-SMI 550.107.02             Driver Version: 550.107.02     CUDA Version: 12.4     |
|-----------------------------------------+------------------------+----------------------+
| GPU  Name                 Persistence-M | Bus-Id          Disp.A | Volatile Uncorr. ECC |
| Fan  Temp   Perf          Pwr:Usage/Cap |           Memory-Usage | GPU-Util  Compute M. |
|                                         |                        |               MIG M. |
|=========================================+========================+======================|
|   0  NVIDIA GeForce RTX 3090 Ti     On  |   00000000:02:00.0 Off |                  Off |
| 30%   25C    P8             32W /  480W |       2MiB /  24564MiB |      0%   E. Process |
|                                         |                        |                  N/A |
+-----------------------------------------+------------------------+----------------------+
                                                                                         
+-----------------------------------------------------------------------------------------+
| Processes:                                                                              |
|  GPU   GI   CI        PID   Type   Process name                              GPU Memory |
|        ID   ID                                                               Usage      |
|=========================================================================================|
|  No running processes found                                                             |
+-----------------------------------------------------------------------------------------+
no change     /pchem-data/meuwly/boittier/home/miniforge3/condabin/conda
no change     /pchem-data/meuwly/boittier/home/miniforge3/bin/conda
no change     /pchem-data/meuwly/boittier/home/miniforge3/bin/conda-env
no change     /pchem-data/meuwly/boittier/home/miniforge3/bin/activate
no change     /pchem-data/meuwly/boittier/home/miniforge3/bin/deactivate
no change     /pchem-data/meuwly/boittier/home/miniforge3/etc/profile.d/conda.sh
no change     /pchem-data/meuwly/boittier/home/miniforge3/etc/fish/conf.d/conda.fish
no change     /pchem-data/meuwly/boittier/home/miniforge3/shell/condabin/Conda.psm1
no change     /pchem-data/meuwly/boittier/home/miniforge3/shell/condabin/conda-hook.ps1
no change     /pchem-data/meuwly/boittier/home/miniforge3/lib/python3.12/site-packages/xontrib/conda.xsh
no change     /pchem-data/meuwly/boittier/home/miniforge3/etc/profile.d/conda.csh
no change     /pchem-data/meuwly/boittier/home/.bashrc
No action taken.
.95
0
/pchem-data/meuwly/boittier/home/miniforge3/envs/jaxe3xcuda11p39/bin/python
GPU ID: 0
[CpuDevice(id=0)]
args:
data_dir = /pchem-data/meuwly/boittier/home/jaxeq/
model_dir = model
num_epochs = 5000
learning_rate = 0.001
batch_size = 1
esp_w = 10000.0
num_epics = 1
n_feat = 16
n_basis = 16
max_degree = 2
n_mp = 2
restart = None
random_seed = 8201
n_dcm = 2
n_gpu = 0
data = qm9-esp40000-0.npz
n_train = 1000
n_valid = 1000
type = dipole
include_pseudotensors = True
[CpuDevice(id=0)]
cpu
[CpuDevice(id=0)]
['/pchem-data/meuwly/boittier/home/jaxeq/dcmnet', '/pchem-data/meuwly/boittier/home/miniforge3/envs/jaxe3xcuda11p39/lib/python39.zip', '/pchem-data/meuwly/boittier/home/miniforge3/envs/jaxe3xcuda11p39/lib/python3.9', '/pchem-data/meuwly/boittier/home/miniforge3/envs/jaxe3xcuda11p39/lib/python3.9/lib-dynload', '/pchem-data/meuwly/boittier/home/miniforge3/envs/jaxe3xcuda11p39/lib/python3.9/site-packages', '/pchem-data/meuwly/boittier/home/jaxeq']
R (6907, 60, 3)
Z (6907, 60)
N (6907,)
D (6907,)
com (6907, 3)
Dxyz (6907, 3)
mono (6907, 60, 1)
esp (6907, 3200)
id (6907,)
n_grid (6907,)
vdw_surface (6907, 3200, 3)
n_failed: 286
714 1000
creating_mask
6621
