args:
data_dir = data
model_dir = model
num_epochs = 100
learning_rate = 0.0001
batch_size = 16
esp_w = 0.0
num_epics = 100
restart = None
random_seed = 0
n_dcm = 1
n_gpu = 1
[cuda(id=0)]
gpu
[cuda(id=0)]
R (20000, 60, 3)
Z (20000, 60)
N (20000,)
mono (20000, 60, 1)
esp (20000, 3163)
n_grid (20000,)
vdw_surface (20000, 3163, 3)
20000
...
...
atomic_numbers (16384, 60)
ngrid (16384,)
positions (16384, 60, 3)
mono (16384, 60, 1)
esp (16384, 3163)
vdw_surface (16384, 3163, 3)
...
atomic_numbers (2048, 60)
positions (2048, 60, 3)
mono (2048, 60, 1)
ngrid (2048,)
esp (2048, 3163)
vdw_surface (2048, 3163, 3)
epic 0
Preparing batches
..................
epoch:   1      train:   valid:
    loss [a.u.]              7.191e+00  4.726e-01
epoch:   2      train:   valid:
    loss [a.u.]              1.350e+00  4.593e-01
epoch:   3      train:   valid:
    loss [a.u.]              3.315e-01  9.900e-01
epoch:   4      train:   valid:
    loss [a.u.]              3.846e-01  9.509e-02
epoch:   5      train:   valid:
    loss [a.u.]              6.331e-02  6.423e-02
epoch:   6      train:   valid:
    loss [a.u.]              1.609e-01  5.693e-02
epoch:   7      train:   valid:
    loss [a.u.]              3.889e-02  8.394e-02
epoch:   8      train:   valid:
    loss [a.u.]              5.799e-02  2.020e-02
epoch:   9      train:   valid:
    loss [a.u.]              5.272e-01  3.663e-02
epoch:  10      train:   valid:
    loss [a.u.]              4.615e-02  3.178e-02
epoch:  11      train:   valid:
    loss [a.u.]              8.610e-02  2.546e-02
epoch:  12      train:   valid:
    loss [a.u.]              4.496e-02  2.205e-02
epoch:  13      train:   valid:
    loss [a.u.]              1.762e-02  1.720e-02
epoch:  14      train:   valid:
    loss [a.u.]              1.623e-02  1.501e-02
epoch:  15      train:   valid:
    loss [a.u.]              1.678e-02  1.390e-02
epoch:  16      train:   valid:
    loss [a.u.]              1.497e-02  1.433e-02
epoch:  17      train:   valid:
    loss [a.u.]              1.360e-02  1.181e-02
epoch:  18      train:   valid:
    loss [a.u.]              1.710e-02  1.329e-02
epoch:  19      train:   valid:
    loss [a.u.]              1.786e-02  1.212e-02
epoch:  20      train:   valid:
    loss [a.u.]              1.183e-02  1.273e-02
epoch:  21      train:   valid:
    loss [a.u.]              1.955e-02  1.089e-02
epoch:  22      train:   valid:
    loss [a.u.]              4.269e-02  2.339e-02
epoch:  23      train:   valid:
    loss [a.u.]              1.333e-02  1.187e-02
epoch:  24      train:   valid:
    loss [a.u.]              1.005e-02  1.102e-02
epoch:  25      train:   valid:
    loss [a.u.]              1.005e-02  1.056e-02
epoch:  26      train:   valid:
    loss [a.u.]              1.051e-02  1.059e-02
epoch:  27      train:   valid:
    loss [a.u.]              9.809e-03  9.571e-03
epoch:  28      train:   valid:
    loss [a.u.]              8.888e-03  9.902e-03
epoch:  29      train:   valid:
    loss [a.u.]              8.759e-03  8.869e-03
epoch:  30      train:   valid:
    loss [a.u.]              7.761e-03  8.134e-03
epoch:  31      train:   valid:
    loss [a.u.]              7.479e-03  7.786e-03
epoch:  32      train:   valid:
    loss [a.u.]              7.598e-03  7.032e-03
epoch:  33      train:   valid:
    loss [a.u.]              7.087e-03  7.132e-03
epoch:  34      train:   valid:
    loss [a.u.]              6.505e-03  7.534e-03
epoch:  35      train:   valid:
    loss [a.u.]              6.531e-03  6.487e-03
epoch:  36      train:   valid:
    loss [a.u.]              6.180e-03  6.033e-03
epoch:  37      train:   valid:
    loss [a.u.]              5.885e-03  6.006e-03
epoch:  38      train:   valid:
    loss [a.u.]              5.864e-03  5.802e-03
epoch:  39      train:   valid:
    loss [a.u.]              5.698e-03  1.024e-02
epoch:  40      train:   valid:
    loss [a.u.]              5.477e-03  5.971e-03
epoch:  41      train:   valid:
    loss [a.u.]              5.387e-03  5.232e-03
epoch:  42      train:   valid:
    loss [a.u.]              5.051e-03  5.172e-03
epoch:  43      train:   valid:
    loss [a.u.]              5.314e-03  5.022e-03
epoch:  44      train:   valid:
    loss [a.u.]              5.053e-03  4.864e-03
epoch:  45      train:   valid:
    loss [a.u.]              4.685e-03  4.940e-03
epoch:  46      train:   valid:
    loss [a.u.]              4.668e-03  4.806e-03
epoch:  47      train:   valid:
    loss [a.u.]              4.644e-03  4.713e-03
epoch:  48      train:   valid:
    loss [a.u.]              4.249e-03  4.571e-03
epoch:  49      train:   valid:
    loss [a.u.]              4.231e-03  3.922e-03
epoch:  50      train:   valid:
    loss [a.u.]              3.721e-03  3.773e-03
epoch:  51      train:   valid:
    loss [a.u.]              3.715e-03  3.506e-03
epoch:  52      train:   valid:
    loss [a.u.]              3.356e-03  3.641e-03
epoch:  53      train:   valid:
    loss [a.u.]              3.098e-03  2.821e-03
epoch:  54      train:   valid:
    loss [a.u.]              2.785e-03  3.777e-03
epoch:  55      train:   valid:
    loss [a.u.]              2.722e-03  2.531e-03
epoch:  56      train:   valid:
    loss [a.u.]              2.387e-03  2.437e-03
epoch:  57      train:   valid:
    loss [a.u.]              2.313e-03  2.921e-03
epoch:  58      train:   valid:
    loss [a.u.]              2.139e-03  2.403e-03
epoch:  59      train:   valid:
    loss [a.u.]              2.105e-03  2.627e-03
epoch:  60      train:   valid:
    loss [a.u.]              2.111e-03  2.175e-03
epoch:  61      train:   valid:
    loss [a.u.]              2.005e-03  2.042e-03
epoch:  62      train:   valid:
    loss [a.u.]              1.917e-03  2.152e-03
epoch:  63      train:   valid:
    loss [a.u.]              1.964e-03  2.235e-03
epoch:  64      train:   valid:
    loss [a.u.]              1.772e-03  2.189e-03
epoch:  65      train:   valid:
    loss [a.u.]              1.802e-03  1.838e-03
epoch:  66      train:   valid:
    loss [a.u.]              1.728e-03  1.726e-03
epoch:  67      train:   valid:
    loss [a.u.]              1.750e-03  1.632e-03
epoch:  68      train:   valid:
    loss [a.u.]              1.816e-03  1.542e-03
epoch:  69      train:   valid:
    loss [a.u.]              1.704e-03  1.761e-03
epoch:  70      train:   valid:
    loss [a.u.]              1.628e-03  1.532e-03
epoch:  71      train:   valid:
    loss [a.u.]              1.574e-03  1.516e-03
epoch:  72      train:   valid:
    loss [a.u.]              1.517e-03  2.213e-03
epoch:  73      train:   valid:
    loss [a.u.]              1.688e-03  1.731e-03
epoch:  74      train:   valid:
    loss [a.u.]              1.534e-03  1.778e-03
epoch:  75      train:   valid:
    loss [a.u.]              1.522e-03  1.432e-03
epoch:  76      train:   valid:
    loss [a.u.]              1.548e-03  1.540e-03
epoch:  77      train:   valid:
    loss [a.u.]              1.548e-03  1.378e-03
epoch:  78      train:   valid:
    loss [a.u.]              1.526e-03  2.230e-03
epoch:  79      train:   valid:
    loss [a.u.]              1.398e-03  1.425e-03
epoch:  80      train:   valid:
    loss [a.u.]              1.417e-03  1.656e-03
epoch:  81      train:   valid:
    loss [a.u.]              1.472e-03  1.330e-03
epoch:  82      train:   valid:
    loss [a.u.]              1.369e-03  1.510e-03
epoch:  83      train:   valid:
    loss [a.u.]              1.333e-03  1.365e-03
epoch:  84      train:   valid:
    loss [a.u.]              1.419e-03  1.350e-03
epoch:  85      train:   valid:
    loss [a.u.]              1.408e-03  1.335e-03
epoch:  86      train:   valid:
    loss [a.u.]              1.394e-03  1.248e-03
epoch:  87      train:   valid:
    loss [a.u.]              1.369e-03  1.389e-03
epoch:  88      train:   valid:
    loss [a.u.]              1.248e-03  1.274e-03
epoch:  89      train:   valid:
    loss [a.u.]              1.348e-03  1.200e-03
epoch:  90      train:   valid:
    loss [a.u.]              1.308e-03  1.249e-03
epoch:  91      train:   valid:
    loss [a.u.]              1.288e-03  1.243e-03
epoch:  92      train:   valid:
    loss [a.u.]              1.286e-03  1.252e-03
epoch:  93      train:   valid:
    loss [a.u.]              1.208e-03  1.269e-03
epoch:  94      train:   valid:
    loss [a.u.]              1.233e-03  1.491e-03
epoch:  95      train:   valid:
    loss [a.u.]              1.282e-03  1.111e-03
epoch:  96      train:   valid:
    loss [a.u.]              1.238e-03  1.302e-03
epoch:  97      train:   valid:
    loss [a.u.]              1.115e-03  1.172e-03
epoch:  98      train:   valid:
    loss [a.u.]              1.176e-03  9.808e-04
epoch:  99      train:   valid:
    loss [a.u.]              1.185e-03  9.813e-04
epoch:  100      train:   valid:
    loss [a.u.]              1.170e-03  1.068e-03
epic 1
Preparing batches
..................
epoch:   1      train:   valid:
    loss [a.u.]              7.212e+00  4.718e-01
epoch:   2      train:   valid:
    loss [a.u.]              1.447e+00  3.947e-01
epoch:   3      train:   valid:
    loss [a.u.]              7.188e-01  9.990e-02
epoch:   4      train:   valid:
    loss [a.u.]              1.521e-01  7.987e-02
epoch:   5      train:   valid:
    loss [a.u.]              1.350e-01  6.703e-01
epoch:   6      train:   valid:
    loss [a.u.]              3.327e-01  4.463e-02
epoch:   7      train:   valid:
    loss [a.u.]              3.204e-02  2.583e-02
