args:
data_dir = data
model_dir = model
num_epochs = 100
learning_rate = 0.0001
batch_size = 16
esp_w = 10.0
num_epics = 100
restart = None
random_seed = 0
n_dcm = 1
n_gpu = 1
[cuda(id=0)]
gpu
[cuda(id=0)]
R (20000, 60, 3)
Z (20000, 60)
N (20000,)
mono (20000, 60, 1)
esp (20000, 3163)
n_grid (20000,)
vdw_surface (20000, 3163, 3)
20000
...
...
atomic_numbers (16384, 60)
ngrid (16384,)
positions (16384, 60, 3)
mono (16384, 60, 1)
esp (16384, 3163)
vdw_surface (16384, 3163, 3)
...
atomic_numbers (2048, 60)
positions (2048, 60, 3)
mono (2048, 60, 1)
ngrid (2048,)
esp (2048, 3163)
vdw_surface (2048, 3163, 3)
epic 0
Preparing batches
..................
epoch:   1      train:   valid:
    loss [a.u.]              1.270e+01  1.787e+00
epoch:   2      train:   valid:
    loss [a.u.]              2.085e+00  2.809e+00
epoch:   3      train:   valid:
    loss [a.u.]              2.399e-01  1.029e+00
epoch:   4      train:   valid:
    loss [a.u.]              1.806e-01  9.798e-02
epoch:   5      train:   valid:
    loss [a.u.]              8.712e-02  7.199e-02
epoch:   6      train:   valid:
    loss [a.u.]              1.240e-01  5.699e-02
epoch:   7      train:   valid:
    loss [a.u.]              6.484e-02  4.947e-02
epoch:   8      train:   valid:
    loss [a.u.]              4.142e-02  5.285e-02
epoch:   9      train:   valid:
    loss [a.u.]              1.008e-01  4.124e-02
epoch:  10      train:   valid:
    loss [a.u.]              5.974e-02  3.438e-02
epoch:  11      train:   valid:
    loss [a.u.]              7.516e-02  3.116e-02
epoch:  12      train:   valid:
    loss [a.u.]              3.258e-02  2.960e-02
epoch:  13      train:   valid:
    loss [a.u.]              2.564e-02  2.357e-02
epoch:  14      train:   valid:
    loss [a.u.]              2.234e-02  2.211e-02
epoch:  15      train:   valid:
    loss [a.u.]              2.450e-02  2.066e-02
epoch:  16      train:   valid:
    loss [a.u.]              1.720e-02  1.767e-02
epoch:  17      train:   valid:
    loss [a.u.]              1.727e-02  1.564e-02
epoch:  18      train:   valid:
    loss [a.u.]              1.591e-02  1.619e-02
epoch:  19      train:   valid:
    loss [a.u.]              1.565e-02  1.427e-02
epoch:  20      train:   valid:
    loss [a.u.]              1.424e-02  1.491e-02
epoch:  21      train:   valid:
    loss [a.u.]              1.605e-02  1.445e-02
epoch:  22      train:   valid:
    loss [a.u.]              1.615e-02  1.295e-02
epoch:  23      train:   valid:
    loss [a.u.]              1.143e-02  1.211e-02
epoch:  24      train:   valid:
    loss [a.u.]              1.091e-02  1.304e-02
epoch:  25      train:   valid:
    loss [a.u.]              1.124e-02  1.199e-02
epoch:  26      train:   valid:
    loss [a.u.]              1.106e-02  1.237e-02
epoch:  27      train:   valid:
    loss [a.u.]              1.041e-02  1.107e-02
epoch:  28      train:   valid:
    loss [a.u.]              1.025e-02  1.085e-02
epoch:  29      train:   valid:
    loss [a.u.]              1.061e-02  1.022e-02
epoch:  30      train:   valid:
    loss [a.u.]              8.999e-03  9.197e-03
epoch:  31      train:   valid:
    loss [a.u.]              8.650e-03  8.919e-03
epoch:  32      train:   valid:
    loss [a.u.]              8.724e-03  8.555e-03
epoch:  33      train:   valid:
    loss [a.u.]              8.225e-03  8.082e-03
epoch:  34      train:   valid:
    loss [a.u.]              7.539e-03  7.729e-03
epoch:  35      train:   valid:
    loss [a.u.]              7.366e-03  7.420e-03
epoch:  36      train:   valid:
    loss [a.u.]              7.162e-03  7.315e-03
epoch:  37      train:   valid:
    loss [a.u.]              6.862e-03  7.238e-03
epoch:  38      train:   valid:
    loss [a.u.]              6.528e-03  6.703e-03
epoch:  39      train:   valid:
    loss [a.u.]              6.479e-03  8.208e-03
epoch:  40      train:   valid:
    loss [a.u.]              6.253e-03  8.006e-03
epoch:  41      train:   valid:
    loss [a.u.]              5.712e-03  5.819e-03
epoch:  42      train:   valid:
    loss [a.u.]              5.367e-03  5.719e-03
epoch:  43      train:   valid:
    loss [a.u.]              5.313e-03  5.363e-03
epoch:  44      train:   valid:
    loss [a.u.]              5.098e-03  4.839e-03
epoch:  45      train:   valid:
    loss [a.u.]              4.576e-03  4.518e-03
epoch:  46      train:   valid:
    loss [a.u.]              4.297e-03  4.351e-03
epoch:  47      train:   valid:
    loss [a.u.]              4.287e-03  4.346e-03
epoch:  48      train:   valid:
    loss [a.u.]              4.045e-03  4.371e-03
epoch:  49      train:   valid:
    loss [a.u.]              3.877e-03  4.676e-03
epoch:  50      train:   valid:
    loss [a.u.]              3.451e-03  3.454e-03
epoch:  51      train:   valid:
    loss [a.u.]              3.653e-03  3.479e-03
epoch:  52      train:   valid:
    loss [a.u.]              3.403e-03  5.300e-03
epoch:  53      train:   valid:
    loss [a.u.]              3.424e-03  3.219e-03
epoch:  54      train:   valid:
    loss [a.u.]              3.328e-03  4.997e-03
epoch:  55      train:   valid:
    loss [a.u.]              3.196e-03  3.294e-03
epoch:  56      train:   valid:
    loss [a.u.]              3.065e-03  2.878e-03
epoch:  57      train:   valid:
    loss [a.u.]              2.975e-03  3.847e-03
epoch:  58      train:   valid:
    loss [a.u.]              2.786e-03  2.755e-03
epoch:  59      train:   valid:
    loss [a.u.]              2.823e-03  2.780e-03
epoch:  60      train:   valid:
    loss [a.u.]              2.908e-03  2.721e-03
epoch:  61      train:   valid:
    loss [a.u.]              2.737e-03  2.755e-03
epoch:  62      train:   valid:
    loss [a.u.]              2.630e-03  2.519e-03
epoch:  63      train:   valid:
    loss [a.u.]              2.660e-03  3.039e-03
epoch:  64      train:   valid:
    loss [a.u.]              2.570e-03  2.465e-03
epoch:  65      train:   valid:
    loss [a.u.]              2.456e-03  2.344e-03
epoch:  66      train:   valid:
    loss [a.u.]              2.366e-03  2.256e-03
epoch:  67      train:   valid:
    loss [a.u.]              2.426e-03  2.327e-03
epoch:  68      train:   valid:
    loss [a.u.]              2.447e-03  2.325e-03
epoch:  69      train:   valid:
    loss [a.u.]              2.395e-03  2.292e-03
epoch:  70      train:   valid:
    loss [a.u.]              2.280e-03  2.168e-03
epoch:  71      train:   valid:
    loss [a.u.]              2.249e-03  2.408e-03
epoch:  72      train:   valid:
    loss [a.u.]              2.199e-03  2.340e-03
epoch:  73      train:   valid:
    loss [a.u.]              2.281e-03  2.237e-03
epoch:  74      train:   valid:
    loss [a.u.]              2.217e-03  2.245e-03
epoch:  75      train:   valid:
    loss [a.u.]              2.176e-03  1.985e-03
epoch:  76      train:   valid:
    loss [a.u.]              2.192e-03  2.134e-03
epoch:  77      train:   valid:
    loss [a.u.]              2.170e-03  2.198e-03
epoch:  78      train:   valid:
    loss [a.u.]              2.145e-03  2.119e-03
epoch:  79      train:   valid:
    loss [a.u.]              2.046e-03  1.928e-03
epoch:  80      train:   valid:
    loss [a.u.]              2.022e-03  1.977e-03
epoch:  81      train:   valid:
    loss [a.u.]              2.005e-03  2.180e-03
epoch:  82      train:   valid:
    loss [a.u.]              1.992e-03  1.946e-03
epoch:  83      train:   valid:
    loss [a.u.]              1.950e-03  2.169e-03
epoch:  84      train:   valid:
    loss [a.u.]              2.006e-03  1.869e-03
epoch:  85      train:   valid:
    loss [a.u.]              2.009e-03  2.086e-03
epoch:  86      train:   valid:
    loss [a.u.]              1.923e-03  2.066e-03
epoch:  87      train:   valid:
    loss [a.u.]              1.861e-03  1.982e-03
epoch:  88      train:   valid:
    loss [a.u.]              1.785e-03  1.818e-03
epoch:  89      train:   valid:
    loss [a.u.]              1.918e-03  1.892e-03
epoch:  90      train:   valid:
    loss [a.u.]              1.799e-03  1.773e-03
epoch:  91      train:   valid:
    loss [a.u.]              1.869e-03  1.777e-03
epoch:  92      train:   valid:
    loss [a.u.]              1.862e-03  1.676e-03
epoch:  93      train:   valid:
    loss [a.u.]              1.715e-03  2.007e-03
epoch:  94      train:   valid:
    loss [a.u.]              1.785e-03  1.859e-03
epoch:  95      train:   valid:
    loss [a.u.]              1.771e-03  1.690e-03
epoch:  96      train:   valid:
    loss [a.u.]              1.741e-03  1.783e-03
epoch:  97      train:   valid:
    loss [a.u.]              1.675e-03  1.722e-03
epoch:  98      train:   valid:
    loss [a.u.]              1.714e-03  1.841e-03
epoch:  99      train:   valid:
    loss [a.u.]              1.715e-03  1.571e-03
epoch:  100      train:   valid:
    loss [a.u.]              1.632e-03  1.628e-03
epic 1
Preparing batches
..................
epoch:   1      train:   valid:
    loss [a.u.]              1.279e+01  1.787e+00
epoch:   2      train:   valid:
    loss [a.u.]              2.103e+00  2.764e+00
epoch:   3      train:   valid:
    loss [a.u.]              2.441e-01  1.042e+00
epoch:   4      train:   valid:
    loss [a.u.]              1.843e-01  9.912e-02
