args:
data_dir = data
model_dir = model
num_epochs = 100
learning_rate = 0.0001
batch_size = 16
esp_w = 10.0
num_epics = 100
restart = None
random_seed = 0
n_dcm = 2
n_gpu = 0
[cuda(id=0)]
gpu
[cuda(id=0)]
R (20000, 60, 3)
Z (20000, 60)
N (20000,)
mono (20000, 60, 1)
esp (20000, 3163)
n_grid (20000,)
vdw_surface (20000, 3163, 3)
20000
...
...
atomic_numbers (16384, 60)
ngrid (16384,)
positions (16384, 60, 3)
mono (16384, 60, 1)
esp (16384, 3163)
vdw_surface (16384, 3163, 3)
...
atomic_numbers (2048, 60)
positions (2048, 60, 3)
mono (2048, 60, 1)
ngrid (2048,)
esp (2048, 3163)
vdw_surface (2048, 3163, 3)
epic 0
Preparing batches
..................
epoch:   1      train:   valid:
    loss [a.u.]              1.546e+02  8.208e+00
epoch:   2      train:   valid:
    loss [a.u.]              9.165e+00  3.014e+01
epoch:   3      train:   valid:
    loss [a.u.]              4.767e+00  3.212e+00
epoch:   4      train:   valid:
    loss [a.u.]              1.311e+00  6.401e-01
epoch:   5      train:   valid:
    loss [a.u.]              8.376e-01  3.910e-01
epoch:   6      train:   valid:
    loss [a.u.]              6.400e-01  3.058e-01
epoch:   7      train:   valid:
    loss [a.u.]              4.651e-01  2.318e-01
epoch:   8      train:   valid:
    loss [a.u.]              4.046e-01  7.063e-01
epoch:   9      train:   valid:
    loss [a.u.]              4.180e-01  7.990e-02
epoch:  10      train:   valid:
    loss [a.u.]              1.278e-01  6.127e-02
epoch:  11      train:   valid:
    loss [a.u.]              7.234e-02  5.169e-02
epoch:  12      train:   valid:
    loss [a.u.]              1.008e-01  5.731e-02
epoch:  13      train:   valid:
    loss [a.u.]              3.990e-02  3.430e-02
epoch:  14      train:   valid:
    loss [a.u.]              5.710e-02  3.130e-02
epoch:  15      train:   valid:
    loss [a.u.]              3.360e-02  2.417e-02
epoch:  16      train:   valid:
    loss [a.u.]              2.125e-02  2.243e-02
epoch:  17      train:   valid:
    loss [a.u.]              2.150e-02  1.849e-02
epoch:  18      train:   valid:
    loss [a.u.]              6.076e-02  2.489e-02
epoch:  19      train:   valid:
    loss [a.u.]              2.016e-02  1.889e-02
epoch:  20      train:   valid:
    loss [a.u.]              1.922e-02  1.748e-02
epoch:  21      train:   valid:
    loss [a.u.]              1.580e-02  1.561e-02
epoch:  22      train:   valid:
    loss [a.u.]              1.532e-02  1.585e-02
epoch:  23      train:   valid:
    loss [a.u.]              1.368e-02  1.508e-02
epoch:  24      train:   valid:
    loss [a.u.]              1.328e-02  1.779e-02
epoch:  25      train:   valid:
    loss [a.u.]              1.373e-02  1.390e-02
epoch:  26      train:   valid:
    loss [a.u.]              1.274e-02  1.219e-02
epoch:  27      train:   valid:
    loss [a.u.]              1.470e-02  1.308e-02
epoch:  28      train:   valid:
    loss [a.u.]              1.182e-02  1.081e-02
epoch:  29      train:   valid:
    loss [a.u.]              1.105e-02  1.047e-02
epoch:  30      train:   valid:
    loss [a.u.]              9.876e-03  9.913e-03
epoch:  31      train:   valid:
    loss [a.u.]              9.177e-03  1.037e-02
epoch:  32      train:   valid:
    loss [a.u.]              9.465e-03  8.175e-03
epoch:  33      train:   valid:
    loss [a.u.]              8.611e-03  8.530e-03
epoch:  34      train:   valid:
    loss [a.u.]              7.834e-03  8.345e-03
epoch:  35      train:   valid:
    loss [a.u.]              7.574e-03  7.364e-03
epoch:  36      train:   valid:
    loss [a.u.]              7.230e-03  7.169e-03
epoch:  37      train:   valid:
    loss [a.u.]              6.937e-03  7.061e-03
epoch:  38      train:   valid:
    loss [a.u.]              6.566e-03  6.364e-03
epoch:  39      train:   valid:
    loss [a.u.]              6.426e-03  8.571e-03
epoch:  40      train:   valid:
    loss [a.u.]              6.165e-03  8.949e-03
epoch:  41      train:   valid:
    loss [a.u.]              5.801e-03  5.649e-03
epoch:  42      train:   valid:
    loss [a.u.]              5.315e-03  5.433e-03
epoch:  43      train:   valid:
    loss [a.u.]              5.318e-03  4.998e-03
epoch:  44      train:   valid:
    loss [a.u.]              4.994e-03  5.975e-03
epoch:  45      train:   valid:
    loss [a.u.]              4.530e-03  4.660e-03
epoch:  46      train:   valid:
    loss [a.u.]              4.307e-03  4.811e-03
epoch:  47      train:   valid:
    loss [a.u.]              4.200e-03  4.529e-03
epoch:  48      train:   valid:
    loss [a.u.]              4.006e-03  4.141e-03
epoch:  49      train:   valid:
    loss [a.u.]              4.118e-03  4.114e-03
epoch:  50      train:   valid:
    loss [a.u.]              3.522e-03  3.434e-03
epoch:  51      train:   valid:
    loss [a.u.]              3.790e-03  3.847e-03
epoch:  52      train:   valid:
    loss [a.u.]              3.569e-03  5.575e-03
epoch:  53      train:   valid:
    loss [a.u.]              3.506e-03  3.244e-03
epoch:  54      train:   valid:
    loss [a.u.]              3.438e-03  4.622e-03
epoch:  55      train:   valid:
    loss [a.u.]              3.394e-03  4.134e-03
epoch:  56      train:   valid:
    loss [a.u.]              3.153e-03  2.851e-03
epoch:  57      train:   valid:
    loss [a.u.]              3.136e-03  5.483e-03
epoch:  58      train:   valid:
    loss [a.u.]              2.998e-03  2.783e-03
epoch:  59      train:   valid:
    loss [a.u.]              2.884e-03  3.063e-03
epoch:  60      train:   valid:
    loss [a.u.]              2.881e-03  3.029e-03
epoch:  61      train:   valid:
    loss [a.u.]              2.861e-03  3.229e-03
epoch:  62      train:   valid:
    loss [a.u.]              2.768e-03  3.152e-03
epoch:  63      train:   valid:
    loss [a.u.]              2.745e-03  3.135e-03
epoch:  64      train:   valid:
    loss [a.u.]              2.658e-03  2.731e-03
epoch:  65      train:   valid:
    loss [a.u.]              2.550e-03  2.481e-03
epoch:  66      train:   valid:
    loss [a.u.]              2.428e-03  2.498e-03
epoch:  67      train:   valid:
    loss [a.u.]              2.454e-03  2.449e-03
epoch:  68      train:   valid:
    loss [a.u.]              2.541e-03  2.533e-03
epoch:  69      train:   valid:
    loss [a.u.]              2.543e-03  2.513e-03
epoch:  70      train:   valid:
    loss [a.u.]              2.395e-03  2.233e-03
epoch:  71      train:   valid:
    loss [a.u.]              2.347e-03  2.583e-03
epoch:  72      train:   valid:
    loss [a.u.]              2.235e-03  2.276e-03
epoch:  73      train:   valid:
    loss [a.u.]              2.386e-03  2.397e-03
epoch:  74      train:   valid:
    loss [a.u.]              2.289e-03  2.337e-03
epoch:  75      train:   valid:
    loss [a.u.]              2.307e-03  1.998e-03
epoch:  76      train:   valid:
    loss [a.u.]              2.238e-03  2.135e-03
epoch:  77      train:   valid:
    loss [a.u.]              2.219e-03  2.190e-03
epoch:  78      train:   valid:
    loss [a.u.]              2.168e-03  2.365e-03
epoch:  79      train:   valid:
    loss [a.u.]              2.139e-03  1.954e-03
epoch:  80      train:   valid:
    loss [a.u.]              2.053e-03  2.016e-03
epoch:  81      train:   valid:
    loss [a.u.]              2.106e-03  2.085e-03
epoch:  82      train:   valid:
    loss [a.u.]              2.042e-03  2.214e-03
epoch:  83      train:   valid:
    loss [a.u.]              2.048e-03  2.037e-03
epoch:  84      train:   valid:
    loss [a.u.]              1.993e-03  1.939e-03
epoch:  85      train:   valid:
    loss [a.u.]              2.095e-03  2.805e-03
epoch:  86      train:   valid:
    loss [a.u.]              2.007e-03  2.289e-03
epoch:  87      train:   valid:
    loss [a.u.]              1.956e-03  1.899e-03
epoch:  88      train:   valid:
    loss [a.u.]              1.872e-03  1.848e-03
epoch:  89      train:   valid:
    loss [a.u.]              2.004e-03  1.954e-03
epoch:  90      train:   valid:
    loss [a.u.]              1.824e-03  1.853e-03
epoch:  91      train:   valid:
    loss [a.u.]              1.876e-03  2.033e-03
epoch:  92      train:   valid:
    loss [a.u.]              1.939e-03  1.963e-03
epoch:  93      train:   valid:
    loss [a.u.]              1.841e-03  2.116e-03
epoch:  94      train:   valid:
    loss [a.u.]              1.796e-03  1.829e-03
epoch:  95      train:   valid:
    loss [a.u.]              1.788e-03  1.831e-03
epoch:  96      train:   valid:
    loss [a.u.]              1.849e-03  2.078e-03
epoch:  97      train:   valid:
    loss [a.u.]              1.750e-03  1.754e-03
epoch:  98      train:   valid:
    loss [a.u.]              1.763e-03  1.611e-03
epoch:  99      train:   valid:
    loss [a.u.]              1.787e-03  1.506e-03
epoch:  100      train:   valid:
    loss [a.u.]              1.691e-03  1.659e-03
epic 1
Preparing batches
..................
epoch:   1      train:   valid:
    loss [a.u.]              1.563e+02  8.287e+00
epoch:   2      train:   valid:
    loss [a.u.]              9.194e+00  2.975e+01
epoch:   3      train:   valid:
    loss [a.u.]              4.713e+00  3.216e+00
epoch:   4      train:   valid:
    loss [a.u.]              1.342e+00  6.582e-01
