args:
data_dir = data
model_dir = model
num_epochs = 100
learning_rate = 0.0001
batch_size = 16
esp_w = 10.0
num_epics = 100
restart = None
random_seed = 0
n_dcm = 3
n_gpu = 0
[cuda(id=0)]
gpu
[cuda(id=0)]
R (20000, 60, 3)
Z (20000, 60)
N (20000,)
mono (20000, 60, 1)
esp (20000, 3163)
n_grid (20000,)
vdw_surface (20000, 3163, 3)
20000
...
...
atomic_numbers (16384, 60)
ngrid (16384,)
positions (16384, 60, 3)
mono (16384, 60, 1)
esp (16384, 3163)
vdw_surface (16384, 3163, 3)
...
atomic_numbers (2048, 60)
positions (2048, 60, 3)
mono (2048, 60, 1)
ngrid (2048,)
esp (2048, 3163)
vdw_surface (2048, 3163, 3)
epic 0
Preparing batches
..................
epoch:   1      train:   valid:
    loss [a.u.]              8.187e+01  1.690e+01
epoch:   2      train:   valid:
    loss [a.u.]              4.018e+01  6.732e+01
epoch:   3      train:   valid:
    loss [a.u.]              9.003e+00  5.105e+00
epoch:   4      train:   valid:
    loss [a.u.]              1.896e+00  1.186e+00
epoch:   5      train:   valid:
    loss [a.u.]              4.809e+00  1.881e+00
epoch:   6      train:   valid:
    loss [a.u.]              5.366e-01  4.091e-01
epoch:   7      train:   valid:
    loss [a.u.]              5.201e-01  3.027e-01
epoch:   8      train:   valid:
    loss [a.u.]              2.225e-01  1.737e-01
epoch:   9      train:   valid:
    loss [a.u.]              1.974e-01  1.457e-01
epoch:  10      train:   valid:
    loss [a.u.]              1.467e-01  8.843e-02
epoch:  11      train:   valid:
    loss [a.u.]              9.127e-02  7.144e-02
epoch:  12      train:   valid:
    loss [a.u.]              8.739e-02  6.241e-02
epoch:  13      train:   valid:
    loss [a.u.]              5.570e-02  5.127e-02
epoch:  14      train:   valid:
    loss [a.u.]              4.617e-02  5.435e-02
epoch:  15      train:   valid:
    loss [a.u.]              8.799e-02  3.264e-02
epoch:  16      train:   valid:
    loss [a.u.]              3.312e-02  2.924e-02
epoch:  17      train:   valid:
    loss [a.u.]              2.889e-02  2.264e-02
epoch:  18      train:   valid:
    loss [a.u.]              3.081e-02  2.235e-02
epoch:  19      train:   valid:
    loss [a.u.]              2.193e-02  1.863e-02
epoch:  20      train:   valid:
    loss [a.u.]              2.159e-02  1.848e-02
epoch:  21      train:   valid:
    loss [a.u.]              1.913e-02  1.681e-02
epoch:  22      train:   valid:
    loss [a.u.]              2.117e-02  1.841e-02
epoch:  23      train:   valid:
    loss [a.u.]              1.524e-02  1.577e-02
epoch:  24      train:   valid:
    loss [a.u.]              1.438e-02  2.070e-02
epoch:  25      train:   valid:
    loss [a.u.]              1.441e-02  1.392e-02
epoch:  26      train:   valid:
    loss [a.u.]              1.385e-02  1.350e-02
epoch:  27      train:   valid:
    loss [a.u.]              1.470e-02  1.483e-02
epoch:  28      train:   valid:
    loss [a.u.]              1.166e-02  1.152e-02
epoch:  29      train:   valid:
    loss [a.u.]              1.189e-02  1.139e-02
epoch:  30      train:   valid:
    loss [a.u.]              1.022e-02  1.070e-02
epoch:  31      train:   valid:
    loss [a.u.]              9.224e-03  1.020e-02
epoch:  32      train:   valid:
    loss [a.u.]              9.237e-03  8.988e-03
epoch:  33      train:   valid:
    loss [a.u.]              8.081e-03  7.828e-03
epoch:  34      train:   valid:
    loss [a.u.]              7.317e-03  7.939e-03
epoch:  35      train:   valid:
    loss [a.u.]              6.861e-03  6.630e-03
epoch:  36      train:   valid:
    loss [a.u.]              7.609e-03  1.122e-02
epoch:  37      train:   valid:
    loss [a.u.]              7.141e-03  6.831e-03
epoch:  38      train:   valid:
    loss [a.u.]              6.117e-03  6.126e-03
epoch:  39      train:   valid:
    loss [a.u.]              5.804e-03  8.442e-03
epoch:  40      train:   valid:
    loss [a.u.]              5.385e-03  8.569e-03
epoch:  41      train:   valid:
    loss [a.u.]              5.324e-03  4.830e-03
epoch:  42      train:   valid:
    loss [a.u.]              4.634e-03  4.821e-03
epoch:  43      train:   valid:
    loss [a.u.]              4.823e-03  4.278e-03
epoch:  44      train:   valid:
    loss [a.u.]              4.454e-03  6.318e-03
epoch:  45      train:   valid:
    loss [a.u.]              4.301e-03  4.085e-03
epoch:  46      train:   valid:
    loss [a.u.]              3.918e-03  4.194e-03
epoch:  47      train:   valid:
    loss [a.u.]              3.876e-03  3.862e-03
epoch:  48      train:   valid:
    loss [a.u.]              3.748e-03  3.745e-03
epoch:  49      train:   valid:
    loss [a.u.]              3.809e-03  4.377e-03
epoch:  50      train:   valid:
    loss [a.u.]              3.260e-03  3.196e-03
epoch:  51      train:   valid:
    loss [a.u.]              3.417e-03  3.231e-03
epoch:  52      train:   valid:
    loss [a.u.]              3.418e-03  6.952e-03
epoch:  53      train:   valid:
    loss [a.u.]              3.450e-03  3.042e-03
epoch:  54      train:   valid:
    loss [a.u.]              3.218e-03  3.959e-03
epoch:  55      train:   valid:
    loss [a.u.]              3.181e-03  3.180e-03
epoch:  56      train:   valid:
    loss [a.u.]              3.129e-03  2.814e-03
epoch:  57      train:   valid:
    loss [a.u.]              3.007e-03  3.919e-03
epoch:  58      train:   valid:
    loss [a.u.]              2.785e-03  2.713e-03
epoch:  59      train:   valid:
    loss [a.u.]              2.839e-03  2.808e-03
epoch:  60      train:   valid:
    loss [a.u.]              3.353e-03  2.767e-03
epoch:  61      train:   valid:
    loss [a.u.]              2.714e-03  2.806e-03
epoch:  62      train:   valid:
    loss [a.u.]              2.633e-03  2.526e-03
epoch:  63      train:   valid:
    loss [a.u.]              2.645e-03  3.122e-03
epoch:  64      train:   valid:
    loss [a.u.]              2.579e-03  2.509e-03
epoch:  65      train:   valid:
    loss [a.u.]              2.509e-03  2.319e-03
epoch:  66      train:   valid:
    loss [a.u.]              2.360e-03  2.229e-03
epoch:  67      train:   valid:
    loss [a.u.]              2.381e-03  2.169e-03
epoch:  68      train:   valid:
    loss [a.u.]              2.427e-03  2.356e-03
epoch:  69      train:   valid:
    loss [a.u.]              2.452e-03  2.334e-03
epoch:  70      train:   valid:
    loss [a.u.]              2.359e-03  2.150e-03
epoch:  71      train:   valid:
    loss [a.u.]              2.196e-03  2.257e-03
epoch:  72      train:   valid:
    loss [a.u.]              2.231e-03  2.368e-03
epoch:  73      train:   valid:
    loss [a.u.]              2.295e-03  2.446e-03
epoch:  74      train:   valid:
    loss [a.u.]              2.226e-03  2.175e-03
epoch:  75      train:   valid:
    loss [a.u.]              2.179e-03  1.962e-03
epoch:  76      train:   valid:
    loss [a.u.]              2.158e-03  1.921e-03
epoch:  77      train:   valid:
    loss [a.u.]              2.128e-03  1.956e-03
epoch:  78      train:   valid:
    loss [a.u.]              2.020e-03  2.080e-03
epoch:  79      train:   valid:
    loss [a.u.]              1.982e-03  1.937e-03
epoch:  80      train:   valid:
    loss [a.u.]              1.986e-03  1.994e-03
epoch:  81      train:   valid:
    loss [a.u.]              2.002e-03  1.941e-03
epoch:  82      train:   valid:
    loss [a.u.]              1.943e-03  1.792e-03
epoch:  83      train:   valid:
    loss [a.u.]              1.891e-03  1.984e-03
epoch:  84      train:   valid:
    loss [a.u.]              1.965e-03  1.904e-03
epoch:  85      train:   valid:
    loss [a.u.]              1.947e-03  1.984e-03
epoch:  86      train:   valid:
    loss [a.u.]              1.866e-03  1.762e-03
epoch:  87      train:   valid:
    loss [a.u.]              1.856e-03  1.866e-03
epoch:  88      train:   valid:
    loss [a.u.]              1.716e-03  1.747e-03
epoch:  89      train:   valid:
    loss [a.u.]              1.806e-03  1.688e-03
epoch:  90      train:   valid:
    loss [a.u.]              1.728e-03  1.692e-03
epoch:  91      train:   valid:
    loss [a.u.]              1.771e-03  1.859e-03
epoch:  92      train:   valid:
    loss [a.u.]              1.826e-03  1.586e-03
epoch:  93      train:   valid:
    loss [a.u.]              1.681e-03  1.822e-03
epoch:  94      train:   valid:
    loss [a.u.]              1.721e-03  1.889e-03
epoch:  95      train:   valid:
    loss [a.u.]              1.730e-03  1.609e-03
epoch:  96      train:   valid:
    loss [a.u.]              1.767e-03  1.935e-03
epoch:  97      train:   valid:
    loss [a.u.]              1.597e-03  1.522e-03
epoch:  98      train:   valid:
    loss [a.u.]              1.641e-03  1.538e-03
epoch:  99      train:   valid:
    loss [a.u.]              1.676e-03  1.474e-03
epoch:  100      train:   valid:
    loss [a.u.]              1.559e-03  1.471e-03
epic 1
Preparing batches
..................
epoch:   1      train:   valid:
    loss [a.u.]              8.218e+01  1.702e+01
epoch:   2      train:   valid:
    loss [a.u.]              4.075e+01  6.911e+01
epoch:   3      train:   valid:
    loss [a.u.]              9.482e+00  7.321e+00
epoch:   4      train:   valid:
    loss [a.u.]              2.045e+00  1.143e+00
