args:
data_dir = data
model_dir = model
num_epochs = 100
learning_rate = 0.0001
batch_size = 16
esp_w = 10.0
num_epics = 100
restart = None
random_seed = 0
n_dcm = 4
n_gpu = 1
[cuda(id=0)]
gpu
[cuda(id=0)]
R (20000, 60, 3)
Z (20000, 60)
N (20000,)
mono (20000, 60, 1)
esp (20000, 3163)
n_grid (20000,)
vdw_surface (20000, 3163, 3)
20000
...
...
atomic_numbers (16384, 60)
ngrid (16384,)
positions (16384, 60, 3)
mono (16384, 60, 1)
esp (16384, 3163)
vdw_surface (16384, 3163, 3)
...
atomic_numbers (2048, 60)
positions (2048, 60, 3)
mono (2048, 60, 1)
ngrid (2048,)
esp (2048, 3163)
vdw_surface (2048, 3163, 3)
epic 0
Preparing batches
..................
epoch:   1      train:   valid:
    loss [a.u.]              6.958e+01  2.969e+00
epoch:   2      train:   valid:
    loss [a.u.]              3.019e+00  1.652e+00
epoch:   3      train:   valid:
    loss [a.u.]              1.838e+00  2.652e+00
epoch:   4      train:   valid:
    loss [a.u.]              6.564e-01  4.617e-01
epoch:   5      train:   valid:
    loss [a.u.]              7.907e-01  4.287e-01
epoch:   6      train:   valid:
    loss [a.u.]              4.013e-01  1.754e-01
epoch:   7      train:   valid:
    loss [a.u.]              5.194e-01  3.929e-01
epoch:   8      train:   valid:
    loss [a.u.]              1.392e-01  5.895e-02
epoch:   9      train:   valid:
    loss [a.u.]              3.918e-01  8.225e-02
epoch:  10      train:   valid:
    loss [a.u.]              7.142e-02  4.740e-02
epoch:  11      train:   valid:
    loss [a.u.]              4.766e-02  3.792e-02
epoch:  12      train:   valid:
    loss [a.u.]              3.689e-02  4.471e-02
epoch:  13      train:   valid:
    loss [a.u.]              3.139e-02  3.538e-02
epoch:  14      train:   valid:
    loss [a.u.]              4.181e-02  2.194e-02
epoch:  15      train:   valid:
    loss [a.u.]              2.674e-02  2.808e-02
epoch:  16      train:   valid:
    loss [a.u.]              2.307e-02  2.509e-02
epoch:  17      train:   valid:
    loss [a.u.]              2.290e-02  1.720e-02
epoch:  18      train:   valid:
    loss [a.u.]              1.875e-02  1.687e-02
epoch:  19      train:   valid:
    loss [a.u.]              1.687e-02  1.562e-02
epoch:  20      train:   valid:
    loss [a.u.]              1.651e-02  1.755e-02
epoch:  21      train:   valid:
    loss [a.u.]              2.285e-02  1.578e-02
epoch:  22      train:   valid:
    loss [a.u.]              1.676e-02  1.501e-02
epoch:  23      train:   valid:
    loss [a.u.]              1.320e-02  1.564e-02
epoch:  24      train:   valid:
    loss [a.u.]              1.215e-02  1.723e-02
epoch:  25      train:   valid:
    loss [a.u.]              1.247e-02  1.495e-02
epoch:  26      train:   valid:
    loss [a.u.]              1.174e-02  1.193e-02
epoch:  27      train:   valid:
    loss [a.u.]              1.283e-02  1.840e-02
epoch:  28      train:   valid:
    loss [a.u.]              1.106e-02  1.072e-02
epoch:  29      train:   valid:
    loss [a.u.]              1.141e-02  1.075e-02
epoch:  30      train:   valid:
    loss [a.u.]              9.903e-03  1.003e-02
epoch:  31      train:   valid:
    loss [a.u.]              9.365e-03  9.853e-03
epoch:  32      train:   valid:
    loss [a.u.]              9.509e-03  8.777e-03
epoch:  33      train:   valid:
    loss [a.u.]              8.733e-03  8.030e-03
epoch:  34      train:   valid:
    loss [a.u.]              7.968e-03  8.624e-03
epoch:  35      train:   valid:
    loss [a.u.]              7.575e-03  7.396e-03
epoch:  36      train:   valid:
    loss [a.u.]              7.386e-03  7.632e-03
epoch:  37      train:   valid:
    loss [a.u.]              6.772e-03  7.231e-03
epoch:  38      train:   valid:
    loss [a.u.]              6.493e-03  6.171e-03
epoch:  39      train:   valid:
    loss [a.u.]              6.199e-03  8.405e-03
epoch:  40      train:   valid:
    loss [a.u.]              5.835e-03  8.796e-03
epoch:  41      train:   valid:
    loss [a.u.]              5.551e-03  5.303e-03
epoch:  42      train:   valid:
    loss [a.u.]              5.096e-03  4.997e-03
epoch:  43      train:   valid:
    loss [a.u.]              5.017e-03  4.542e-03
epoch:  44      train:   valid:
    loss [a.u.]              4.565e-03  5.621e-03
epoch:  45      train:   valid:
    loss [a.u.]              4.230e-03  4.193e-03
epoch:  46      train:   valid:
    loss [a.u.]              4.042e-03  4.171e-03
epoch:  47      train:   valid:
    loss [a.u.]              3.904e-03  3.900e-03
epoch:  48      train:   valid:
    loss [a.u.]              3.672e-03  3.545e-03
epoch:  49      train:   valid:
    loss [a.u.]              3.736e-03  3.959e-03
epoch:  50      train:   valid:
    loss [a.u.]              3.179e-03  3.117e-03
epoch:  51      train:   valid:
    loss [a.u.]              3.387e-03  3.174e-03
epoch:  52      train:   valid:
    loss [a.u.]              3.057e-03  5.741e-03
epoch:  53      train:   valid:
    loss [a.u.]              3.163e-03  3.139e-03
epoch:  54      train:   valid:
    loss [a.u.]              3.069e-03  4.372e-03
epoch:  55      train:   valid:
    loss [a.u.]              2.953e-03  3.611e-03
epoch:  56      train:   valid:
    loss [a.u.]              2.774e-03  2.522e-03
epoch:  57      train:   valid:
    loss [a.u.]              2.749e-03  3.829e-03
epoch:  58      train:   valid:
    loss [a.u.]              2.583e-03  2.489e-03
epoch:  59      train:   valid:
    loss [a.u.]              2.591e-03  2.429e-03
epoch:  60      train:   valid:
    loss [a.u.]              2.606e-03  2.789e-03
epoch:  61      train:   valid:
    loss [a.u.]              2.575e-03  2.637e-03
epoch:  62      train:   valid:
    loss [a.u.]              2.404e-03  2.360e-03
epoch:  63      train:   valid:
    loss [a.u.]              2.434e-03  2.725e-03
epoch:  64      train:   valid:
    loss [a.u.]              2.371e-03  2.178e-03
epoch:  65      train:   valid:
    loss [a.u.]              2.292e-03  1.982e-03
epoch:  66      train:   valid:
    loss [a.u.]              2.157e-03  2.015e-03
epoch:  67      train:   valid:
    loss [a.u.]              2.185e-03  2.177e-03
epoch:  68      train:   valid:
    loss [a.u.]              2.251e-03  2.090e-03
epoch:  69      train:   valid:
    loss [a.u.]              2.238e-03  2.148e-03
epoch:  70      train:   valid:
    loss [a.u.]              2.178e-03  1.979e-03
epoch:  71      train:   valid:
    loss [a.u.]              2.083e-03  2.076e-03
epoch:  72      train:   valid:
    loss [a.u.]              2.042e-03  2.039e-03
epoch:  73      train:   valid:
    loss [a.u.]              2.065e-03  2.034e-03
epoch:  74      train:   valid:
    loss [a.u.]              2.063e-03  2.085e-03
epoch:  75      train:   valid:
    loss [a.u.]              2.047e-03  1.951e-03
epoch:  76      train:   valid:
    loss [a.u.]              1.997e-03  1.893e-03
epoch:  77      train:   valid:
    loss [a.u.]              1.984e-03  1.893e-03
epoch:  78      train:   valid:
    loss [a.u.]              1.912e-03  1.874e-03
epoch:  79      train:   valid:
    loss [a.u.]              1.843e-03  1.795e-03
epoch:  80      train:   valid:
    loss [a.u.]              1.836e-03  2.091e-03
epoch:  81      train:   valid:
    loss [a.u.]              1.867e-03  1.800e-03
epoch:  82      train:   valid:
    loss [a.u.]              1.837e-03  1.811e-03
epoch:  83      train:   valid:
    loss [a.u.]              1.833e-03  1.873e-03
epoch:  84      train:   valid:
    loss [a.u.]              1.872e-03  1.714e-03
epoch:  85      train:   valid:
    loss [a.u.]              1.818e-03  1.773e-03
epoch:  86      train:   valid:
    loss [a.u.]              1.716e-03  1.782e-03
epoch:  87      train:   valid:
    loss [a.u.]              1.756e-03  1.575e-03
epoch:  88      train:   valid:
    loss [a.u.]              1.652e-03  1.637e-03
epoch:  89      train:   valid:
    loss [a.u.]              1.685e-03  1.640e-03
epoch:  90      train:   valid:
    loss [a.u.]              1.634e-03  1.643e-03
epoch:  91      train:   valid:
    loss [a.u.]              1.689e-03  1.878e-03
epoch:  92      train:   valid:
    loss [a.u.]              1.707e-03  1.491e-03
epoch:  93      train:   valid:
    loss [a.u.]              1.654e-03  1.752e-03
epoch:  94      train:   valid:
    loss [a.u.]              1.630e-03  1.707e-03
epoch:  95      train:   valid:
    loss [a.u.]              1.660e-03  1.569e-03
epoch:  96      train:   valid:
    loss [a.u.]              1.638e-03  1.879e-03
epoch:  97      train:   valid:
    loss [a.u.]              1.504e-03  1.490e-03
epoch:  98      train:   valid:
    loss [a.u.]              1.586e-03  1.719e-03
epoch:  99      train:   valid:
    loss [a.u.]              1.584e-03  1.328e-03
epoch:  100      train:   valid:
    loss [a.u.]              1.512e-03  1.395e-03
epic 1
Preparing batches
..................
epoch:   1      train:   valid:
    loss [a.u.]              7.029e+01  3.003e+00
epoch:   2      train:   valid:
    loss [a.u.]              3.047e+00  1.709e+00
epoch:   3      train:   valid:
    loss [a.u.]              1.885e+00  2.795e+00
epoch:   4      train:   valid:
    loss [a.u.]              6.664e-01  4.703e-01
epoch:   5      train:   valid:
    loss [a.u.]              7.976e-01  4.599e-01
