usage: trainer.py [-h] --train TRAIN --valid VALID [--features FEATURES]
                  [--max-degree MAX_DEGREE] [--num-iterations NUM_ITERATIONS]
                  [--num-basis-functions NUM_BASIS_FUNCTIONS]
                  [--cutoff CUTOFF] [--n-res N_RES] [--natoms NATOMS]
                  [--max-atomic-number MAX_ATOMIC_NUMBER]
                  [--total-charge TOTAL_CHARGE] [--batch-size BATCH_SIZE]
                  [--epochs EPOCHS] [--learning-rate LEARNING_RATE]
                  [--seed SEED] [--energy-weight ENERGY_WEIGHT]
                  [--forces-weight FORCES_WEIGHT]
                  [--dipole-weight DIPOLE_WEIGHT] [--restart] [--name NAME]
                  [--ckpt-dir CKPT_DIR] [--print-freq PRINT_FREQ]
                  [--no-tensorboard] [--save-best]
                  [--objective {valid_forces_mae,valid_energy_mae,valid_loss,train_forces_mae,train_energy_mae,train_loss}]
                  [--optimizer {adam,adamw,amsgrad}]
                  [--schedule {warmup,cosine_annealing,exponential,polynomial,cosine,warmup_cosine,constant}]
                  [--transform TRANSFORM] [--zbl] [--charges]
                  [--center-coordinates] [--normalize-energy]
                  [--energy-unit {eV,hartree,kcal/mol,kJ/mol}]
                  [--convert-energy-to {eV,hartree,kcal/mol,kJ/mol}]
                  [--subtract-atomic-energies]
                  [--atomic-energy-method {linear_regression,mean}]
                  [--scale-by-atoms] [--verbose]
trainer.py: error: unrecognized arguments: --no-energy-bias
