ERROR:2025-11-01 12:15:17,608:jax._src.xla_bridge:473: Jax plugin configuration error: Exception when calling jax_plugins.xla_cuda12.initialize()
Traceback (most recent call last):
  File "/scicore/home/meuwly/boitti0000/mmml/.venv/lib/python3.12/site-packages/jax/_src/xla_bridge.py", line 471, in discover_pjrt_plugins
    plugin_module.initialize()
  File "/scicore/home/meuwly/boitti0000/mmml/.venv/lib/python3.12/site-packages/jax_plugins/xla_cuda12/__init__.py", line 328, in initialize
    _check_cuda_versions(raise_on_first_error=True)
  File "/scicore/home/meuwly/boitti0000/mmml/.venv/lib/python3.12/site-packages/jax_plugins/xla_cuda12/__init__.py", line 285, in _check_cuda_versions
    local_device_count = cuda_versions.cuda_device_count()
                         ^^^^^^^^^^^^^^^^^^^^^^^^^^^^^^^^^
RuntimeError: jaxlib/cuda/versions_helpers.cc:113: operation cuInit(0) failed: CUDA_ERROR_NO_DEVICE
ERROR:jax._src.xla_bridge:Jax plugin configuration error: Exception when calling jax_plugins.xla_cuda12.initialize()
Traceback (most recent call last):
  File "/scicore/home/meuwly/boitti0000/mmml/.venv/lib/python3.12/site-packages/jax/_src/xla_bridge.py", line 471, in discover_pjrt_plugins
    plugin_module.initialize()
  File "/scicore/home/meuwly/boitti0000/mmml/.venv/lib/python3.12/site-packages/jax_plugins/xla_cuda12/__init__.py", line 328, in initialize
    _check_cuda_versions(raise_on_first_error=True)
  File "/scicore/home/meuwly/boitti0000/mmml/.venv/lib/python3.12/site-packages/jax_plugins/xla_cuda12/__init__.py", line 285, in _check_cuda_versions
    local_device_count = cuda_versions.cuda_device_count()
                         ^^^^^^^^^^^^^^^^^^^^^^^^^^^^^^^^^
RuntimeError: jaxlib/cuda/versions_helpers.cc:113: operation cuInit(0) failed: CUDA_ERROR_NO_DEVICE
WARNING:2025-11-01 12:15:17,614:jax._src.xla_bridge:850: An NVIDIA GPU may be present on this machine, but a CUDA-enabled jaxlib is not installed. Falling back to cpu.
WARNING:jax._src.xla_bridge:An NVIDIA GPU may be present on this machine, but a CUDA-enabled jaxlib is not installed. Falling back to cpu.
WARNING:absl:[process=0][thread=MainThread][operation_id=1] _SignalingThread.join() waiting for signals ([]) blocking the main thread will slow down blocking save times. This is likely due to main thread calling result() on a CommitFuture.
[2025-11-01T12:15:57.881] error: *** JOB 60472708 ON sgi01 CANCELLED AT 2025-11-01T12:15:57 DUE to SIGNAL Terminated ***
