E1101 13:28:56.500464 2004079 cuda_executor.cc:1423] failed to query device memory info: INTERNAL: CUDA error: : CUDA_ERROR_ILLEGAL_ADDRESS: an illegal memory access was encountered
E1101 13:28:56.500709 2004079 se_gpu_pjrt_client.cc:1127] Failed to query available memory for GPU 0
E1101 13:28:56.502808 2004079 pjrt_stream_executor_client.cc:2974] Execution of replica 0 failed: INTERNAL: the function failed to launch on the GPU
Traceback (most recent call last):
  File "/scicore/home/meuwly/boitti0000/mmml/examples/co2/physnet_train/trainer.py", line 568, in main
    final_params = train_model(
                   ^^^^^^^^^^^^
  File "/scicore/home/meuwly/boitti0000/mmml/mmml/physnetjax/physnetjax/training/training.py", line 298, in train_model
    params = model.init(
             ^^^^^^^^^^^
  File "/scicore/home/meuwly/boitti0000/mmml/mmml/physnetjax/physnetjax/models/model.py", line 928, in __call__
    (_, (energy, charges, electrostatics, repulsion, state)), forces = energy_and_forces(
                                                                       ^^^^^^^^^^^^^^^^^^
  File "/scicore/home/meuwly/boitti0000/mmml/mmml/physnetjax/physnetjax/models/model.py", line 172, in energy
    x = self._process_atomic_features(
        ^^^^^^^^^^^^^^^^^^^^^^^^^^^^^^
  File "/scicore/home/meuwly/boitti0000/mmml/mmml/physnetjax/physnetjax/models/model.py", line 275, in _process_atomic_features
    x = self._message_passing_iteration(
        ^^^^^^^^^^^^^^^^^^^^^^^^^^^^^^^^
  File "/scicore/home/meuwly/boitti0000/mmml/mmml/physnetjax/physnetjax/models/model.py", line 400, in _message_passing_iteration
    x = e3x.nn.MessagePass(
        ^^^^^^^^^^^^^^^^^^^
  File "/scicore/home/meuwly/boitti0000/mmml/.venv/lib/python3.12/site-packages/e3x/nn/modules.py", line 1481, in __call__
    return super().__call__(
           ^^^^^^^^^^^^^^^^^
  File "/scicore/home/meuwly/boitti0000/mmml/.venv/lib/python3.12/site-packages/e3x/nn/modules.py", line 1316, in __call__
    filters = Dense(
              ^^^^^^
  File "/scicore/home/meuwly/boitti0000/mmml/.venv/lib/python3.12/site-packages/e3x/nn/modules.py", line 233, in __call__
    [
  File "/scicore/home/meuwly/boitti0000/mmml/.venv/lib/python3.12/site-packages/flax/linen/linear.py", line 287, in __call__
    y = dot_general(
        ^^^^^^^^^^^^
jax.errors.JaxRuntimeError: INTERNAL: the function failed to launch on the GPU
--------------------
For simplicity, JAX has removed its internal frames from the traceback of the following exception. Set JAX_TRACEBACK_FILTERING=off to include these.
E1101 13:28:56.557205 2004079 cuda_executor.cc:265] failed to unload module 0x559f754f8650; leaking: INTERNAL: CUDA error: : CUDA_ERROR_ILLEGAL_ADDRESS: an illegal memory access was encountered
E1101 13:28:56.558928 2004079 cuda_executor.cc:265] failed to unload module 0x559f7529c1d0; leaking: INTERNAL: CUDA error: : CUDA_ERROR_ILLEGAL_ADDRESS: an illegal memory access was encountered
E1101 13:28:56.560543 2004079 cuda_executor.cc:265] failed to unload module 0x559f7d0df6d0; leaking: INTERNAL: CUDA error: : CUDA_ERROR_ILLEGAL_ADDRESS: an illegal memory access was encountered
E1101 13:28:56.562469 2004079 cuda_executor.cc:265] failed to unload module 0x559f7bc985f0; leaking: INTERNAL: CUDA error: : CUDA_ERROR_ILLEGAL_ADDRESS: an illegal memory access was encountered
E1101 13:28:56.564227 2004079 cuda_executor.cc:265] failed to unload module 0x559f782ebb50; leaking: INTERNAL: CUDA error: : CUDA_ERROR_ILLEGAL_ADDRESS: an illegal memory access was encountered
E1101 13:28:56.565818 2004079 cuda_executor.cc:265] failed to unload module 0x559f781cb8b0; leaking: INTERNAL: CUDA error: : CUDA_ERROR_ILLEGAL_ADDRESS: an illegal memory access was encountered
E1101 13:28:56.567451 2004079 cuda_executor.cc:265] failed to unload module 0x559f760ebfd0; leaking: INTERNAL: CUDA error: : CUDA_ERROR_ILLEGAL_ADDRESS: an illegal memory access was encountered
E1101 13:28:56.569009 2004079 cuda_executor.cc:265] failed to unload module 0x559f76240620; leaking: INTERNAL: CUDA error: : CUDA_ERROR_ILLEGAL_ADDRESS: an illegal memory access was encountered
E1101 13:28:56.571938 2004079 cuda_executor.cc:265] failed to unload module 0x559f786af5b0; leaking: INTERNAL: CUDA error: : CUDA_ERROR_ILLEGAL_ADDRESS: an illegal memory access was encountered
E1101 13:28:56.573551 2004079 cuda_executor.cc:265] failed to unload module 0x559f75e44b70; leaking: INTERNAL: CUDA error: : CUDA_ERROR_ILLEGAL_ADDRESS: an illegal memory access was encountered
E1101 13:28:56.575338 2004079 cuda_executor.cc:265] failed to unload module 0x559f75bafa60; leaking: INTERNAL: CUDA error: : CUDA_ERROR_ILLEGAL_ADDRESS: an illegal memory access was encountered
E1101 13:28:56.576521 2004079 cuda_executor.cc:265] failed to unload module 0x559f758b0bd0; leaking: INTERNAL: CUDA error: : CUDA_ERROR_ILLEGAL_ADDRESS: an illegal memory access was encountered
E1101 13:28:56.578026 2004079 cuda_executor.cc:265] failed to unload module 0x559f788c24f0; leaking: INTERNAL: CUDA error: : CUDA_ERROR_ILLEGAL_ADDRESS: an illegal memory access was encountered
E1101 13:28:56.579589 2004079 cuda_executor.cc:265] failed to unload module 0x559f75e52f30; leaking: INTERNAL: CUDA error: : CUDA_ERROR_ILLEGAL_ADDRESS: an illegal memory access was encountered
E1101 13:28:56.581160 2004079 cuda_executor.cc:265] failed to unload module 0x559f746b90a0; leaking: INTERNAL: CUDA error: : CUDA_ERROR_ILLEGAL_ADDRESS: an illegal memory access was encountered
E1101 13:28:56.582656 2004079 cuda_executor.cc:265] failed to unload module 0x559f758ba3e0; leaking: INTERNAL: CUDA error: : CUDA_ERROR_ILLEGAL_ADDRESS: an illegal memory access was encountered
E1101 13:28:56.584024 2004079 cuda_executor.cc:265] failed to unload module 0x559f767a9730; leaking: INTERNAL: CUDA error: : CUDA_ERROR_ILLEGAL_ADDRESS: an illegal memory access was encountered
E1101 13:28:56.585608 2004079 cuda_executor.cc:265] failed to unload module 0x559f76b89ce0; leaking: INTERNAL: CUDA error: : CUDA_ERROR_ILLEGAL_ADDRESS: an illegal memory access was encountered
E1101 13:28:56.588570 2004079 cuda_executor.cc:265] failed to unload module 0x559f7767f470; leaking: INTERNAL: CUDA error: : CUDA_ERROR_ILLEGAL_ADDRESS: an illegal memory access was encountered
E1101 13:28:56.590254 2004079 cuda_executor.cc:265] failed to unload module 0x559f765b4680; leaking: INTERNAL: CUDA error: : CUDA_ERROR_ILLEGAL_ADDRESS: an illegal memory access was encountered
E1101 13:28:56.591924 2004079 cuda_executor.cc:265] failed to unload module 0x559f7cdabfb0; leaking: INTERNAL: CUDA error: : CUDA_ERROR_ILLEGAL_ADDRESS: an illegal memory access was encountered
E1101 13:28:56.593454 2004079 cuda_executor.cc:265] failed to unload module 0x559f76ddd3f0; leaking: INTERNAL: CUDA error: : CUDA_ERROR_ILLEGAL_ADDRESS: an illegal memory access was encountered
E1101 13:28:56.594953 2004079 cuda_executor.cc:265] failed to unload module 0x559f76a3d460; leaking: INTERNAL: CUDA error: : CUDA_ERROR_ILLEGAL_ADDRESS: an illegal memory access was encountered
E1101 13:28:56.596590 2004079 cuda_executor.cc:265] failed to unload module 0x559f77e7fe40; leaking: INTERNAL: CUDA error: : CUDA_ERROR_ILLEGAL_ADDRESS: an illegal memory access was encountered
E1101 13:28:56.598167 2004079 cuda_executor.cc:265] failed to unload module 0x559f77972bb0; leaking: INTERNAL: CUDA error: : CUDA_ERROR_ILLEGAL_ADDRESS: an illegal memory access was encountered
E1101 13:28:56.599828 2004079 cuda_executor.cc:265] failed to unload module 0x559f7711eaa0; leaking: INTERNAL: CUDA error: : CUDA_ERROR_ILLEGAL_ADDRESS: an illegal memory access was encountered
E1101 13:28:56.601425 2004079 cuda_executor.cc:265] failed to unload module 0x559f78966090; leaking: INTERNAL: CUDA error: : CUDA_ERROR_ILLEGAL_ADDRESS: an illegal memory access was encountered
E1101 13:28:56.603114 2004079 cuda_executor.cc:265] failed to unload module 0x559f77373490; leaking: INTERNAL: CUDA error: : CUDA_ERROR_ILLEGAL_ADDRESS: an illegal memory access was encountered
E1101 13:28:56.604382 2004079 cuda_executor.cc:265] failed to unload module 0x559f7678aeb0; leaking: INTERNAL: CUDA error: : CUDA_ERROR_ILLEGAL_ADDRESS: an illegal memory access was encountered
E1101 13:28:56.605981 2004079 cuda_executor.cc:265] failed to unload module 0x559f7cbf29f0; leaking: INTERNAL: CUDA error: : CUDA_ERROR_ILLEGAL_ADDRESS: an illegal memory access was encountered
E1101 13:28:56.607450 2004079 cuda_executor.cc:265] failed to unload module 0x559f785676b0; leaking: INTERNAL: CUDA error: : CUDA_ERROR_ILLEGAL_ADDRESS: an illegal memory access was encountered
E1101 13:28:56.609137 2004079 cuda_executor.cc:265] failed to unload module 0x559f77b83340; leaking: INTERNAL: CUDA error: : CUDA_ERROR_ILLEGAL_ADDRESS: an illegal memory access was encountered
E1101 13:28:56.610567 2004079 cuda_executor.cc:265] failed to unload module 0x559f77d13ef0; leaking: INTERNAL: CUDA error: : CUDA_ERROR_ILLEGAL_ADDRESS: an illegal memory access was encountered
E1101 13:28:56.611756 2004079 cuda_executor.cc:265] failed to unload module 0x559f77f15fa0; leaking: INTERNAL: CUDA error: : CUDA_ERROR_ILLEGAL_ADDRESS: an illegal memory access was encountered
E1101 13:28:56.613131 2004079 cuda_executor.cc:265] failed to unload module 0x559f781630f0; leaking: INTERNAL: CUDA error: : CUDA_ERROR_ILLEGAL_ADDRESS: an illegal memory access was encountered
E1101 13:28:56.618346 2004079 cuda_executor.cc:265] failed to unload module 0x559f7e302140; leaking: INTERNAL: CUDA error: : CUDA_ERROR_ILLEGAL_ADDRESS: an illegal memory access was encountered
E1101 13:28:56.624406 2004079 cuda_executor.cc:265] failed to unload module 0x559f7de21ff0; leaking: INTERNAL: CUDA error: : CUDA_ERROR_ILLEGAL_ADDRESS: an illegal memory access was encountered
E1101 13:28:56.626833 2004079 cuda_executor.cc:265] failed to unload module 0x559f7d6e0370; leaking: INTERNAL: CUDA error: : CUDA_ERROR_ILLEGAL_ADDRESS: an illegal memory access was encountered
E1101 13:28:56.678310 2004079 cuda_executor.cc:265] failed to unload module 0x559f76e43ae0; leaking: INTERNAL: CUDA error: : CUDA_ERROR_ILLEGAL_ADDRESS: an illegal memory access was encountered
E1101 13:28:56.681897 2004079 cuda_executor.cc:265] failed to unload module 0x559f768ed690; leaking: INTERNAL: CUDA error: : CUDA_ERROR_ILLEGAL_ADDRESS: an illegal memory access was encountered
E1101 13:28:56.693247 2004079 cuda_executor.cc:265] failed to unload module 0x559f7d6e2a50; leaking: INTERNAL: CUDA error: : CUDA_ERROR_ILLEGAL_ADDRESS: an illegal memory access was encountered
E1101 13:28:56.698826 2004079 cuda_executor.cc:265] failed to unload module 0x559f7e0401a0; leaking: INTERNAL: CUDA error: : CUDA_ERROR_ILLEGAL_ADDRESS: an illegal memory access was encountered
E1101 13:28:56.727780 2004079 cuda_executor.cc:265] failed to unload module 0x559f7754d5b0; leaking: INTERNAL: CUDA error: : CUDA_ERROR_ILLEGAL_ADDRESS: an illegal memory access was encountered
E1101 13:28:56.745441 2004079 cuda_executor.cc:265] failed to unload module 0x559f7a8add10; leaking: INTERNAL: CUDA error: : CUDA_ERROR_ILLEGAL_ADDRESS: an illegal memory access was encountered
E1101 13:28:56.749008 2004079 cuda_executor.cc:265] failed to unload module 0x559f7c390040; leaking: INTERNAL: CUDA error: : CUDA_ERROR_ILLEGAL_ADDRESS: an illegal memory access was encountered
E1101 13:28:56.766289 2004079 cuda_executor.cc:265] failed to unload module 0x559f766e2f90; leaking: INTERNAL: CUDA error: : CUDA_ERROR_ILLEGAL_ADDRESS: an illegal memory access was encountered
E1101 13:28:56.769315 2004079 cuda_executor.cc:265] failed to unload module 0x559f77462e70; leaking: INTERNAL: CUDA error: : CUDA_ERROR_ILLEGAL_ADDRESS: an illegal memory access was encountered
E1101 13:28:56.770784 2004079 cuda_executor.cc:265] failed to unload module 0x559f7765fbc0; leaking: INTERNAL: CUDA error: : CUDA_ERROR_ILLEGAL_ADDRESS: an illegal memory access was encountered
E1101 13:28:56.772438 2004079 cuda_executor.cc:265] failed to unload module 0x559f7dd60a50; leaking: INTERNAL: CUDA error: : CUDA_ERROR_ILLEGAL_ADDRESS: an illegal memory access was encountered
E1101 13:28:56.774268 2004079 cuda_executor.cc:265] failed to unload module 0x559f7ea87960; leaking: INTERNAL: CUDA error: : CUDA_ERROR_ILLEGAL_ADDRESS: an illegal memory access was encountered
E1101 13:28:56.798690 2004079 cuda_executor.cc:265] failed to unload module 0x559f79d117d0; leaking: INTERNAL: CUDA error: : CUDA_ERROR_ILLEGAL_ADDRESS: an illegal memory access was encountered
E1101 13:28:56.803107 2004079 cuda_executor.cc:265] failed to unload module 0x559f7a51cec0; leaking: INTERNAL: CUDA error: : CUDA_ERROR_ILLEGAL_ADDRESS: an illegal memory access was encountered
E1101 13:28:56.810687 2004079 cuda_executor.cc:265] failed to unload module 0x559f6fb92b70; leaking: INTERNAL: CUDA error: : CUDA_ERROR_ILLEGAL_ADDRESS: an illegal memory access was encountered
E1101 13:28:56.811451 2004079 cuda_executor.cc:265] failed to unload module 0x559f6f95a780; leaking: INTERNAL: CUDA error: : CUDA_ERROR_ILLEGAL_ADDRESS: an illegal memory access was encountered
E1101 13:28:56.811930 2004079 cuda_executor.cc:265] failed to unload module 0x559f707b9dc0; leaking: INTERNAL: CUDA error: : CUDA_ERROR_ILLEGAL_ADDRESS: an illegal memory access was encountered
E1101 13:28:56.812388 2004079 cuda_executor.cc:265] failed to unload module 0x559f6f93a9a0; leaking: INTERNAL: CUDA error: : CUDA_ERROR_ILLEGAL_ADDRESS: an illegal memory access was encountered
E1101 13:28:56.813028 2004079 cuda_executor.cc:265] failed to unload module 0x559f70c10f80; leaking: INTERNAL: CUDA error: : CUDA_ERROR_ILLEGAL_ADDRESS: an illegal memory access was encountered
E1101 13:28:56.813501 2004079 cuda_executor.cc:265] failed to unload module 0x559f70f573a0; leaking: INTERNAL: CUDA error: : CUDA_ERROR_ILLEGAL_ADDRESS: an illegal memory access was encountered
E1101 13:28:56.813967 2004079 cuda_executor.cc:265] failed to unload module 0x559f7131a900; leaking: INTERNAL: CUDA error: : CUDA_ERROR_ILLEGAL_ADDRESS: an illegal memory access was encountered
E1101 13:28:56.814417 2004079 cuda_executor.cc:265] failed to unload module 0x559f717aa9e0; leaking: INTERNAL: CUDA error: : CUDA_ERROR_ILLEGAL_ADDRESS: an illegal memory access was encountered
E1101 13:28:56.814840 2004079 cuda_executor.cc:265] failed to unload module 0x559f7015c810; leaking: INTERNAL: CUDA error: : CUDA_ERROR_ILLEGAL_ADDRESS: an illegal memory access was encountered
E1101 13:28:56.815158 2004079 cuda_executor.cc:265] failed to unload module 0x559f722c80c0; leaking: INTERNAL: CUDA error: : CUDA_ERROR_ILLEGAL_ADDRESS: an illegal memory access was encountered
E1101 13:28:56.815776 2004079 cuda_executor.cc:265] failed to unload module 0x559f73034370; leaking: INTERNAL: CUDA error: : CUDA_ERROR_ILLEGAL_ADDRESS: an illegal memory access was encountered
E1101 13:28:56.816277 2004079 cuda_executor.cc:265] failed to unload module 0x559f742d5510; leaking: INTERNAL: CUDA error: : CUDA_ERROR_ILLEGAL_ADDRESS: an illegal memory access was encountered
E1101 13:28:56.816721 2004079 cuda_executor.cc:265] failed to unload module 0x559f73a59510; leaking: INTERNAL: CUDA error: : CUDA_ERROR_ILLEGAL_ADDRESS: an illegal memory access was encountered
E1101 13:28:56.817180 2004079 cuda_executor.cc:265] failed to unload module 0x559f741d36f0; leaking: INTERNAL: CUDA error: : CUDA_ERROR_ILLEGAL_ADDRESS: an illegal memory access was encountered
E1101 13:28:56.817534 2004079 cuda_executor.cc:265] failed to unload module 0x559f744ed5f0; leaking: INTERNAL: CUDA error: : CUDA_ERROR_ILLEGAL_ADDRESS: an illegal memory access was encountered
E1101 13:28:56.818087 2004079 cuda_executor.cc:265] failed to unload module 0x559f76492db0; leaking: INTERNAL: CUDA error: : CUDA_ERROR_ILLEGAL_ADDRESS: an illegal memory access was encountered
E1101 13:28:56.818439 2004079 cuda_executor.cc:265] failed to unload module 0x559f791715f0; leaking: INTERNAL: CUDA error: : CUDA_ERROR_ILLEGAL_ADDRESS: an illegal memory access was encountered
E1101 13:28:56.818885 2004079 cuda_executor.cc:265] failed to unload module 0x559f78f0ee50; leaking: INTERNAL: CUDA error: : CUDA_ERROR_ILLEGAL_ADDRESS: an illegal memory access was encountered
E1101 13:28:56.819269 2004079 cuda_executor.cc:265] failed to unload module 0x559f79679b70; leaking: INTERNAL: CUDA error: : CUDA_ERROR_ILLEGAL_ADDRESS: an illegal memory access was encountered
E1101 13:28:56.819603 2004079 cuda_executor.cc:545] [0] failed to free device memory at 0x14b88e802e00; result: INTERNAL: CUDA error: : CUDA_ERROR_ILLEGAL_ADDRESS: an illegal memory access was encountered
E1101 13:28:56.819853 2004079 cuda_executor.cc:265] failed to unload module 0x559f797ccd30; leaking: INTERNAL: CUDA error: : CUDA_ERROR_ILLEGAL_ADDRESS: an illegal memory access was encountered
E1101 13:28:56.820208 2004079 cuda_executor.cc:545] [0] failed to free device memory at 0x14b88e802c00; result: INTERNAL: CUDA error: : CUDA_ERROR_ILLEGAL_ADDRESS: an illegal memory access was encountered
E1101 13:28:56.820414 2004079 cuda_executor.cc:265] failed to unload module 0x559f794691f0; leaking: INTERNAL: CUDA error: : CUDA_ERROR_ILLEGAL_ADDRESS: an illegal memory access was encountered
E1101 13:28:56.820668 2004079 cuda_executor.cc:265] failed to unload module 0x559f79974f10; leaking: INTERNAL: CUDA error: : CUDA_ERROR_ILLEGAL_ADDRESS: an illegal memory access was encountered
E1101 13:28:56.820968 2004079 cuda_executor.cc:265] failed to unload module 0x559f7a232940; leaking: INTERNAL: CUDA error: : CUDA_ERROR_ILLEGAL_ADDRESS: an illegal memory access was encountered
E1101 13:28:56.821180 2004079 cuda_executor.cc:265] failed to unload module 0x559f7a2bf210; leaking: INTERNAL: CUDA error: : CUDA_ERROR_ILLEGAL_ADDRESS: an illegal memory access was encountered
E1101 13:28:56.821692 2004079 cuda_executor.cc:265] failed to unload module 0x559f79bb9f00; leaking: INTERNAL: CUDA error: : CUDA_ERROR_ILLEGAL_ADDRESS: an illegal memory access was encountered
E1101 13:28:56.822373 2004079 cuda_executor.cc:265] failed to unload module 0x559f7a6468d0; leaking: INTERNAL: CUDA error: : CUDA_ERROR_ILLEGAL_ADDRESS: an illegal memory access was encountered
E1101 13:28:56.822713 2004079 cuda_executor.cc:265] failed to unload module 0x559f7a122f50; leaking: INTERNAL: CUDA error: : CUDA_ERROR_ILLEGAL_ADDRESS: an illegal memory access was encountered
E1101 13:28:56.823141 2004079 cuda_executor.cc:265] failed to unload module 0x559f7a9271f0; leaking: INTERNAL: CUDA error: : CUDA_ERROR_ILLEGAL_ADDRESS: an illegal memory access was encountered
E1101 13:28:56.823576 2004079 cuda_executor.cc:265] failed to unload module 0x559f7a9821e0; leaking: INTERNAL: CUDA error: : CUDA_ERROR_ILLEGAL_ADDRESS: an illegal memory access was encountered
E1101 13:28:56.824125 2004079 cuda_executor.cc:265] failed to unload module 0x559f7afcbd50; leaking: INTERNAL: CUDA error: : CUDA_ERROR_ILLEGAL_ADDRESS: an illegal memory access was encountered
E1101 13:28:56.824719 2004079 cuda_executor.cc:265] failed to unload module 0x559f7b3851a0; leaking: INTERNAL: CUDA error: : CUDA_ERROR_ILLEGAL_ADDRESS: an illegal memory access was encountered
E1101 13:28:56.825263 2004079 cuda_executor.cc:265] failed to unload module 0x559f7b89eb40; leaking: INTERNAL: CUDA error: : CUDA_ERROR_ILLEGAL_ADDRESS: an illegal memory access was encountered
E1101 13:28:56.825837 2004079 cuda_executor.cc:265] failed to unload module 0x559f7bb22e90; leaking: INTERNAL: CUDA error: : CUDA_ERROR_ILLEGAL_ADDRESS: an illegal memory access was encountered
E1101 13:28:56.826235 2004079 cuda_executor.cc:265] failed to unload module 0x559f7bd3bc90; leaking: INTERNAL: CUDA error: : CUDA_ERROR_ILLEGAL_ADDRESS: an illegal memory access was encountered
E1101 13:28:56.826778 2004079 cuda_executor.cc:265] failed to unload module 0x559f7c07dbe0; leaking: INTERNAL: CUDA error: : CUDA_ERROR_ILLEGAL_ADDRESS: an illegal memory access was encountered
E1101 13:28:56.827354 2004079 cuda_executor.cc:265] failed to unload module 0x559f7c9ca750; leaking: INTERNAL: CUDA error: : CUDA_ERROR_ILLEGAL_ADDRESS: an illegal memory access was encountered
E1101 13:28:56.828342 2004079 cuda_executor.cc:265] failed to unload module 0x559f7c3635d0; leaking: INTERNAL: CUDA error: : CUDA_ERROR_ILLEGAL_ADDRESS: an illegal memory access was encountered
E1101 13:28:56.828664 2004079 cuda_executor.cc:265] failed to unload module 0x559f729e76b0; leaking: INTERNAL: CUDA error: : CUDA_ERROR_ILLEGAL_ADDRESS: an illegal memory access was encountered
E1101 13:28:56.829063 2004079 cuda_executor.cc:265] failed to unload module 0x559f72a4ba90; leaking: INTERNAL: CUDA error: : CUDA_ERROR_ILLEGAL_ADDRESS: an illegal memory access was encountered
E1101 13:28:56.829782 2004079 cuda_executor.cc:265] failed to unload module 0x559f7c704160; leaking: INTERNAL: CUDA error: : CUDA_ERROR_ILLEGAL_ADDRESS: an illegal memory access was encountered
E1101 13:28:56.830312 2004079 cuda_executor.cc:265] failed to unload module 0x559f7da35550; leaking: INTERNAL: CUDA error: : CUDA_ERROR_ILLEGAL_ADDRESS: an illegal memory access was encountered
E1101 13:28:56.830721 2004079 cuda_executor.cc:265] failed to unload module 0x559f7e02f620; leaking: INTERNAL: CUDA error: : CUDA_ERROR_ILLEGAL_ADDRESS: an illegal memory access was encountered
E1101 13:28:56.831689 2004079 cuda_executor.cc:265] failed to unload module 0x559f6f79f4a0; leaking: INTERNAL: CUDA error: : CUDA_ERROR_ILLEGAL_ADDRESS: an illegal memory access was encountered
E1101 13:28:56.832484 2004079 cuda_executor.cc:265] failed to unload module 0x559f6f8aa4e0; leaking: INTERNAL: CUDA error: : CUDA_ERROR_ILLEGAL_ADDRESS: an illegal memory access was encountered
E1101 13:28:56.834102 2004079 cuda_executor.cc:265] failed to unload module 0x559f733db7b0; leaking: INTERNAL: CUDA error: : CUDA_ERROR_ILLEGAL_ADDRESS: an illegal memory access was encountered
E1101 13:28:56.834671 2004079 cuda_executor.cc:265] failed to unload module 0x559f6f53ee40; leaking: INTERNAL: CUDA error: : CUDA_ERROR_ILLEGAL_ADDRESS: an illegal memory access was encountered
E1101 13:28:56.835843 2004079 cuda_executor.cc:265] failed to unload module 0x559f70890f20; leaking: INTERNAL: CUDA error: : CUDA_ERROR_ILLEGAL_ADDRESS: an illegal memory access was encountered
E1101 13:28:56.837464 2004079 cuda_executor.cc:265] failed to unload module 0x559f75027c50; leaking: INTERNAL: CUDA error: : CUDA_ERROR_ILLEGAL_ADDRESS: an illegal memory access was encountered
E1101 13:28:56.837827 2004079 cuda_executor.cc:265] failed to unload module 0x559f74d45c10; leaking: INTERNAL: CUDA error: : CUDA_ERROR_ILLEGAL_ADDRESS: an illegal memory access was encountered
E1101 13:28:56.839131 2004079 cuda_executor.cc:265] failed to unload module 0x559f70569560; leaking: INTERNAL: CUDA error: : CUDA_ERROR_ILLEGAL_ADDRESS: an illegal memory access was encountered
E1101 13:28:56.839418 2004079 cuda_executor.cc:265] failed to unload module 0x559f712a7a60; leaking: INTERNAL: CUDA error: : CUDA_ERROR_ILLEGAL_ADDRESS: an illegal memory access was encountered
E1101 13:28:56.839730 2004079 cuda_executor.cc:265] failed to unload module 0x559f73282e80; leaking: INTERNAL: CUDA error: : CUDA_ERROR_ILLEGAL_ADDRESS: an illegal memory access was encountered
E1101 13:28:56.840074 2004079 cuda_executor.cc:265] failed to unload module 0x559f727216e0; leaking: INTERNAL: CUDA error: : CUDA_ERROR_ILLEGAL_ADDRESS: an illegal memory access was encountered
E1101 13:28:56.840465 2004079 cuda_executor.cc:265] failed to unload module 0x559f7150fb40; leaking: INTERNAL: CUDA error: : CUDA_ERROR_ILLEGAL_ADDRESS: an illegal memory access was encountered
E1101 13:28:56.840814 2004079 cuda_executor.cc:265] failed to unload module 0x559f71a7e790; leaking: INTERNAL: CUDA error: : CUDA_ERROR_ILLEGAL_ADDRESS: an illegal memory access was encountered
E1101 13:28:56.841115 2004079 cuda_executor.cc:265] failed to unload module 0x559f7349ec10; leaking: INTERNAL: CUDA error: : CUDA_ERROR_ILLEGAL_ADDRESS: an illegal memory access was encountered
E1101 13:28:56.841536 2004079 cuda_executor.cc:265] failed to unload module 0x559f7289ebe0; leaking: INTERNAL: CUDA error: : CUDA_ERROR_ILLEGAL_ADDRESS: an illegal memory access was encountered
E1101 13:28:56.841880 2004079 cuda_executor.cc:265] failed to unload module 0x559f71af45e0; leaking: INTERNAL: CUDA error: : CUDA_ERROR_ILLEGAL_ADDRESS: an illegal memory access was encountered
E1101 13:28:56.842190 2004079 cuda_executor.cc:265] failed to unload module 0x559f7381cfe0; leaking: INTERNAL: CUDA error: : CUDA_ERROR_ILLEGAL_ADDRESS: an illegal memory access was encountered
E1101 13:28:56.842531 2004079 cuda_executor.cc:265] failed to unload module 0x559f73b37150; leaking: INTERNAL: CUDA error: : CUDA_ERROR_ILLEGAL_ADDRESS: an illegal memory access was encountered
E1101 13:28:56.842955 2004079 cuda_executor.cc:265] failed to unload module 0x559f71dcf3a0; leaking: INTERNAL: CUDA error: : CUDA_ERROR_ILLEGAL_ADDRESS: an illegal memory access was encountered
E1101 13:28:56.843483 2004079 cuda_executor.cc:265] failed to unload module 0x559f73e145c0; leaking: INTERNAL: CUDA error: : CUDA_ERROR_ILLEGAL_ADDRESS: an illegal memory access was encountered
E1101 13:28:56.843922 2004079 cuda_executor.cc:265] failed to unload module 0x559f71e247c0; leaking: INTERNAL: CUDA error: : CUDA_ERROR_ILLEGAL_ADDRESS: an illegal memory access was encountered
E1101 13:28:56.844310 2004079 cuda_executor.cc:265] failed to unload module 0x559f71f7c720; leaking: INTERNAL: CUDA error: : CUDA_ERROR_ILLEGAL_ADDRESS: an illegal memory access was encountered
E1101 13:28:56.844762 2004079 cuda_executor.cc:265] failed to unload module 0x559f71f992f0; leaking: INTERNAL: CUDA error: : CUDA_ERROR_ILLEGAL_ADDRESS: an illegal memory access was encountered
E1101 13:28:56.845191 2004079 cuda_executor.cc:265] failed to unload module 0x559f725b7920; leaking: INTERNAL: CUDA error: : CUDA_ERROR_ILLEGAL_ADDRESS: an illegal memory access was encountered
E1101 13:28:56.845608 2004079 cuda_executor.cc:265] failed to unload module 0x559f724e1420; leaking: INTERNAL: CUDA error: : CUDA_ERROR_ILLEGAL_ADDRESS: an illegal memory access was encountered
E1101 13:28:56.846084 2004079 cuda_executor.cc:265] failed to unload module 0x559f74dc8de0; leaking: INTERNAL: CUDA error: : CUDA_ERROR_ILLEGAL_ADDRESS: an illegal memory access was encountered
E1101 13:28:56.846622 2004079 cuda_executor.cc:265] failed to unload module 0x559f7490f680; leaking: INTERNAL: CUDA error: : CUDA_ERROR_ILLEGAL_ADDRESS: an illegal memory access was encountered
E1101 13:28:56.847160 2004079 cuda_executor.cc:265] failed to unload module 0x559f74836e10; leaking: INTERNAL: CUDA error: : CUDA_ERROR_ILLEGAL_ADDRESS: an illegal memory access was encountered
E1101 13:28:56.847544 2004079 cuda_executor.cc:265] failed to unload module 0x559f74aaa230; leaking: INTERNAL: CUDA error: : CUDA_ERROR_ILLEGAL_ADDRESS: an illegal memory access was encountered
E1101 13:28:56.848017 2004079 cuda_executor.cc:265] failed to unload module 0x559f74bfdb10; leaking: INTERNAL: CUDA error: : CUDA_ERROR_ILLEGAL_ADDRESS: an illegal memory access was encountered
E1101 13:28:56.848415 2004079 cuda_executor.cc:265] failed to unload module 0x559f74ff4240; leaking: INTERNAL: CUDA error: : CUDA_ERROR_ILLEGAL_ADDRESS: an illegal memory access was encountered
E1101 13:28:56.848976 2004079 cuda_executor.cc:265] failed to unload module 0x559f7d700b60; leaking: INTERNAL: CUDA error: : CUDA_ERROR_ILLEGAL_ADDRESS: an illegal memory access was encountered
E1101 13:28:57.146454 2004079 local_device_state.cc:139] Error when closing device: INTERNAL: CUDA error: Could not synchronize CUDA stream: CUDA_ERROR_ILLEGAL_ADDRESS: an illegal memory access was encountered
E1101 13:28:57.147308 2004079 cuda_stream.cc:239] stream not idle on destroy: INTERNAL: CUDA error: : CUDA_ERROR_ILLEGAL_ADDRESS: an illegal memory access was encountered
E1101 13:28:57.147329 2004079 cuda_stream.cc:244] failed to destroy CUDA stream for executor 0x14b894001450: INTERNAL: CUDA error: : CUDA_ERROR_ILLEGAL_ADDRESS: an illegal memory access was encountered
E1101 13:28:57.147356 2004079 cuda_event.cc:49] CUDA error: Error destroying CUDA event: CUDA_ERROR_ILLEGAL_ADDRESS: an illegal memory access was encountered
E1101 13:28:57.147377 2004079 cuda_stream.cc:239] stream not idle on destroy: INTERNAL: CUDA error: : CUDA_ERROR_ILLEGAL_ADDRESS: an illegal memory access was encountered
E1101 13:28:57.147392 2004079 cuda_stream.cc:244] failed to destroy CUDA stream for executor 0x14b894001450: INTERNAL: CUDA error: : CUDA_ERROR_ILLEGAL_ADDRESS: an illegal memory access was encountered
E1101 13:28:57.147406 2004079 cuda_event.cc:49] CUDA error: Error destroying CUDA event: CUDA_ERROR_ILLEGAL_ADDRESS: an illegal memory access was encountered
E1101 13:28:57.147424 2004079 cuda_stream.cc:239] stream not idle on destroy: INTERNAL: CUDA error: : CUDA_ERROR_ILLEGAL_ADDRESS: an illegal memory access was encountered
E1101 13:28:57.147437 2004079 cuda_stream.cc:244] failed to destroy CUDA stream for executor 0x14b894001450: INTERNAL: CUDA error: : CUDA_ERROR_ILLEGAL_ADDRESS: an illegal memory access was encountered
E1101 13:28:57.147451 2004079 cuda_event.cc:49] CUDA error: Error destroying CUDA event: CUDA_ERROR_ILLEGAL_ADDRESS: an illegal memory access was encountered
E1101 13:28:57.147469 2004079 cuda_stream.cc:239] stream not idle on destroy: INTERNAL: CUDA error: : CUDA_ERROR_ILLEGAL_ADDRESS: an illegal memory access was encountered
E1101 13:28:57.147484 2004079 cuda_stream.cc:244] failed to destroy CUDA stream for executor 0x14b894001450: INTERNAL: CUDA error: : CUDA_ERROR_ILLEGAL_ADDRESS: an illegal memory access was encountered
E1101 13:28:57.147498 2004079 cuda_event.cc:49] CUDA error: Error destroying CUDA event: CUDA_ERROR_ILLEGAL_ADDRESS: an illegal memory access was encountered
E1101 13:28:57.147517 2004079 cuda_stream.cc:239] stream not idle on destroy: INTERNAL: CUDA error: : CUDA_ERROR_ILLEGAL_ADDRESS: an illegal memory access was encountered
E1101 13:28:57.147530 2004079 cuda_stream.cc:244] failed to destroy CUDA stream for executor 0x14b894001450: INTERNAL: CUDA error: : CUDA_ERROR_ILLEGAL_ADDRESS: an illegal memory access was encountered
E1101 13:28:57.147544 2004079 cuda_event.cc:49] CUDA error: Error destroying CUDA event: CUDA_ERROR_ILLEGAL_ADDRESS: an illegal memory access was encountered
E1101 13:28:57.147561 2004079 cuda_stream.cc:239] stream not idle on destroy: INTERNAL: CUDA error: : CUDA_ERROR_ILLEGAL_ADDRESS: an illegal memory access was encountered
E1101 13:28:57.147576 2004079 cuda_stream.cc:244] failed to destroy CUDA stream for executor 0x14b894001450: INTERNAL: CUDA error: : CUDA_ERROR_ILLEGAL_ADDRESS: an illegal memory access was encountered
E1101 13:28:57.147589 2004079 cuda_event.cc:49] CUDA error: Error destroying CUDA event: CUDA_ERROR_ILLEGAL_ADDRESS: an illegal memory access was encountered
E1101 13:28:57.147606 2004079 cuda_stream.cc:239] stream not idle on destroy: INTERNAL: CUDA error: : CUDA_ERROR_ILLEGAL_ADDRESS: an illegal memory access was encountered
E1101 13:28:57.147634 2004079 cuda_stream.cc:244] failed to destroy CUDA stream for executor 0x14b894001450: INTERNAL: CUDA error: : CUDA_ERROR_ILLEGAL_ADDRESS: an illegal memory access was encountered
E1101 13:28:57.147647 2004079 cuda_event.cc:49] CUDA error: Error destroying CUDA event: CUDA_ERROR_ILLEGAL_ADDRESS: an illegal memory access was encountered
E1101 13:28:57.147678 2004079 cuda_stream.cc:239] stream not idle on destroy: INTERNAL: CUDA error: : CUDA_ERROR_ILLEGAL_ADDRESS: an illegal memory access was encountered
E1101 13:28:57.147691 2004079 cuda_stream.cc:244] failed to destroy CUDA stream for executor 0x14b894001450: INTERNAL: CUDA error: : CUDA_ERROR_ILLEGAL_ADDRESS: an illegal memory access was encountered
E1101 13:28:57.147704 2004079 cuda_event.cc:49] CUDA error: Error destroying CUDA event: CUDA_ERROR_ILLEGAL_ADDRESS: an illegal memory access was encountered
E1101 13:28:57.147720 2004079 cuda_stream.cc:239] stream not idle on destroy: INTERNAL: CUDA error: : CUDA_ERROR_ILLEGAL_ADDRESS: an illegal memory access was encountered
E1101 13:28:57.147733 2004079 cuda_stream.cc:244] failed to destroy CUDA stream for executor 0x14b894001450: INTERNAL: CUDA error: : CUDA_ERROR_ILLEGAL_ADDRESS: an illegal memory access was encountered
E1101 13:28:57.147745 2004079 cuda_event.cc:49] CUDA error: Error destroying CUDA event: CUDA_ERROR_ILLEGAL_ADDRESS: an illegal memory access was encountered
E1101 13:28:57.147761 2004079 cuda_stream.cc:239] stream not idle on destroy: INTERNAL: CUDA error: : CUDA_ERROR_ILLEGAL_ADDRESS: an illegal memory access was encountered
E1101 13:28:57.147774 2004079 cuda_stream.cc:244] failed to destroy CUDA stream for executor 0x14b894001450: INTERNAL: CUDA error: : CUDA_ERROR_ILLEGAL_ADDRESS: an illegal memory access was encountered
E1101 13:28:57.147788 2004079 cuda_event.cc:49] CUDA error: Error destroying CUDA event: CUDA_ERROR_ILLEGAL_ADDRESS: an illegal memory access was encountered
E1101 13:28:57.147802 2004079 cuda_stream.cc:239] stream not idle on destroy: INTERNAL: CUDA error: : CUDA_ERROR_ILLEGAL_ADDRESS: an illegal memory access was encountered
E1101 13:28:57.147814 2004079 cuda_stream.cc:244] failed to destroy CUDA stream for executor 0x14b894001450: INTERNAL: CUDA error: : CUDA_ERROR_ILLEGAL_ADDRESS: an illegal memory access was encountered
E1101 13:28:57.147827 2004079 cuda_event.cc:49] CUDA error: Error destroying CUDA event: CUDA_ERROR_ILLEGAL_ADDRESS: an illegal memory access was encountered
E1101 13:28:57.147843 2004079 cuda_stream.cc:239] stream not idle on destroy: INTERNAL: CUDA error: : CUDA_ERROR_ILLEGAL_ADDRESS: an illegal memory access was encountered
E1101 13:28:57.147856 2004079 cuda_stream.cc:244] failed to destroy CUDA stream for executor 0x14b894001450: INTERNAL: CUDA error: : CUDA_ERROR_ILLEGAL_ADDRESS: an illegal memory access was encountered
E1101 13:28:57.147868 2004079 cuda_event.cc:49] CUDA error: Error destroying CUDA event: CUDA_ERROR_ILLEGAL_ADDRESS: an illegal memory access was encountered
E1101 13:28:57.147883 2004079 cuda_stream.cc:239] stream not idle on destroy: INTERNAL: CUDA error: : CUDA_ERROR_ILLEGAL_ADDRESS: an illegal memory access was encountered
E1101 13:28:57.147895 2004079 cuda_stream.cc:244] failed to destroy CUDA stream for executor 0x14b894001450: INTERNAL: CUDA error: : CUDA_ERROR_ILLEGAL_ADDRESS: an illegal memory access was encountered
E1101 13:28:57.147908 2004079 cuda_event.cc:49] CUDA error: Error destroying CUDA event: CUDA_ERROR_ILLEGAL_ADDRESS: an illegal memory access was encountered
E1101 13:28:57.147923 2004079 cuda_stream.cc:239] stream not idle on destroy: INTERNAL: CUDA error: : CUDA_ERROR_ILLEGAL_ADDRESS: an illegal memory access was encountered
E1101 13:28:57.147935 2004079 cuda_stream.cc:244] failed to destroy CUDA stream for executor 0x14b894001450: INTERNAL: CUDA error: : CUDA_ERROR_ILLEGAL_ADDRESS: an illegal memory access was encountered
E1101 13:28:57.147947 2004079 cuda_event.cc:49] CUDA error: Error destroying CUDA event: CUDA_ERROR_ILLEGAL_ADDRESS: an illegal memory access was encountered
E1101 13:28:57.147962 2004079 cuda_stream.cc:239] stream not idle on destroy: INTERNAL: CUDA error: : CUDA_ERROR_ILLEGAL_ADDRESS: an illegal memory access was encountered
E1101 13:28:57.147974 2004079 cuda_stream.cc:244] failed to destroy CUDA stream for executor 0x14b894001450: INTERNAL: CUDA error: : CUDA_ERROR_ILLEGAL_ADDRESS: an illegal memory access was encountered
E1101 13:28:57.147987 2004079 cuda_event.cc:49] CUDA error: Error destroying CUDA event: CUDA_ERROR_ILLEGAL_ADDRESS: an illegal memory access was encountered
E1101 13:28:57.148001 2004079 cuda_stream.cc:239] stream not idle on destroy: INTERNAL: CUDA error: : CUDA_ERROR_ILLEGAL_ADDRESS: an illegal memory access was encountered
E1101 13:28:57.148013 2004079 cuda_stream.cc:244] failed to destroy CUDA stream for executor 0x14b894001450: INTERNAL: CUDA error: : CUDA_ERROR_ILLEGAL_ADDRESS: an illegal memory access was encountered
E1101 13:28:57.148026 2004079 cuda_event.cc:49] CUDA error: Error destroying CUDA event: CUDA_ERROR_ILLEGAL_ADDRESS: an illegal memory access was encountered
E1101 13:28:57.148042 2004079 cuda_stream.cc:239] stream not idle on destroy: INTERNAL: CUDA error: : CUDA_ERROR_ILLEGAL_ADDRESS: an illegal memory access was encountered
E1101 13:28:57.148055 2004079 cuda_stream.cc:244] failed to destroy CUDA stream for executor 0x14b894001450: INTERNAL: CUDA error: : CUDA_ERROR_ILLEGAL_ADDRESS: an illegal memory access was encountered
E1101 13:28:57.148068 2004079 cuda_event.cc:49] CUDA error: Error destroying CUDA event: CUDA_ERROR_ILLEGAL_ADDRESS: an illegal memory access was encountered
E1101 13:28:57.148084 2004079 cuda_stream.cc:239] stream not idle on destroy: INTERNAL: CUDA error: : CUDA_ERROR_ILLEGAL_ADDRESS: an illegal memory access was encountered
E1101 13:28:57.148096 2004079 cuda_stream.cc:244] failed to destroy CUDA stream for executor 0x14b894001450: INTERNAL: CUDA error: : CUDA_ERROR_ILLEGAL_ADDRESS: an illegal memory access was encountered
E1101 13:28:57.148109 2004079 cuda_event.cc:49] CUDA error: Error destroying CUDA event: CUDA_ERROR_ILLEGAL_ADDRESS: an illegal memory access was encountered
E1101 13:28:57.149215 2004079 cuda_stream.cc:239] stream not idle on destroy: INTERNAL: CUDA error: : CUDA_ERROR_ILLEGAL_ADDRESS: an illegal memory access was encountered
E1101 13:28:57.149426 2004079 cuda_stream.cc:244] failed to destroy CUDA stream for executor 0x14b894001450: INTERNAL: CUDA error: : CUDA_ERROR_ILLEGAL_ADDRESS: an illegal memory access was encountered
E1101 13:28:57.149449 2004079 cuda_event.cc:49] CUDA error: Error destroying CUDA event: CUDA_ERROR_ILLEGAL_ADDRESS: an illegal memory access was encountered
E1101 13:28:57.149467 2004079 cuda_stream.cc:239] stream not idle on destroy: INTERNAL: CUDA error: : CUDA_ERROR_ILLEGAL_ADDRESS: an illegal memory access was encountered
E1101 13:28:57.149481 2004079 cuda_stream.cc:244] failed to destroy CUDA stream for executor 0x14b894001450: INTERNAL: CUDA error: : CUDA_ERROR_ILLEGAL_ADDRESS: an illegal memory access was encountered
E1101 13:28:57.149496 2004079 cuda_event.cc:49] CUDA error: Error destroying CUDA event: CUDA_ERROR_ILLEGAL_ADDRESS: an illegal memory access was encountered
E1101 13:28:57.149513 2004079 cuda_stream.cc:239] stream not idle on destroy: INTERNAL: CUDA error: : CUDA_ERROR_ILLEGAL_ADDRESS: an illegal memory access was encountered
E1101 13:28:57.149527 2004079 cuda_stream.cc:244] failed to destroy CUDA stream for executor 0x14b894001450: INTERNAL: CUDA error: : CUDA_ERROR_ILLEGAL_ADDRESS: an illegal memory access was encountered
E1101 13:28:57.149541 2004079 cuda_event.cc:49] CUDA error: Error destroying CUDA event: CUDA_ERROR_ILLEGAL_ADDRESS: an illegal memory access was encountered
E1101 13:28:57.149557 2004079 cuda_stream.cc:239] stream not idle on destroy: INTERNAL: CUDA error: : CUDA_ERROR_ILLEGAL_ADDRESS: an illegal memory access was encountered
E1101 13:28:57.149570 2004079 cuda_stream.cc:244] failed to destroy CUDA stream for executor 0x14b894001450: INTERNAL: CUDA error: : CUDA_ERROR_ILLEGAL_ADDRESS: an illegal memory access was encountered
E1101 13:28:57.149584 2004079 cuda_event.cc:49] CUDA error: Error destroying CUDA event: CUDA_ERROR_ILLEGAL_ADDRESS: an illegal memory access was encountered
E1101 13:28:57.149600 2004079 cuda_stream.cc:239] stream not idle on destroy: INTERNAL: CUDA error: : CUDA_ERROR_ILLEGAL_ADDRESS: an illegal memory access was encountered
E1101 13:28:57.149614 2004079 cuda_stream.cc:244] failed to destroy CUDA stream for executor 0x14b894001450: INTERNAL: CUDA error: : CUDA_ERROR_ILLEGAL_ADDRESS: an illegal memory access was encountered
E1101 13:28:57.149627 2004079 cuda_event.cc:49] CUDA error: Error destroying CUDA event: CUDA_ERROR_ILLEGAL_ADDRESS: an illegal memory access was encountered
E1101 13:28:57.149643 2004079 cuda_stream.cc:239] stream not idle on destroy: INTERNAL: CUDA error: : CUDA_ERROR_ILLEGAL_ADDRESS: an illegal memory access was encountered
E1101 13:28:57.149656 2004079 cuda_stream.cc:244] failed to destroy CUDA stream for executor 0x14b894001450: INTERNAL: CUDA error: : CUDA_ERROR_ILLEGAL_ADDRESS: an illegal memory access was encountered
E1101 13:28:57.149670 2004079 cuda_event.cc:49] CUDA error: Error destroying CUDA event: CUDA_ERROR_ILLEGAL_ADDRESS: an illegal memory access was encountered
E1101 13:28:57.149708 2004079 cuda_event.cc:49] CUDA error: Error destroying CUDA event: CUDA_ERROR_ILLEGAL_ADDRESS: an illegal memory access was encountered
E1101 13:28:57.149731 2004079 cuda_event.cc:49] CUDA error: Error destroying CUDA event: CUDA_ERROR_ILLEGAL_ADDRESS: an illegal memory access was encountered
E1101 13:28:57.149758 2004079 cuda_event.cc:49] CUDA error: Error destroying CUDA event: CUDA_ERROR_ILLEGAL_ADDRESS: an illegal memory access was encountered
E1101 13:28:57.149772 2004079 cuda_event.cc:49] CUDA error: Error destroying CUDA event: CUDA_ERROR_ILLEGAL_ADDRESS: an illegal memory access was encountered
E1101 13:28:57.149785 2004079 cuda_event.cc:49] CUDA error: Error destroying CUDA event: CUDA_ERROR_ILLEGAL_ADDRESS: an illegal memory access was encountered
E1101 13:28:57.149800 2004079 cuda_event.cc:49] CUDA error: Error destroying CUDA event: CUDA_ERROR_ILLEGAL_ADDRESS: an illegal memory access was encountered
E1101 13:28:57.149811 2004079 cuda_event.cc:49] CUDA error: Error destroying CUDA event: CUDA_ERROR_ILLEGAL_ADDRESS: an illegal memory access was encountered
E1101 13:28:57.149825 2004079 cuda_event.cc:49] CUDA error: Error destroying CUDA event: CUDA_ERROR_ILLEGAL_ADDRESS: an illegal memory access was encountered
E1101 13:28:57.149838 2004079 cuda_event.cc:49] CUDA error: Error destroying CUDA event: CUDA_ERROR_ILLEGAL_ADDRESS: an illegal memory access was encountered
E1101 13:28:57.149851 2004079 cuda_event.cc:49] CUDA error: Error destroying CUDA event: CUDA_ERROR_ILLEGAL_ADDRESS: an illegal memory access was encountered
E1101 13:28:57.149863 2004079 cuda_event.cc:49] CUDA error: Error destroying CUDA event: CUDA_ERROR_ILLEGAL_ADDRESS: an illegal memory access was encountered
E1101 13:28:57.149876 2004079 cuda_event.cc:49] CUDA error: Error destroying CUDA event: CUDA_ERROR_ILLEGAL_ADDRESS: an illegal memory access was encountered
E1101 13:28:57.149889 2004079 cuda_event.cc:49] CUDA error: Error destroying CUDA event: CUDA_ERROR_ILLEGAL_ADDRESS: an illegal memory access was encountered
E1101 13:28:57.149901 2004079 cuda_event.cc:49] CUDA error: Error destroying CUDA event: CUDA_ERROR_ILLEGAL_ADDRESS: an illegal memory access was encountered
E1101 13:28:57.149914 2004079 cuda_event.cc:49] CUDA error: Error destroying CUDA event: CUDA_ERROR_ILLEGAL_ADDRESS: an illegal memory access was encountered
E1101 13:28:57.149925 2004079 cuda_event.cc:49] CUDA error: Error destroying CUDA event: CUDA_ERROR_ILLEGAL_ADDRESS: an illegal memory access was encountered
E1101 13:28:57.149938 2004079 cuda_event.cc:49] CUDA error: Error destroying CUDA event: CUDA_ERROR_ILLEGAL_ADDRESS: an illegal memory access was encountered
E1101 13:28:57.149951 2004079 cuda_event.cc:49] CUDA error: Error destroying CUDA event: CUDA_ERROR_ILLEGAL_ADDRESS: an illegal memory access was encountered
E1101 13:28:57.149963 2004079 cuda_event.cc:49] CUDA error: Error destroying CUDA event: CUDA_ERROR_ILLEGAL_ADDRESS: an illegal memory access was encountered
E1101 13:28:57.149976 2004079 cuda_event.cc:49] CUDA error: Error destroying CUDA event: CUDA_ERROR_ILLEGAL_ADDRESS: an illegal memory access was encountered
E1101 13:28:57.149990 2004079 cuda_event.cc:49] CUDA error: Error destroying CUDA event: CUDA_ERROR_ILLEGAL_ADDRESS: an illegal memory access was encountered
E1101 13:28:57.150005 2004079 cuda_event.cc:49] CUDA error: Error destroying CUDA event: CUDA_ERROR_ILLEGAL_ADDRESS: an illegal memory access was encountered
E1101 13:28:57.150018 2004079 cuda_event.cc:49] CUDA error: Error destroying CUDA event: CUDA_ERROR_ILLEGAL_ADDRESS: an illegal memory access was encountered
E1101 13:28:57.150030 2004079 cuda_event.cc:49] CUDA error: Error destroying CUDA event: CUDA_ERROR_ILLEGAL_ADDRESS: an illegal memory access was encountered
E1101 13:28:57.150043 2004079 cuda_event.cc:49] CUDA error: Error destroying CUDA event: CUDA_ERROR_ILLEGAL_ADDRESS: an illegal memory access was encountered
E1101 13:28:57.150055 2004079 cuda_event.cc:49] CUDA error: Error destroying CUDA event: CUDA_ERROR_ILLEGAL_ADDRESS: an illegal memory access was encountered
E1101 13:28:57.150068 2004079 cuda_event.cc:49] CUDA error: Error destroying CUDA event: CUDA_ERROR_ILLEGAL_ADDRESS: an illegal memory access was encountered
E1101 13:28:57.150082 2004079 cuda_event.cc:49] CUDA error: Error destroying CUDA event: CUDA_ERROR_ILLEGAL_ADDRESS: an illegal memory access was encountered
E1101 13:28:57.150098 2004079 cuda_event.cc:49] CUDA error: Error destroying CUDA event: CUDA_ERROR_ILLEGAL_ADDRESS: an illegal memory access was encountered
E1101 13:28:57.150116 2004079 cuda_event.cc:49] CUDA error: Error destroying CUDA event: CUDA_ERROR_ILLEGAL_ADDRESS: an illegal memory access was encountered
E1101 13:28:57.150129 2004079 cuda_event.cc:49] CUDA error: Error destroying CUDA event: CUDA_ERROR_ILLEGAL_ADDRESS: an illegal memory access was encountered
E1101 13:28:57.150142 2004079 cuda_event.cc:49] CUDA error: Error destroying CUDA event: CUDA_ERROR_ILLEGAL_ADDRESS: an illegal memory access was encountered
E1101 13:28:57.150155 2004079 cuda_event.cc:49] CUDA error: Error destroying CUDA event: CUDA_ERROR_ILLEGAL_ADDRESS: an illegal memory access was encountered
E1101 13:28:57.150169 2004079 cuda_event.cc:49] CUDA error: Error destroying CUDA event: CUDA_ERROR_ILLEGAL_ADDRESS: an illegal memory access was encountered
E1101 13:28:57.150181 2004079 cuda_event.cc:49] CUDA error: Error destroying CUDA event: CUDA_ERROR_ILLEGAL_ADDRESS: an illegal memory access was encountered
E1101 13:28:57.150194 2004079 cuda_event.cc:49] CUDA error: Error destroying CUDA event: CUDA_ERROR_ILLEGAL_ADDRESS: an illegal memory access was encountered
E1101 13:28:57.150209 2004079 cuda_event.cc:49] CUDA error: Error destroying CUDA event: CUDA_ERROR_ILLEGAL_ADDRESS: an illegal memory access was encountered
E1101 13:28:57.150221 2004079 cuda_event.cc:49] CUDA error: Error destroying CUDA event: CUDA_ERROR_ILLEGAL_ADDRESS: an illegal memory access was encountered
E1101 13:28:57.150233 2004079 cuda_event.cc:49] CUDA error: Error destroying CUDA event: CUDA_ERROR_ILLEGAL_ADDRESS: an illegal memory access was encountered
E1101 13:28:57.150246 2004079 cuda_event.cc:49] CUDA error: Error destroying CUDA event: CUDA_ERROR_ILLEGAL_ADDRESS: an illegal memory access was encountered
E1101 13:28:57.150259 2004079 cuda_event.cc:49] CUDA error: Error destroying CUDA event: CUDA_ERROR_ILLEGAL_ADDRESS: an illegal memory access was encountered
E1101 13:28:57.150271 2004079 cuda_event.cc:49] CUDA error: Error destroying CUDA event: CUDA_ERROR_ILLEGAL_ADDRESS: an illegal memory access was encountered
E1101 13:28:57.150283 2004079 cuda_event.cc:49] CUDA error: Error destroying CUDA event: CUDA_ERROR_ILLEGAL_ADDRESS: an illegal memory access was encountered
E1101 13:28:57.150296 2004079 cuda_event.cc:49] CUDA error: Error destroying CUDA event: CUDA_ERROR_ILLEGAL_ADDRESS: an illegal memory access was encountered
E1101 13:28:57.150308 2004079 cuda_event.cc:49] CUDA error: Error destroying CUDA event: CUDA_ERROR_ILLEGAL_ADDRESS: an illegal memory access was encountered
E1101 13:28:57.150320 2004079 cuda_event.cc:49] CUDA error: Error destroying CUDA event: CUDA_ERROR_ILLEGAL_ADDRESS: an illegal memory access was encountered
E1101 13:28:57.150333 2004079 cuda_event.cc:49] CUDA error: Error destroying CUDA event: CUDA_ERROR_ILLEGAL_ADDRESS: an illegal memory access was encountered
E1101 13:28:57.150345 2004079 cuda_event.cc:49] CUDA error: Error destroying CUDA event: CUDA_ERROR_ILLEGAL_ADDRESS: an illegal memory access was encountered
E1101 13:28:57.150358 2004079 cuda_event.cc:49] CUDA error: Error destroying CUDA event: CUDA_ERROR_ILLEGAL_ADDRESS: an illegal memory access was encountered
E1101 13:28:57.150371 2004079 cuda_event.cc:49] CUDA error: Error destroying CUDA event: CUDA_ERROR_ILLEGAL_ADDRESS: an illegal memory access was encountered
E1101 13:28:57.150383 2004079 cuda_event.cc:49] CUDA error: Error destroying CUDA event: CUDA_ERROR_ILLEGAL_ADDRESS: an illegal memory access was encountered
E1101 13:28:57.150398 2004079 cuda_event.cc:49] CUDA error: Error destroying CUDA event: CUDA_ERROR_ILLEGAL_ADDRESS: an illegal memory access was encountered
E1101 13:28:57.150411 2004079 cuda_event.cc:49] CUDA error: Error destroying CUDA event: CUDA_ERROR_ILLEGAL_ADDRESS: an illegal memory access was encountered
E1101 13:28:57.150426 2004079 cuda_event.cc:49] CUDA error: Error destroying CUDA event: CUDA_ERROR_ILLEGAL_ADDRESS: an illegal memory access was encountered
E1101 13:28:57.150438 2004079 cuda_event.cc:49] CUDA error: Error destroying CUDA event: CUDA_ERROR_ILLEGAL_ADDRESS: an illegal memory access was encountered
E1101 13:28:57.150451 2004079 cuda_event.cc:49] CUDA error: Error destroying CUDA event: CUDA_ERROR_ILLEGAL_ADDRESS: an illegal memory access was encountered
E1101 13:28:57.150463 2004079 cuda_event.cc:49] CUDA error: Error destroying CUDA event: CUDA_ERROR_ILLEGAL_ADDRESS: an illegal memory access was encountered
E1101 13:28:57.150476 2004079 cuda_event.cc:49] CUDA error: Error destroying CUDA event: CUDA_ERROR_ILLEGAL_ADDRESS: an illegal memory access was encountered
E1101 13:28:57.150488 2004079 cuda_event.cc:49] CUDA error: Error destroying CUDA event: CUDA_ERROR_ILLEGAL_ADDRESS: an illegal memory access was encountered
E1101 13:28:57.150502 2004079 cuda_event.cc:49] CUDA error: Error destroying CUDA event: CUDA_ERROR_ILLEGAL_ADDRESS: an illegal memory access was encountered
E1101 13:28:57.150515 2004079 cuda_event.cc:49] CUDA error: Error destroying CUDA event: CUDA_ERROR_ILLEGAL_ADDRESS: an illegal memory access was encountered
E1101 13:28:57.150543 2004079 cuda_event.cc:49] CUDA error: Error destroying CUDA event: CUDA_ERROR_ILLEGAL_ADDRESS: an illegal memory access was encountered
E1101 13:28:57.150555 2004079 cuda_event.cc:49] CUDA error: Error destroying CUDA event: CUDA_ERROR_ILLEGAL_ADDRESS: an illegal memory access was encountered
E1101 13:28:57.150566 2004079 cuda_event.cc:49] CUDA error: Error destroying CUDA event: CUDA_ERROR_ILLEGAL_ADDRESS: an illegal memory access was encountered
E1101 13:28:57.150579 2004079 cuda_event.cc:49] CUDA error: Error destroying CUDA event: CUDA_ERROR_ILLEGAL_ADDRESS: an illegal memory access was encountered
E1101 13:28:57.150591 2004079 cuda_event.cc:49] CUDA error: Error destroying CUDA event: CUDA_ERROR_ILLEGAL_ADDRESS: an illegal memory access was encountered
E1101 13:28:57.150602 2004079 cuda_event.cc:49] CUDA error: Error destroying CUDA event: CUDA_ERROR_ILLEGAL_ADDRESS: an illegal memory access was encountered
E1101 13:28:57.150619 2004079 cuda_event.cc:49] CUDA error: Error destroying CUDA event: CUDA_ERROR_ILLEGAL_ADDRESS: an illegal memory access was encountered
E1101 13:28:57.150632 2004079 cuda_event.cc:49] CUDA error: Error destroying CUDA event: CUDA_ERROR_ILLEGAL_ADDRESS: an illegal memory access was encountered
E1101 13:28:57.150644 2004079 cuda_event.cc:49] CUDA error: Error destroying CUDA event: CUDA_ERROR_ILLEGAL_ADDRESS: an illegal memory access was encountered
E1101 13:28:57.150655 2004079 cuda_event.cc:49] CUDA error: Error destroying CUDA event: CUDA_ERROR_ILLEGAL_ADDRESS: an illegal memory access was encountered
E1101 13:28:57.150668 2004079 cuda_event.cc:49] CUDA error: Error destroying CUDA event: CUDA_ERROR_ILLEGAL_ADDRESS: an illegal memory access was encountered
E1101 13:28:57.150680 2004079 cuda_event.cc:49] CUDA error: Error destroying CUDA event: CUDA_ERROR_ILLEGAL_ADDRESS: an illegal memory access was encountered
E1101 13:28:57.150691 2004079 cuda_event.cc:49] CUDA error: Error destroying CUDA event: CUDA_ERROR_ILLEGAL_ADDRESS: an illegal memory access was encountered
E1101 13:28:57.150703 2004079 cuda_event.cc:49] CUDA error: Error destroying CUDA event: CUDA_ERROR_ILLEGAL_ADDRESS: an illegal memory access was encountered
E1101 13:28:57.150715 2004079 cuda_event.cc:49] CUDA error: Error destroying CUDA event: CUDA_ERROR_ILLEGAL_ADDRESS: an illegal memory access was encountered
E1101 13:28:57.150727 2004079 cuda_event.cc:49] CUDA error: Error destroying CUDA event: CUDA_ERROR_ILLEGAL_ADDRESS: an illegal memory access was encountered
E1101 13:28:57.150739 2004079 cuda_event.cc:49] CUDA error: Error destroying CUDA event: CUDA_ERROR_ILLEGAL_ADDRESS: an illegal memory access was encountered
E1101 13:28:57.150767 2004079 cuda_event.cc:49] CUDA error: Error destroying CUDA event: CUDA_ERROR_ILLEGAL_ADDRESS: an illegal memory access was encountered
E1101 13:28:57.150789 2004079 cuda_event.cc:49] CUDA error: Error destroying CUDA event: CUDA_ERROR_ILLEGAL_ADDRESS: an illegal memory access was encountered
E1101 13:28:57.150801 2004079 cuda_event.cc:49] CUDA error: Error destroying CUDA event: CUDA_ERROR_ILLEGAL_ADDRESS: an illegal memory access was encountered
E1101 13:28:57.150814 2004079 cuda_event.cc:49] CUDA error: Error destroying CUDA event: CUDA_ERROR_ILLEGAL_ADDRESS: an illegal memory access was encountered
E1101 13:28:57.150826 2004079 cuda_event.cc:49] CUDA error: Error destroying CUDA event: CUDA_ERROR_ILLEGAL_ADDRESS: an illegal memory access was encountered
E1101 13:28:57.150838 2004079 cuda_event.cc:49] CUDA error: Error destroying CUDA event: CUDA_ERROR_ILLEGAL_ADDRESS: an illegal memory access was encountered
E1101 13:28:57.150850 2004079 cuda_event.cc:49] CUDA error: Error destroying CUDA event: CUDA_ERROR_ILLEGAL_ADDRESS: an illegal memory access was encountered
E1101 13:28:57.150863 2004079 cuda_event.cc:49] CUDA error: Error destroying CUDA event: CUDA_ERROR_ILLEGAL_ADDRESS: an illegal memory access was encountered
E1101 13:28:57.150875 2004079 cuda_event.cc:49] CUDA error: Error destroying CUDA event: CUDA_ERROR_ILLEGAL_ADDRESS: an illegal memory access was encountered
E1101 13:28:57.150889 2004079 cuda_event.cc:49] CUDA error: Error destroying CUDA event: CUDA_ERROR_ILLEGAL_ADDRESS: an illegal memory access was encountered
E1101 13:28:57.150901 2004079 cuda_event.cc:49] CUDA error: Error destroying CUDA event: CUDA_ERROR_ILLEGAL_ADDRESS: an illegal memory access was encountered
E1101 13:28:57.150914 2004079 cuda_event.cc:49] CUDA error: Error destroying CUDA event: CUDA_ERROR_ILLEGAL_ADDRESS: an illegal memory access was encountered
E1101 13:28:57.150926 2004079 cuda_event.cc:49] CUDA error: Error destroying CUDA event: CUDA_ERROR_ILLEGAL_ADDRESS: an illegal memory access was encountered
E1101 13:28:57.150938 2004079 cuda_event.cc:49] CUDA error: Error destroying CUDA event: CUDA_ERROR_ILLEGAL_ADDRESS: an illegal memory access was encountered
E1101 13:28:57.150952 2004079 cuda_event.cc:49] CUDA error: Error destroying CUDA event: CUDA_ERROR_ILLEGAL_ADDRESS: an illegal memory access was encountered
E1101 13:28:57.150972 2004079 cuda_event.cc:49] CUDA error: Error destroying CUDA event: CUDA_ERROR_ILLEGAL_ADDRESS: an illegal memory access was encountered
E1101 13:28:57.150984 2004079 cuda_event.cc:49] CUDA error: Error destroying CUDA event: CUDA_ERROR_ILLEGAL_ADDRESS: an illegal memory access was encountered
E1101 13:28:57.150999 2004079 cuda_event.cc:49] CUDA error: Error destroying CUDA event: CUDA_ERROR_ILLEGAL_ADDRESS: an illegal memory access was encountered
E1101 13:28:57.151014 2004079 cuda_event.cc:49] CUDA error: Error destroying CUDA event: CUDA_ERROR_ILLEGAL_ADDRESS: an illegal memory access was encountered
E1101 13:28:57.151027 2004079 cuda_event.cc:49] CUDA error: Error destroying CUDA event: CUDA_ERROR_ILLEGAL_ADDRESS: an illegal memory access was encountered
E1101 13:28:57.151039 2004079 cuda_event.cc:49] CUDA error: Error destroying CUDA event: CUDA_ERROR_ILLEGAL_ADDRESS: an illegal memory access was encountered
E1101 13:28:57.151053 2004079 cuda_event.cc:49] CUDA error: Error destroying CUDA event: CUDA_ERROR_ILLEGAL_ADDRESS: an illegal memory access was encountered
E1101 13:28:57.151066 2004079 cuda_event.cc:49] CUDA error: Error destroying CUDA event: CUDA_ERROR_ILLEGAL_ADDRESS: an illegal memory access was encountered
E1101 13:28:57.151078 2004079 cuda_event.cc:49] CUDA error: Error destroying CUDA event: CUDA_ERROR_ILLEGAL_ADDRESS: an illegal memory access was encountered
E1101 13:28:57.151090 2004079 cuda_event.cc:49] CUDA error: Error destroying CUDA event: CUDA_ERROR_ILLEGAL_ADDRESS: an illegal memory access was encountered
E1101 13:28:57.151102 2004079 cuda_event.cc:49] CUDA error: Error destroying CUDA event: CUDA_ERROR_ILLEGAL_ADDRESS: an illegal memory access was encountered
E1101 13:28:57.151115 2004079 cuda_event.cc:49] CUDA error: Error destroying CUDA event: CUDA_ERROR_ILLEGAL_ADDRESS: an illegal memory access was encountered
E1101 13:28:57.151128 2004079 cuda_event.cc:49] CUDA error: Error destroying CUDA event: CUDA_ERROR_ILLEGAL_ADDRESS: an illegal memory access was encountered
E1101 13:28:57.151143 2004079 cuda_event.cc:49] CUDA error: Error destroying CUDA event: CUDA_ERROR_ILLEGAL_ADDRESS: an illegal memory access was encountered
E1101 13:28:57.151156 2004079 cuda_event.cc:49] CUDA error: Error destroying CUDA event: CUDA_ERROR_ILLEGAL_ADDRESS: an illegal memory access was encountered
E1101 13:28:57.151170 2004079 cuda_event.cc:49] CUDA error: Error destroying CUDA event: CUDA_ERROR_ILLEGAL_ADDRESS: an illegal memory access was encountered
E1101 13:28:57.151186 2004079 cuda_event.cc:49] CUDA error: Error destroying CUDA event: CUDA_ERROR_ILLEGAL_ADDRESS: an illegal memory access was encountered
E1101 13:28:57.151199 2004079 cuda_event.cc:49] CUDA error: Error destroying CUDA event: CUDA_ERROR_ILLEGAL_ADDRESS: an illegal memory access was encountered
E1101 13:28:57.151213 2004079 cuda_event.cc:49] CUDA error: Error destroying CUDA event: CUDA_ERROR_ILLEGAL_ADDRESS: an illegal memory access was encountered
E1101 13:28:57.151226 2004079 cuda_event.cc:49] CUDA error: Error destroying CUDA event: CUDA_ERROR_ILLEGAL_ADDRESS: an illegal memory access was encountered
E1101 13:28:57.151239 2004079 cuda_event.cc:49] CUDA error: Error destroying CUDA event: CUDA_ERROR_ILLEGAL_ADDRESS: an illegal memory access was encountered
E1101 13:28:57.151251 2004079 cuda_event.cc:49] CUDA error: Error destroying CUDA event: CUDA_ERROR_ILLEGAL_ADDRESS: an illegal memory access was encountered
E1101 13:28:57.151263 2004079 cuda_event.cc:49] CUDA error: Error destroying CUDA event: CUDA_ERROR_ILLEGAL_ADDRESS: an illegal memory access was encountered
E1101 13:28:57.151275 2004079 cuda_event.cc:49] CUDA error: Error destroying CUDA event: CUDA_ERROR_ILLEGAL_ADDRESS: an illegal memory access was encountered
E1101 13:28:57.151288 2004079 cuda_event.cc:49] CUDA error: Error destroying CUDA event: CUDA_ERROR_ILLEGAL_ADDRESS: an illegal memory access was encountered
E1101 13:28:57.151300 2004079 cuda_event.cc:49] CUDA error: Error destroying CUDA event: CUDA_ERROR_ILLEGAL_ADDRESS: an illegal memory access was encountered
E1101 13:28:57.151312 2004079 cuda_event.cc:49] CUDA error: Error destroying CUDA event: CUDA_ERROR_ILLEGAL_ADDRESS: an illegal memory access was encountered
E1101 13:28:57.151324 2004079 cuda_event.cc:49] CUDA error: Error destroying CUDA event: CUDA_ERROR_ILLEGAL_ADDRESS: an illegal memory access was encountered
E1101 13:28:57.151336 2004079 cuda_event.cc:49] CUDA error: Error destroying CUDA event: CUDA_ERROR_ILLEGAL_ADDRESS: an illegal memory access was encountered
E1101 13:28:57.151349 2004079 cuda_event.cc:49] CUDA error: Error destroying CUDA event: CUDA_ERROR_ILLEGAL_ADDRESS: an illegal memory access was encountered
E1101 13:28:57.151361 2004079 cuda_event.cc:49] CUDA error: Error destroying CUDA event: CUDA_ERROR_ILLEGAL_ADDRESS: an illegal memory access was encountered
E1101 13:28:57.151386 2004079 cuda_event.cc:49] CUDA error: Error destroying CUDA event: CUDA_ERROR_ILLEGAL_ADDRESS: an illegal memory access was encountered
E1101 13:28:57.151399 2004079 cuda_event.cc:49] CUDA error: Error destroying CUDA event: CUDA_ERROR_ILLEGAL_ADDRESS: an illegal memory access was encountered
E1101 13:28:57.151411 2004079 cuda_event.cc:49] CUDA error: Error destroying CUDA event: CUDA_ERROR_ILLEGAL_ADDRESS: an illegal memory access was encountered
E1101 13:28:57.151424 2004079 cuda_event.cc:49] CUDA error: Error destroying CUDA event: CUDA_ERROR_ILLEGAL_ADDRESS: an illegal memory access was encountered
E1101 13:28:57.151438 2004079 cuda_event.cc:49] CUDA error: Error destroying CUDA event: CUDA_ERROR_ILLEGAL_ADDRESS: an illegal memory access was encountered
E1101 13:28:57.151451 2004079 cuda_event.cc:49] CUDA error: Error destroying CUDA event: CUDA_ERROR_ILLEGAL_ADDRESS: an illegal memory access was encountered
E1101 13:28:57.151463 2004079 cuda_event.cc:49] CUDA error: Error destroying CUDA event: CUDA_ERROR_ILLEGAL_ADDRESS: an illegal memory access was encountered
E1101 13:28:57.151475 2004079 cuda_event.cc:49] CUDA error: Error destroying CUDA event: CUDA_ERROR_ILLEGAL_ADDRESS: an illegal memory access was encountered
E1101 13:28:57.151488 2004079 cuda_event.cc:49] CUDA error: Error destroying CUDA event: CUDA_ERROR_ILLEGAL_ADDRESS: an illegal memory access was encountered
E1101 13:28:57.151500 2004079 cuda_event.cc:49] CUDA error: Error destroying CUDA event: CUDA_ERROR_ILLEGAL_ADDRESS: an illegal memory access was encountered
E1101 13:28:57.151512 2004079 cuda_event.cc:49] CUDA error: Error destroying CUDA event: CUDA_ERROR_ILLEGAL_ADDRESS: an illegal memory access was encountered
E1101 13:28:57.151525 2004079 cuda_event.cc:49] CUDA error: Error destroying CUDA event: CUDA_ERROR_ILLEGAL_ADDRESS: an illegal memory access was encountered
E1101 13:28:57.151537 2004079 cuda_event.cc:49] CUDA error: Error destroying CUDA event: CUDA_ERROR_ILLEGAL_ADDRESS: an illegal memory access was encountered
E1101 13:28:57.151556 2004079 cuda_event.cc:49] CUDA error: Error destroying CUDA event: CUDA_ERROR_ILLEGAL_ADDRESS: an illegal memory access was encountered
E1101 13:28:57.151568 2004079 cuda_event.cc:49] CUDA error: Error destroying CUDA event: CUDA_ERROR_ILLEGAL_ADDRESS: an illegal memory access was encountered
E1101 13:28:57.151586 2004079 cuda_event.cc:49] CUDA error: Error destroying CUDA event: CUDA_ERROR_ILLEGAL_ADDRESS: an illegal memory access was encountered
E1101 13:28:57.151599 2004079 cuda_event.cc:49] CUDA error: Error destroying CUDA event: CUDA_ERROR_ILLEGAL_ADDRESS: an illegal memory access was encountered
E1101 13:28:57.151612 2004079 cuda_event.cc:49] CUDA error: Error destroying CUDA event: CUDA_ERROR_ILLEGAL_ADDRESS: an illegal memory access was encountered
E1101 13:28:57.151624 2004079 cuda_event.cc:49] CUDA error: Error destroying CUDA event: CUDA_ERROR_ILLEGAL_ADDRESS: an illegal memory access was encountered
E1101 13:28:57.151638 2004079 cuda_event.cc:49] CUDA error: Error destroying CUDA event: CUDA_ERROR_ILLEGAL_ADDRESS: an illegal memory access was encountered
E1101 13:28:57.151651 2004079 cuda_event.cc:49] CUDA error: Error destroying CUDA event: CUDA_ERROR_ILLEGAL_ADDRESS: an illegal memory access was encountered
E1101 13:28:57.151665 2004079 cuda_event.cc:49] CUDA error: Error destroying CUDA event: CUDA_ERROR_ILLEGAL_ADDRESS: an illegal memory access was encountered
E1101 13:28:57.151677 2004079 cuda_event.cc:49] CUDA error: Error destroying CUDA event: CUDA_ERROR_ILLEGAL_ADDRESS: an illegal memory access was encountered
E1101 13:28:57.151690 2004079 cuda_event.cc:49] CUDA error: Error destroying CUDA event: CUDA_ERROR_ILLEGAL_ADDRESS: an illegal memory access was encountered
E1101 13:28:57.151703 2004079 cuda_event.cc:49] CUDA error: Error destroying CUDA event: CUDA_ERROR_ILLEGAL_ADDRESS: an illegal memory access was encountered
E1101 13:28:57.151717 2004079 cuda_event.cc:49] CUDA error: Error destroying CUDA event: CUDA_ERROR_ILLEGAL_ADDRESS: an illegal memory access was encountered
E1101 13:28:57.151731 2004079 cuda_event.cc:49] CUDA error: Error destroying CUDA event: CUDA_ERROR_ILLEGAL_ADDRESS: an illegal memory access was encountered
E1101 13:28:57.151752 2004079 cuda_event.cc:49] CUDA error: Error destroying CUDA event: CUDA_ERROR_ILLEGAL_ADDRESS: an illegal memory access was encountered
E1101 13:28:57.151772 2004079 cuda_event.cc:49] CUDA error: Error destroying CUDA event: CUDA_ERROR_ILLEGAL_ADDRESS: an illegal memory access was encountered
E1101 13:28:57.151784 2004079 cuda_event.cc:49] CUDA error: Error destroying CUDA event: CUDA_ERROR_ILLEGAL_ADDRESS: an illegal memory access was encountered
E1101 13:28:57.151796 2004079 cuda_event.cc:49] CUDA error: Error destroying CUDA event: CUDA_ERROR_ILLEGAL_ADDRESS: an illegal memory access was encountered
E1101 13:28:57.151813 2004079 cuda_event.cc:49] CUDA error: Error destroying CUDA event: CUDA_ERROR_ILLEGAL_ADDRESS: an illegal memory access was encountered
E1101 13:28:57.151825 2004079 cuda_event.cc:49] CUDA error: Error destroying CUDA event: CUDA_ERROR_ILLEGAL_ADDRESS: an illegal memory access was encountered
E1101 13:28:57.151838 2004079 cuda_event.cc:49] CUDA error: Error destroying CUDA event: CUDA_ERROR_ILLEGAL_ADDRESS: an illegal memory access was encountered
E1101 13:28:57.151850 2004079 cuda_event.cc:49] CUDA error: Error destroying CUDA event: CUDA_ERROR_ILLEGAL_ADDRESS: an illegal memory access was encountered
E1101 13:28:57.151862 2004079 cuda_event.cc:49] CUDA error: Error destroying CUDA event: CUDA_ERROR_ILLEGAL_ADDRESS: an illegal memory access was encountered
E1101 13:28:57.151875 2004079 cuda_event.cc:49] CUDA error: Error destroying CUDA event: CUDA_ERROR_ILLEGAL_ADDRESS: an illegal memory access was encountered
E1101 13:28:57.151888 2004079 cuda_event.cc:49] CUDA error: Error destroying CUDA event: CUDA_ERROR_ILLEGAL_ADDRESS: an illegal memory access was encountered
E1101 13:28:57.151900 2004079 cuda_event.cc:49] CUDA error: Error destroying CUDA event: CUDA_ERROR_ILLEGAL_ADDRESS: an illegal memory access was encountered
E1101 13:28:57.151913 2004079 cuda_event.cc:49] CUDA error: Error destroying CUDA event: CUDA_ERROR_ILLEGAL_ADDRESS: an illegal memory access was encountered
E1101 13:28:57.151925 2004079 cuda_event.cc:49] CUDA error: Error destroying CUDA event: CUDA_ERROR_ILLEGAL_ADDRESS: an illegal memory access was encountered
E1101 13:28:57.151939 2004079 cuda_event.cc:49] CUDA error: Error destroying CUDA event: CUDA_ERROR_ILLEGAL_ADDRESS: an illegal memory access was encountered
E1101 13:28:57.151951 2004079 cuda_event.cc:49] CUDA error: Error destroying CUDA event: CUDA_ERROR_ILLEGAL_ADDRESS: an illegal memory access was encountered
E1101 13:28:57.151965 2004079 cuda_event.cc:49] CUDA error: Error destroying CUDA event: CUDA_ERROR_ILLEGAL_ADDRESS: an illegal memory access was encountered
E1101 13:28:57.151980 2004079 cuda_event.cc:49] CUDA error: Error destroying CUDA event: CUDA_ERROR_ILLEGAL_ADDRESS: an illegal memory access was encountered
E1101 13:28:57.151992 2004079 cuda_event.cc:49] CUDA error: Error destroying CUDA event: CUDA_ERROR_ILLEGAL_ADDRESS: an illegal memory access was encountered
E1101 13:28:57.152004 2004079 cuda_event.cc:49] CUDA error: Error destroying CUDA event: CUDA_ERROR_ILLEGAL_ADDRESS: an illegal memory access was encountered
E1101 13:28:57.152018 2004079 cuda_event.cc:49] CUDA error: Error destroying CUDA event: CUDA_ERROR_ILLEGAL_ADDRESS: an illegal memory access was encountered
E1101 13:28:57.152031 2004079 cuda_event.cc:49] CUDA error: Error destroying CUDA event: CUDA_ERROR_ILLEGAL_ADDRESS: an illegal memory access was encountered
E1101 13:28:57.152043 2004079 cuda_event.cc:49] CUDA error: Error destroying CUDA event: CUDA_ERROR_ILLEGAL_ADDRESS: an illegal memory access was encountered
E1101 13:28:57.152071 2004079 cuda_event.cc:49] CUDA error: Error destroying CUDA event: CUDA_ERROR_ILLEGAL_ADDRESS: an illegal memory access was encountered
E1101 13:28:57.152084 2004079 cuda_event.cc:49] CUDA error: Error destroying CUDA event: CUDA_ERROR_ILLEGAL_ADDRESS: an illegal memory access was encountered
E1101 13:28:57.152097 2004079 cuda_event.cc:49] CUDA error: Error destroying CUDA event: CUDA_ERROR_ILLEGAL_ADDRESS: an illegal memory access was encountered
E1101 13:28:57.152109 2004079 cuda_event.cc:49] CUDA error: Error destroying CUDA event: CUDA_ERROR_ILLEGAL_ADDRESS: an illegal memory access was encountered
E1101 13:28:57.152121 2004079 cuda_event.cc:49] CUDA error: Error destroying CUDA event: CUDA_ERROR_ILLEGAL_ADDRESS: an illegal memory access was encountered
E1101 13:28:57.152132 2004079 cuda_event.cc:49] CUDA error: Error destroying CUDA event: CUDA_ERROR_ILLEGAL_ADDRESS: an illegal memory access was encountered
E1101 13:28:57.152150 2004079 cuda_event.cc:49] CUDA error: Error destroying CUDA event: CUDA_ERROR_ILLEGAL_ADDRESS: an illegal memory access was encountered
E1101 13:28:57.152162 2004079 cuda_event.cc:49] CUDA error: Error destroying CUDA event: CUDA_ERROR_ILLEGAL_ADDRESS: an illegal memory access was encountered
E1101 13:28:57.152174 2004079 cuda_event.cc:49] CUDA error: Error destroying CUDA event: CUDA_ERROR_ILLEGAL_ADDRESS: an illegal memory access was encountered
E1101 13:28:57.152188 2004079 cuda_event.cc:49] CUDA error: Error destroying CUDA event: CUDA_ERROR_ILLEGAL_ADDRESS: an illegal memory access was encountered
E1101 13:28:57.152200 2004079 cuda_event.cc:49] CUDA error: Error destroying CUDA event: CUDA_ERROR_ILLEGAL_ADDRESS: an illegal memory access was encountered
E1101 13:28:57.152211 2004079 cuda_event.cc:49] CUDA error: Error destroying CUDA event: CUDA_ERROR_ILLEGAL_ADDRESS: an illegal memory access was encountered
E1101 13:28:57.152223 2004079 cuda_event.cc:49] CUDA error: Error destroying CUDA event: CUDA_ERROR_ILLEGAL_ADDRESS: an illegal memory access was encountered
E1101 13:28:57.152241 2004079 cuda_event.cc:49] CUDA error: Error destroying CUDA event: CUDA_ERROR_ILLEGAL_ADDRESS: an illegal memory access was encountered
E1101 13:28:57.152255 2004079 cuda_event.cc:49] CUDA error: Error destroying CUDA event: CUDA_ERROR_ILLEGAL_ADDRESS: an illegal memory access was encountered
E1101 13:28:57.152268 2004079 cuda_event.cc:49] CUDA error: Error destroying CUDA event: CUDA_ERROR_ILLEGAL_ADDRESS: an illegal memory access was encountered
E1101 13:28:57.152280 2004079 cuda_event.cc:49] CUDA error: Error destroying CUDA event: CUDA_ERROR_ILLEGAL_ADDRESS: an illegal memory access was encountered
E1101 13:28:57.152292 2004079 cuda_event.cc:49] CUDA error: Error destroying CUDA event: CUDA_ERROR_ILLEGAL_ADDRESS: an illegal memory access was encountered
E1101 13:28:57.152308 2004079 cuda_event.cc:49] CUDA error: Error destroying CUDA event: CUDA_ERROR_ILLEGAL_ADDRESS: an illegal memory access was encountered
E1101 13:28:57.152326 2004079 cuda_event.cc:49] CUDA error: Error destroying CUDA event: CUDA_ERROR_ILLEGAL_ADDRESS: an illegal memory access was encountered
E1101 13:28:57.152338 2004079 cuda_event.cc:49] CUDA error: Error destroying CUDA event: CUDA_ERROR_ILLEGAL_ADDRESS: an illegal memory access was encountered
E1101 13:28:57.152356 2004079 cuda_event.cc:49] CUDA error: Error destroying CUDA event: CUDA_ERROR_ILLEGAL_ADDRESS: an illegal memory access was encountered
E1101 13:28:57.152368 2004079 cuda_event.cc:49] CUDA error: Error destroying CUDA event: CUDA_ERROR_ILLEGAL_ADDRESS: an illegal memory access was encountered
E1101 13:28:57.152379 2004079 cuda_event.cc:49] CUDA error: Error destroying CUDA event: CUDA_ERROR_ILLEGAL_ADDRESS: an illegal memory access was encountered
E1101 13:28:57.152391 2004079 cuda_event.cc:49] CUDA error: Error destroying CUDA event: CUDA_ERROR_ILLEGAL_ADDRESS: an illegal memory access was encountered
E1101 13:28:57.152403 2004079 cuda_event.cc:49] CUDA error: Error destroying CUDA event: CUDA_ERROR_ILLEGAL_ADDRESS: an illegal memory access was encountered
E1101 13:28:57.152417 2004079 cuda_event.cc:49] CUDA error: Error destroying CUDA event: CUDA_ERROR_ILLEGAL_ADDRESS: an illegal memory access was encountered
E1101 13:28:57.152429 2004079 cuda_event.cc:49] CUDA error: Error destroying CUDA event: CUDA_ERROR_ILLEGAL_ADDRESS: an illegal memory access was encountered
E1101 13:28:57.152440 2004079 cuda_event.cc:49] CUDA error: Error destroying CUDA event: CUDA_ERROR_ILLEGAL_ADDRESS: an illegal memory access was encountered
E1101 13:28:57.152451 2004079 cuda_event.cc:49] CUDA error: Error destroying CUDA event: CUDA_ERROR_ILLEGAL_ADDRESS: an illegal memory access was encountered
E1101 13:28:57.152464 2004079 cuda_event.cc:49] CUDA error: Error destroying CUDA event: CUDA_ERROR_ILLEGAL_ADDRESS: an illegal memory access was encountered
E1101 13:28:57.152475 2004079 cuda_event.cc:49] CUDA error: Error destroying CUDA event: CUDA_ERROR_ILLEGAL_ADDRESS: an illegal memory access was encountered
E1101 13:28:57.152486 2004079 cuda_event.cc:49] CUDA error: Error destroying CUDA event: CUDA_ERROR_ILLEGAL_ADDRESS: an illegal memory access was encountered
E1101 13:28:57.152498 2004079 cuda_event.cc:49] CUDA error: Error destroying CUDA event: CUDA_ERROR_ILLEGAL_ADDRESS: an illegal memory access was encountered
E1101 13:28:57.152511 2004079 cuda_event.cc:49] CUDA error: Error destroying CUDA event: CUDA_ERROR_ILLEGAL_ADDRESS: an illegal memory access was encountered
E1101 13:28:57.152523 2004079 cuda_event.cc:49] CUDA error: Error destroying CUDA event: CUDA_ERROR_ILLEGAL_ADDRESS: an illegal memory access was encountered
E1101 13:28:57.152535 2004079 cuda_event.cc:49] CUDA error: Error destroying CUDA event: CUDA_ERROR_ILLEGAL_ADDRESS: an illegal memory access was encountered
E1101 13:28:57.152551 2004079 cuda_event.cc:49] CUDA error: Error destroying CUDA event: CUDA_ERROR_ILLEGAL_ADDRESS: an illegal memory access was encountered
E1101 13:28:57.152564 2004079 cuda_event.cc:49] CUDA error: Error destroying CUDA event: CUDA_ERROR_ILLEGAL_ADDRESS: an illegal memory access was encountered
E1101 13:28:57.152603 2004079 cuda_event.cc:49] CUDA error: Error destroying CUDA event: CUDA_ERROR_ILLEGAL_ADDRESS: an illegal memory access was encountered
E1101 13:28:57.152616 2004079 cuda_event.cc:49] CUDA error: Error destroying CUDA event: CUDA_ERROR_ILLEGAL_ADDRESS: an illegal memory access was encountered
E1101 13:28:57.152629 2004079 cuda_event.cc:49] CUDA error: Error destroying CUDA event: CUDA_ERROR_ILLEGAL_ADDRESS: an illegal memory access was encountered
E1101 13:28:57.152644 2004079 cuda_event.cc:49] CUDA error: Error destroying CUDA event: CUDA_ERROR_ILLEGAL_ADDRESS: an illegal memory access was encountered
E1101 13:28:57.152656 2004079 cuda_event.cc:49] CUDA error: Error destroying CUDA event: CUDA_ERROR_ILLEGAL_ADDRESS: an illegal memory access was encountered
E1101 13:28:57.152679 2004079 cuda_event.cc:49] CUDA error: Error destroying CUDA event: CUDA_ERROR_ILLEGAL_ADDRESS: an illegal memory access was encountered
E1101 13:28:57.152692 2004079 cuda_event.cc:49] CUDA error: Error destroying CUDA event: CUDA_ERROR_ILLEGAL_ADDRESS: an illegal memory access was encountered
E1101 13:28:57.152704 2004079 cuda_event.cc:49] CUDA error: Error destroying CUDA event: CUDA_ERROR_ILLEGAL_ADDRESS: an illegal memory access was encountered
E1101 13:28:57.152716 2004079 cuda_event.cc:49] CUDA error: Error destroying CUDA event: CUDA_ERROR_ILLEGAL_ADDRESS: an illegal memory access was encountered
E1101 13:28:57.152727 2004079 cuda_event.cc:49] CUDA error: Error destroying CUDA event: CUDA_ERROR_ILLEGAL_ADDRESS: an illegal memory access was encountered
E1101 13:28:57.152739 2004079 cuda_event.cc:49] CUDA error: Error destroying CUDA event: CUDA_ERROR_ILLEGAL_ADDRESS: an illegal memory access was encountered
E1101 13:28:57.152753 2004079 cuda_event.cc:49] CUDA error: Error destroying CUDA event: CUDA_ERROR_ILLEGAL_ADDRESS: an illegal memory access was encountered
E1101 13:28:57.152765 2004079 cuda_event.cc:49] CUDA error: Error destroying CUDA event: CUDA_ERROR_ILLEGAL_ADDRESS: an illegal memory access was encountered
E1101 13:28:57.152783 2004079 cuda_event.cc:49] CUDA error: Error destroying CUDA event: CUDA_ERROR_ILLEGAL_ADDRESS: an illegal memory access was encountered
E1101 13:28:57.152795 2004079 cuda_event.cc:49] CUDA error: Error destroying CUDA event: CUDA_ERROR_ILLEGAL_ADDRESS: an illegal memory access was encountered
E1101 13:28:57.152809 2004079 cuda_event.cc:49] CUDA error: Error destroying CUDA event: CUDA_ERROR_ILLEGAL_ADDRESS: an illegal memory access was encountered
E1101 13:28:57.152822 2004079 cuda_event.cc:49] CUDA error: Error destroying CUDA event: CUDA_ERROR_ILLEGAL_ADDRESS: an illegal memory access was encountered
E1101 13:28:57.152846 2004079 cuda_event.cc:49] CUDA error: Error destroying CUDA event: CUDA_ERROR_ILLEGAL_ADDRESS: an illegal memory access was encountered
E1101 13:28:57.152861 2004079 cuda_event.cc:49] CUDA error: Error destroying CUDA event: CUDA_ERROR_ILLEGAL_ADDRESS: an illegal memory access was encountered
E1101 13:28:57.152873 2004079 cuda_event.cc:49] CUDA error: Error destroying CUDA event: CUDA_ERROR_ILLEGAL_ADDRESS: an illegal memory access was encountered
E1101 13:28:57.152885 2004079 cuda_event.cc:49] CUDA error: Error destroying CUDA event: CUDA_ERROR_ILLEGAL_ADDRESS: an illegal memory access was encountered
E1101 13:28:57.152896 2004079 cuda_event.cc:49] CUDA error: Error destroying CUDA event: CUDA_ERROR_ILLEGAL_ADDRESS: an illegal memory access was encountered
E1101 13:28:57.152928 2004079 cuda_event.cc:49] CUDA error: Error destroying CUDA event: CUDA_ERROR_ILLEGAL_ADDRESS: an illegal memory access was encountered
E1101 13:28:57.152942 2004079 cuda_event.cc:49] CUDA error: Error destroying CUDA event: CUDA_ERROR_ILLEGAL_ADDRESS: an illegal memory access was encountered
E1101 13:28:57.152955 2004079 cuda_event.cc:49] CUDA error: Error destroying CUDA event: CUDA_ERROR_ILLEGAL_ADDRESS: an illegal memory access was encountered
E1101 13:28:57.152985 2004079 cuda_event.cc:49] CUDA error: Error destroying CUDA event: CUDA_ERROR_ILLEGAL_ADDRESS: an illegal memory access was encountered
E1101 13:28:57.152997 2004079 cuda_event.cc:49] CUDA error: Error destroying CUDA event: CUDA_ERROR_ILLEGAL_ADDRESS: an illegal memory access was encountered
E1101 13:28:57.153020 2004079 cuda_event.cc:49] CUDA error: Error destroying CUDA event: CUDA_ERROR_ILLEGAL_ADDRESS: an illegal memory access was encountered
E1101 13:28:57.153034 2004079 cuda_event.cc:49] CUDA error: Error destroying CUDA event: CUDA_ERROR_ILLEGAL_ADDRESS: an illegal memory access was encountered
E1101 13:28:57.153057 2004079 cuda_event.cc:49] CUDA error: Error destroying CUDA event: CUDA_ERROR_ILLEGAL_ADDRESS: an illegal memory access was encountered
E1101 13:28:57.153076 2004079 cuda_event.cc:49] CUDA error: Error destroying CUDA event: CUDA_ERROR_ILLEGAL_ADDRESS: an illegal memory access was encountered
E1101 13:28:57.153093 2004079 cuda_event.cc:49] CUDA error: Error destroying CUDA event: CUDA_ERROR_ILLEGAL_ADDRESS: an illegal memory access was encountered
E1101 13:28:57.153109 2004079 cuda_event.cc:49] CUDA error: Error destroying CUDA event: CUDA_ERROR_ILLEGAL_ADDRESS: an illegal memory access was encountered
E1101 13:28:57.153123 2004079 cuda_event.cc:49] CUDA error: Error destroying CUDA event: CUDA_ERROR_ILLEGAL_ADDRESS: an illegal memory access was encountered
E1101 13:28:57.153150 2004079 cuda_event.cc:49] CUDA error: Error destroying CUDA event: CUDA_ERROR_ILLEGAL_ADDRESS: an illegal memory access was encountered
E1101 13:28:57.153163 2004079 cuda_event.cc:49] CUDA error: Error destroying CUDA event: CUDA_ERROR_ILLEGAL_ADDRESS: an illegal memory access was encountered
E1101 13:28:57.153177 2004079 cuda_event.cc:49] CUDA error: Error destroying CUDA event: CUDA_ERROR_ILLEGAL_ADDRESS: an illegal memory access was encountered
E1101 13:28:57.153190 2004079 cuda_event.cc:49] CUDA error: Error destroying CUDA event: CUDA_ERROR_ILLEGAL_ADDRESS: an illegal memory access was encountered
E1101 13:28:57.153201 2004079 cuda_event.cc:49] CUDA error: Error destroying CUDA event: CUDA_ERROR_ILLEGAL_ADDRESS: an illegal memory access was encountered
E1101 13:28:57.153214 2004079 cuda_event.cc:49] CUDA error: Error destroying CUDA event: CUDA_ERROR_ILLEGAL_ADDRESS: an illegal memory access was encountered
E1101 13:28:57.153225 2004079 cuda_event.cc:49] CUDA error: Error destroying CUDA event: CUDA_ERROR_ILLEGAL_ADDRESS: an illegal memory access was encountered
E1101 13:28:57.153246 2004079 cuda_event.cc:49] CUDA error: Error destroying CUDA event: CUDA_ERROR_ILLEGAL_ADDRESS: an illegal memory access was encountered
E1101 13:28:57.153258 2004079 cuda_event.cc:49] CUDA error: Error destroying CUDA event: CUDA_ERROR_ILLEGAL_ADDRESS: an illegal memory access was encountered
E1101 13:28:57.153270 2004079 cuda_event.cc:49] CUDA error: Error destroying CUDA event: CUDA_ERROR_ILLEGAL_ADDRESS: an illegal memory access was encountered
E1101 13:28:57.153283 2004079 cuda_event.cc:49] CUDA error: Error destroying CUDA event: CUDA_ERROR_ILLEGAL_ADDRESS: an illegal memory access was encountered
E1101 13:28:57.153297 2004079 cuda_event.cc:49] CUDA error: Error destroying CUDA event: CUDA_ERROR_ILLEGAL_ADDRESS: an illegal memory access was encountered
E1101 13:28:57.153318 2004079 cuda_event.cc:49] CUDA error: Error destroying CUDA event: CUDA_ERROR_ILLEGAL_ADDRESS: an illegal memory access was encountered
E1101 13:28:57.153330 2004079 cuda_event.cc:49] CUDA error: Error destroying CUDA event: CUDA_ERROR_ILLEGAL_ADDRESS: an illegal memory access was encountered
E1101 13:28:57.153342 2004079 cuda_event.cc:49] CUDA error: Error destroying CUDA event: CUDA_ERROR_ILLEGAL_ADDRESS: an illegal memory access was encountered
E1101 13:28:57.153363 2004079 cuda_event.cc:49] CUDA error: Error destroying CUDA event: CUDA_ERROR_ILLEGAL_ADDRESS: an illegal memory access was encountered
E1101 13:28:57.153393 2004079 cuda_event.cc:49] CUDA error: Error destroying CUDA event: CUDA_ERROR_ILLEGAL_ADDRESS: an illegal memory access was encountered
E1101 13:28:57.153407 2004079 cuda_event.cc:49] CUDA error: Error destroying CUDA event: CUDA_ERROR_ILLEGAL_ADDRESS: an illegal memory access was encountered
E1101 13:28:57.153419 2004079 cuda_event.cc:49] CUDA error: Error destroying CUDA event: CUDA_ERROR_ILLEGAL_ADDRESS: an illegal memory access was encountered
E1101 13:28:57.153433 2004079 cuda_event.cc:49] CUDA error: Error destroying CUDA event: CUDA_ERROR_ILLEGAL_ADDRESS: an illegal memory access was encountered
E1101 13:28:57.153446 2004079 cuda_event.cc:49] CUDA error: Error destroying CUDA event: CUDA_ERROR_ILLEGAL_ADDRESS: an illegal memory access was encountered
E1101 13:28:57.153459 2004079 cuda_event.cc:49] CUDA error: Error destroying CUDA event: CUDA_ERROR_ILLEGAL_ADDRESS: an illegal memory access was encountered
E1101 13:28:57.153472 2004079 cuda_event.cc:49] CUDA error: Error destroying CUDA event: CUDA_ERROR_ILLEGAL_ADDRESS: an illegal memory access was encountered
E1101 13:28:57.153485 2004079 cuda_event.cc:49] CUDA error: Error destroying CUDA event: CUDA_ERROR_ILLEGAL_ADDRESS: an illegal memory access was encountered
E1101 13:28:57.153498 2004079 cuda_event.cc:49] CUDA error: Error destroying CUDA event: CUDA_ERROR_ILLEGAL_ADDRESS: an illegal memory access was encountered
E1101 13:28:57.153511 2004079 cuda_event.cc:49] CUDA error: Error destroying CUDA event: CUDA_ERROR_ILLEGAL_ADDRESS: an illegal memory access was encountered
E1101 13:28:57.153525 2004079 cuda_event.cc:49] CUDA error: Error destroying CUDA event: CUDA_ERROR_ILLEGAL_ADDRESS: an illegal memory access was encountered
E1101 13:28:57.153539 2004079 cuda_event.cc:49] CUDA error: Error destroying CUDA event: CUDA_ERROR_ILLEGAL_ADDRESS: an illegal memory access was encountered
E1101 13:28:57.153552 2004079 cuda_event.cc:49] CUDA error: Error destroying CUDA event: CUDA_ERROR_ILLEGAL_ADDRESS: an illegal memory access was encountered
E1101 13:28:57.153569 2004079 cuda_event.cc:49] CUDA error: Error destroying CUDA event: CUDA_ERROR_ILLEGAL_ADDRESS: an illegal memory access was encountered
E1101 13:28:57.153582 2004079 cuda_event.cc:49] CUDA error: Error destroying CUDA event: CUDA_ERROR_ILLEGAL_ADDRESS: an illegal memory access was encountered
E1101 13:28:57.153595 2004079 cuda_event.cc:49] CUDA error: Error destroying CUDA event: CUDA_ERROR_ILLEGAL_ADDRESS: an illegal memory access was encountered
E1101 13:28:57.153607 2004079 cuda_event.cc:49] CUDA error: Error destroying CUDA event: CUDA_ERROR_ILLEGAL_ADDRESS: an illegal memory access was encountered
E1101 13:28:57.153620 2004079 cuda_event.cc:49] CUDA error: Error destroying CUDA event: CUDA_ERROR_ILLEGAL_ADDRESS: an illegal memory access was encountered
E1101 13:28:57.153653 2004079 cuda_event.cc:49] CUDA error: Error destroying CUDA event: CUDA_ERROR_ILLEGAL_ADDRESS: an illegal memory access was encountered
E1101 13:28:57.153667 2004079 cuda_event.cc:49] CUDA error: Error destroying CUDA event: CUDA_ERROR_ILLEGAL_ADDRESS: an illegal memory access was encountered
E1101 13:28:57.153695 2004079 cuda_event.cc:49] CUDA error: Error destroying CUDA event: CUDA_ERROR_ILLEGAL_ADDRESS: an illegal memory access was encountered
E1101 13:28:57.153708 2004079 cuda_event.cc:49] CUDA error: Error destroying CUDA event: CUDA_ERROR_ILLEGAL_ADDRESS: an illegal memory access was encountered
E1101 13:28:57.153720 2004079 cuda_event.cc:49] CUDA error: Error destroying CUDA event: CUDA_ERROR_ILLEGAL_ADDRESS: an illegal memory access was encountered
E1101 13:28:57.153732 2004079 cuda_event.cc:49] CUDA error: Error destroying CUDA event: CUDA_ERROR_ILLEGAL_ADDRESS: an illegal memory access was encountered
E1101 13:28:57.153746 2004079 cuda_event.cc:49] CUDA error: Error destroying CUDA event: CUDA_ERROR_ILLEGAL_ADDRESS: an illegal memory access was encountered
E1101 13:28:57.153759 2004079 cuda_event.cc:49] CUDA error: Error destroying CUDA event: CUDA_ERROR_ILLEGAL_ADDRESS: an illegal memory access was encountered
E1101 13:28:57.153771 2004079 cuda_event.cc:49] CUDA error: Error destroying CUDA event: CUDA_ERROR_ILLEGAL_ADDRESS: an illegal memory access was encountered
E1101 13:28:57.153783 2004079 cuda_event.cc:49] CUDA error: Error destroying CUDA event: CUDA_ERROR_ILLEGAL_ADDRESS: an illegal memory access was encountered
E1101 13:28:57.153795 2004079 cuda_event.cc:49] CUDA error: Error destroying CUDA event: CUDA_ERROR_ILLEGAL_ADDRESS: an illegal memory access was encountered
E1101 13:28:57.153814 2004079 cuda_event.cc:49] CUDA error: Error destroying CUDA event: CUDA_ERROR_ILLEGAL_ADDRESS: an illegal memory access was encountered
E1101 13:28:57.153827 2004079 cuda_event.cc:49] CUDA error: Error destroying CUDA event: CUDA_ERROR_ILLEGAL_ADDRESS: an illegal memory access was encountered
E1101 13:28:57.153839 2004079 cuda_event.cc:49] CUDA error: Error destroying CUDA event: CUDA_ERROR_ILLEGAL_ADDRESS: an illegal memory access was encountered
E1101 13:28:57.153855 2004079 cuda_event.cc:49] CUDA error: Error destroying CUDA event: CUDA_ERROR_ILLEGAL_ADDRESS: an illegal memory access was encountered
E1101 13:28:57.153868 2004079 cuda_event.cc:49] CUDA error: Error destroying CUDA event: CUDA_ERROR_ILLEGAL_ADDRESS: an illegal memory access was encountered
E1101 13:28:57.153881 2004079 cuda_event.cc:49] CUDA error: Error destroying CUDA event: CUDA_ERROR_ILLEGAL_ADDRESS: an illegal memory access was encountered
E1101 13:28:57.153898 2004079 cuda_event.cc:49] CUDA error: Error destroying CUDA event: CUDA_ERROR_ILLEGAL_ADDRESS: an illegal memory access was encountered
E1101 13:28:57.153910 2004079 cuda_event.cc:49] CUDA error: Error destroying CUDA event: CUDA_ERROR_ILLEGAL_ADDRESS: an illegal memory access was encountered
E1101 13:28:57.153922 2004079 cuda_event.cc:49] CUDA error: Error destroying CUDA event: CUDA_ERROR_ILLEGAL_ADDRESS: an illegal memory access was encountered
E1101 13:28:57.153934 2004079 cuda_event.cc:49] CUDA error: Error destroying CUDA event: CUDA_ERROR_ILLEGAL_ADDRESS: an illegal memory access was encountered
E1101 13:28:57.153950 2004079 cuda_event.cc:49] CUDA error: Error destroying CUDA event: CUDA_ERROR_ILLEGAL_ADDRESS: an illegal memory access was encountered
E1101 13:28:57.153962 2004079 cuda_event.cc:49] CUDA error: Error destroying CUDA event: CUDA_ERROR_ILLEGAL_ADDRESS: an illegal memory access was encountered
E1101 13:28:57.153986 2004079 cuda_event.cc:49] CUDA error: Error destroying CUDA event: CUDA_ERROR_ILLEGAL_ADDRESS: an illegal memory access was encountered
E1101 13:28:57.153999 2004079 cuda_event.cc:49] CUDA error: Error destroying CUDA event: CUDA_ERROR_ILLEGAL_ADDRESS: an illegal memory access was encountered
E1101 13:28:57.154014 2004079 cuda_event.cc:49] CUDA error: Error destroying CUDA event: CUDA_ERROR_ILLEGAL_ADDRESS: an illegal memory access was encountered
E1101 13:28:57.154026 2004079 cuda_event.cc:49] CUDA error: Error destroying CUDA event: CUDA_ERROR_ILLEGAL_ADDRESS: an illegal memory access was encountered
E1101 13:28:57.154039 2004079 cuda_event.cc:49] CUDA error: Error destroying CUDA event: CUDA_ERROR_ILLEGAL_ADDRESS: an illegal memory access was encountered
E1101 13:28:57.154051 2004079 cuda_event.cc:49] CUDA error: Error destroying CUDA event: CUDA_ERROR_ILLEGAL_ADDRESS: an illegal memory access was encountered
E1101 13:28:57.154068 2004079 cuda_event.cc:49] CUDA error: Error destroying CUDA event: CUDA_ERROR_ILLEGAL_ADDRESS: an illegal memory access was encountered
E1101 13:28:57.154083 2004079 cuda_event.cc:49] CUDA error: Error destroying CUDA event: CUDA_ERROR_ILLEGAL_ADDRESS: an illegal memory access was encountered
E1101 13:28:57.154096 2004079 cuda_event.cc:49] CUDA error: Error destroying CUDA event: CUDA_ERROR_ILLEGAL_ADDRESS: an illegal memory access was encountered
E1101 13:28:57.154110 2004079 cuda_event.cc:49] CUDA error: Error destroying CUDA event: CUDA_ERROR_ILLEGAL_ADDRESS: an illegal memory access was encountered
E1101 13:28:57.154128 2004079 cuda_event.cc:49] CUDA error: Error destroying CUDA event: CUDA_ERROR_ILLEGAL_ADDRESS: an illegal memory access was encountered
E1101 13:28:57.154150 2004079 cuda_event.cc:49] CUDA error: Error destroying CUDA event: CUDA_ERROR_ILLEGAL_ADDRESS: an illegal memory access was encountered
E1101 13:28:57.154163 2004079 cuda_event.cc:49] CUDA error: Error destroying CUDA event: CUDA_ERROR_ILLEGAL_ADDRESS: an illegal memory access was encountered
E1101 13:28:57.154175 2004079 cuda_event.cc:49] CUDA error: Error destroying CUDA event: CUDA_ERROR_ILLEGAL_ADDRESS: an illegal memory access was encountered
E1101 13:28:57.154186 2004079 cuda_event.cc:49] CUDA error: Error destroying CUDA event: CUDA_ERROR_ILLEGAL_ADDRESS: an illegal memory access was encountered
E1101 13:28:57.154200 2004079 cuda_event.cc:49] CUDA error: Error destroying CUDA event: CUDA_ERROR_ILLEGAL_ADDRESS: an illegal memory access was encountered
E1101 13:28:57.154215 2004079 cuda_event.cc:49] CUDA error: Error destroying CUDA event: CUDA_ERROR_ILLEGAL_ADDRESS: an illegal memory access was encountered
E1101 13:28:57.154226 2004079 cuda_event.cc:49] CUDA error: Error destroying CUDA event: CUDA_ERROR_ILLEGAL_ADDRESS: an illegal memory access was encountered
E1101 13:28:57.154240 2004079 cuda_event.cc:49] CUDA error: Error destroying CUDA event: CUDA_ERROR_ILLEGAL_ADDRESS: an illegal memory access was encountered
E1101 13:28:57.154252 2004079 cuda_event.cc:49] CUDA error: Error destroying CUDA event: CUDA_ERROR_ILLEGAL_ADDRESS: an illegal memory access was encountered
E1101 13:28:57.154264 2004079 cuda_event.cc:49] CUDA error: Error destroying CUDA event: CUDA_ERROR_ILLEGAL_ADDRESS: an illegal memory access was encountered
E1101 13:28:57.154278 2004079 cuda_event.cc:49] CUDA error: Error destroying CUDA event: CUDA_ERROR_ILLEGAL_ADDRESS: an illegal memory access was encountered
E1101 13:28:57.154302 2004079 cuda_event.cc:49] CUDA error: Error destroying CUDA event: CUDA_ERROR_ILLEGAL_ADDRESS: an illegal memory access was encountered
E1101 13:28:57.154314 2004079 cuda_event.cc:49] CUDA error: Error destroying CUDA event: CUDA_ERROR_ILLEGAL_ADDRESS: an illegal memory access was encountered
E1101 13:28:57.154330 2004079 cuda_event.cc:49] CUDA error: Error destroying CUDA event: CUDA_ERROR_ILLEGAL_ADDRESS: an illegal memory access was encountered
E1101 13:28:57.154342 2004079 cuda_event.cc:49] CUDA error: Error destroying CUDA event: CUDA_ERROR_ILLEGAL_ADDRESS: an illegal memory access was encountered
E1101 13:28:57.154354 2004079 cuda_event.cc:49] CUDA error: Error destroying CUDA event: CUDA_ERROR_ILLEGAL_ADDRESS: an illegal memory access was encountered
E1101 13:28:57.154365 2004079 cuda_event.cc:49] CUDA error: Error destroying CUDA event: CUDA_ERROR_ILLEGAL_ADDRESS: an illegal memory access was encountered
E1101 13:28:57.154395 2004079 cuda_executor.cc:545] [0] failed to free device memory at 0x14b630000000; result: INTERNAL: CUDA error: : CUDA_ERROR_ILLEGAL_ADDRESS: an illegal memory access was encountered
E1101 13:28:57.171243 2004079 cuda_executor.cc:508] error unregistering host memory at 0x14b877102000: INTERNAL: CUDA error: : CUDA_ERROR_ILLEGAL_ADDRESS: an illegal memory access was encountered
