ERROR:2025-11-01 13:21:12,868:jax._src.xla_bridge:473: Jax plugin configuration error: Exception when calling jax_plugins.xla_cuda12.initialize()
Traceback (most recent call last):
  File "/scicore/home/meuwly/boitti0000/mmml/.venv/lib/python3.12/site-packages/jax/_src/xla_bridge.py", line 471, in discover_pjrt_plugins
    plugin_module.initialize()
  File "/scicore/home/meuwly/boitti0000/mmml/.venv/lib/python3.12/site-packages/jax_plugins/xla_cuda12/__init__.py", line 328, in initialize
    _check_cuda_versions(raise_on_first_error=True)
  File "/scicore/home/meuwly/boitti0000/mmml/.venv/lib/python3.12/site-packages/jax_plugins/xla_cuda12/__init__.py", line 285, in _check_cuda_versions
    local_device_count = cuda_versions.cuda_device_count()
                         ^^^^^^^^^^^^^^^^^^^^^^^^^^^^^^^^^
RuntimeError: jaxlib/cuda/versions_helpers.cc:113: operation cuInit(0) failed: CUDA_ERROR_NOT_INITIALIZED
ERROR:jax._src.xla_bridge:Jax plugin configuration error: Exception when calling jax_plugins.xla_cuda12.initialize()
Traceback (most recent call last):
  File "/scicore/home/meuwly/boitti0000/mmml/.venv/lib/python3.12/site-packages/jax/_src/xla_bridge.py", line 471, in discover_pjrt_plugins
    plugin_module.initialize()
  File "/scicore/home/meuwly/boitti0000/mmml/.venv/lib/python3.12/site-packages/jax_plugins/xla_cuda12/__init__.py", line 328, in initialize
    _check_cuda_versions(raise_on_first_error=True)
  File "/scicore/home/meuwly/boitti0000/mmml/.venv/lib/python3.12/site-packages/jax_plugins/xla_cuda12/__init__.py", line 285, in _check_cuda_versions
    local_device_count = cuda_versions.cuda_device_count()
                         ^^^^^^^^^^^^^^^^^^^^^^^^^^^^^^^^^
RuntimeError: jaxlib/cuda/versions_helpers.cc:113: operation cuInit(0) failed: CUDA_ERROR_NOT_INITIALIZED
WARNING:2025-11-01 13:21:12,896:jax._src.xla_bridge:850: An NVIDIA GPU may be present on this machine, but a CUDA-enabled jaxlib is not installed. Falling back to cpu.
WARNING:jax._src.xla_bridge:An NVIDIA GPU may be present on this machine, but a CUDA-enabled jaxlib is not installed. Falling back to cpu.
WARNING:absl:[process=0][thread=MainThread][operation_id=1] _SignalingThread.join() waiting for signals ([]) blocking the main thread will slow down blocking save times. This is likely due to main thread calling result() on a CommitFuture.
WARNING:absl:[process=0][thread=MainThread][operation_id=2] _SignalingThread.join() waiting for signals ([]) blocking the main thread will slow down blocking save times. This is likely due to main thread calling result() on a CommitFuture.
WARNING:absl:[process=0][thread=MainThread][operation_id=3] _SignalingThread.join() waiting for signals ([]) blocking the main thread will slow down blocking save times. This is likely due to main thread calling result() on a CommitFuture.
WARNING:absl:[process=0][thread=MainThread][operation_id=4] _SignalingThread.join() waiting for signals ([]) blocking the main thread will slow down blocking save times. This is likely due to main thread calling result() on a CommitFuture.
WARNING:absl:[process=0][thread=MainThread][operation_id=5] _SignalingThread.join() waiting for signals ([]) blocking the main thread will slow down blocking save times. This is likely due to main thread calling result() on a CommitFuture.
WARNING:absl:[process=0][thread=MainThread][operation_id=6] _SignalingThread.join() waiting for signals ([]) blocking the main thread will slow down blocking save times. This is likely due to main thread calling result() on a CommitFuture.
WARNING:absl:[process=0][thread=MainThread][operation_id=7] _SignalingThread.join() waiting for signals ([]) blocking the main thread will slow down blocking save times. This is likely due to main thread calling result() on a CommitFuture.
WARNING:absl:[process=0][thread=MainThread][operation_id=8] _SignalingThread.join() waiting for signals ([]) blocking the main thread will slow down blocking save times. This is likely due to main thread calling result() on a CommitFuture.
WARNING:absl:[process=0][thread=MainThread][operation_id=9] _SignalingThread.join() waiting for signals ([]) blocking the main thread will slow down blocking save times. This is likely due to main thread calling result() on a CommitFuture.
WARNING:absl:[process=0][thread=MainThread][operation_id=10] _SignalingThread.join() waiting for signals ([]) blocking the main thread will slow down blocking save times. This is likely due to main thread calling result() on a CommitFuture.
WARNING:absl:[process=0][thread=MainThread][operation_id=11] _SignalingThread.join() waiting for signals ([]) blocking the main thread will slow down blocking save times. This is likely due to main thread calling result() on a CommitFuture.
WARNING:absl:[process=0][thread=MainThread][operation_id=12] _SignalingThread.join() waiting for signals ([]) blocking the main thread will slow down blocking save times. This is likely due to main thread calling result() on a CommitFuture.
WARNING:absl:[process=0][thread=MainThread][operation_id=13] _SignalingThread.join() waiting for signals ([]) blocking the main thread will slow down blocking save times. This is likely due to main thread calling result() on a CommitFuture.
WARNING:absl:[process=0][thread=MainThread][operation_id=14] _SignalingThread.join() waiting for signals ([]) blocking the main thread will slow down blocking save times. This is likely due to main thread calling result() on a CommitFuture.
WARNING:absl:[process=0][thread=MainThread][operation_id=15] _SignalingThread.join() waiting for signals ([]) blocking the main thread will slow down blocking save times. This is likely due to main thread calling result() on a CommitFuture.
WARNING:absl:[process=0][thread=MainThread][operation_id=16] _SignalingThread.join() waiting for signals ([]) blocking the main thread will slow down blocking save times. This is likely due to main thread calling result() on a CommitFuture.
WARNING:absl:[process=0][thread=MainThread][operation_id=17] _SignalingThread.join() waiting for signals ([]) blocking the main thread will slow down blocking save times. This is likely due to main thread calling result() on a CommitFuture.
WARNING:absl:[process=0][thread=MainThread][operation_id=18] _SignalingThread.join() waiting for signals ([]) blocking the main thread will slow down blocking save times. This is likely due to main thread calling result() on a CommitFuture.
WARNING:absl:[process=0][thread=MainThread][operation_id=19] _SignalingThread.join() waiting for signals ([]) blocking the main thread will slow down blocking save times. This is likely due to main thread calling result() on a CommitFuture.
WARNING:absl:[process=0][thread=MainThread][operation_id=20] _SignalingThread.join() waiting for signals ([]) blocking the main thread will slow down blocking save times. This is likely due to main thread calling result() on a CommitFuture.
WARNING:absl:[process=0][thread=MainThread][operation_id=21] _SignalingThread.join() waiting for signals ([]) blocking the main thread will slow down blocking save times. This is likely due to main thread calling result() on a CommitFuture.
WARNING:absl:[process=0][thread=MainThread][operation_id=22] _SignalingThread.join() waiting for signals ([]) blocking the main thread will slow down blocking save times. This is likely due to main thread calling result() on a CommitFuture.
WARNING:absl:[process=0][thread=MainThread][operation_id=23] _SignalingThread.join() waiting for signals ([]) blocking the main thread will slow down blocking save times. This is likely due to main thread calling result() on a CommitFuture.
WARNING:absl:[process=0][thread=MainThread][operation_id=24] _SignalingThread.join() waiting for signals ([]) blocking the main thread will slow down blocking save times. This is likely due to main thread calling result() on a CommitFuture.
WARNING:absl:[process=0][thread=MainThread][operation_id=25] _SignalingThread.join() waiting for signals ([]) blocking the main thread will slow down blocking save times. This is likely due to main thread calling result() on a CommitFuture.
WARNING:absl:[process=0][thread=MainThread][operation_id=26] _SignalingThread.join() waiting for signals ([]) blocking the main thread will slow down blocking save times. This is likely due to main thread calling result() on a CommitFuture.
WARNING:absl:[process=0][thread=MainThread][operation_id=27] _SignalingThread.join() waiting for signals ([]) blocking the main thread will slow down blocking save times. This is likely due to main thread calling result() on a CommitFuture.
WARNING:absl:[process=0][thread=MainThread][operation_id=28] _SignalingThread.join() waiting for signals ([]) blocking the main thread will slow down blocking save times. This is likely due to main thread calling result() on a CommitFuture.
WARNING:absl:[process=0][thread=MainThread][operation_id=29] _SignalingThread.join() waiting for signals ([]) blocking the main thread will slow down blocking save times. This is likely due to main thread calling result() on a CommitFuture.
WARNING:absl:[process=0][thread=MainThread][operation_id=30] _SignalingThread.join() waiting for signals ([]) blocking the main thread will slow down blocking save times. This is likely due to main thread calling result() on a CommitFuture.
WARNING:absl:[process=0][thread=MainThread][operation_id=31] _SignalingThread.join() waiting for signals ([]) blocking the main thread will slow down blocking save times. This is likely due to main thread calling result() on a CommitFuture.
WARNING:absl:[process=0][thread=MainThread][operation_id=32] _SignalingThread.join() waiting for signals ([]) blocking the main thread will slow down blocking save times. This is likely due to main thread calling result() on a CommitFuture.
WARNING:absl:[process=0][thread=MainThread][operation_id=33] _SignalingThread.join() waiting for signals ([]) blocking the main thread will slow down blocking save times. This is likely due to main thread calling result() on a CommitFuture.
WARNING:absl:[process=0][thread=MainThread][operation_id=34] _SignalingThread.join() waiting for signals ([]) blocking the main thread will slow down blocking save times. This is likely due to main thread calling result() on a CommitFuture.
WARNING:absl:[process=0][thread=MainThread][operation_id=35] _SignalingThread.join() waiting for signals ([]) blocking the main thread will slow down blocking save times. This is likely due to main thread calling result() on a CommitFuture.
WARNING:absl:[process=0][thread=MainThread][operation_id=36] _SignalingThread.join() waiting for signals ([]) blocking the main thread will slow down blocking save times. This is likely due to main thread calling result() on a CommitFuture.
WARNING:absl:[process=0][thread=MainThread][operation_id=37] _SignalingThread.join() waiting for signals ([]) blocking the main thread will slow down blocking save times. This is likely due to main thread calling result() on a CommitFuture.
WARNING:absl:[process=0][thread=MainThread][operation_id=38] _SignalingThread.join() waiting for signals ([]) blocking the main thread will slow down blocking save times. This is likely due to main thread calling result() on a CommitFuture.
WARNING:absl:[process=0][thread=MainThread][operation_id=39] _SignalingThread.join() waiting for signals ([]) blocking the main thread will slow down blocking save times. This is likely due to main thread calling result() on a CommitFuture.
WARNING:absl:[process=0][thread=MainThread][operation_id=40] _SignalingThread.join() waiting for signals ([]) blocking the main thread will slow down blocking save times. This is likely due to main thread calling result() on a CommitFuture.
WARNING:absl:[process=0][thread=MainThread][operation_id=41] _SignalingThread.join() waiting for signals ([]) blocking the main thread will slow down blocking save times. This is likely due to main thread calling result() on a CommitFuture.
WARNING:absl:[process=0][thread=MainThread][operation_id=42] _SignalingThread.join() waiting for signals ([]) blocking the main thread will slow down blocking save times. This is likely due to main thread calling result() on a CommitFuture.
WARNING:absl:[process=0][thread=MainThread][operation_id=43] _SignalingThread.join() waiting for signals ([]) blocking the main thread will slow down blocking save times. This is likely due to main thread calling result() on a CommitFuture.
WARNING:absl:[process=0][thread=MainThread][operation_id=44] _SignalingThread.join() waiting for signals ([]) blocking the main thread will slow down blocking save times. This is likely due to main thread calling result() on a CommitFuture.
WARNING:absl:[process=0][thread=MainThread][operation_id=45] _SignalingThread.join() waiting for signals ([]) blocking the main thread will slow down blocking save times. This is likely due to main thread calling result() on a CommitFuture.
WARNING:absl:[process=0][thread=MainThread][operation_id=46] _SignalingThread.join() waiting for signals ([]) blocking the main thread will slow down blocking save times. This is likely due to main thread calling result() on a CommitFuture.
WARNING:absl:[process=0][thread=MainThread][operation_id=47] _SignalingThread.join() waiting for signals ([]) blocking the main thread will slow down blocking save times. This is likely due to main thread calling result() on a CommitFuture.
WARNING:absl:[process=0][thread=MainThread][operation_id=48] _SignalingThread.join() waiting for signals ([]) blocking the main thread will slow down blocking save times. This is likely due to main thread calling result() on a CommitFuture.
WARNING:absl:[process=0][thread=MainThread][operation_id=49] _SignalingThread.join() waiting for signals ([]) blocking the main thread will slow down blocking save times. This is likely due to main thread calling result() on a CommitFuture.
WARNING:absl:[process=0][thread=MainThread][operation_id=50] _SignalingThread.join() waiting for signals ([]) blocking the main thread will slow down blocking save times. This is likely due to main thread calling result() on a CommitFuture.
WARNING:absl:[process=0][thread=MainThread][operation_id=51] _SignalingThread.join() waiting for signals ([]) blocking the main thread will slow down blocking save times. This is likely due to main thread calling result() on a CommitFuture.
WARNING:absl:[process=0][thread=MainThread][operation_id=52] _SignalingThread.join() waiting for signals ([]) blocking the main thread will slow down blocking save times. This is likely due to main thread calling result() on a CommitFuture.
WARNING:absl:[process=0][thread=MainThread][operation_id=53] _SignalingThread.join() waiting for signals ([]) blocking the main thread will slow down blocking save times. This is likely due to main thread calling result() on a CommitFuture.
WARNING:absl:[process=0][thread=MainThread][operation_id=54] _SignalingThread.join() waiting for signals ([]) blocking the main thread will slow down blocking save times. This is likely due to main thread calling result() on a CommitFuture.
WARNING:absl:[process=0][thread=MainThread][operation_id=55] _SignalingThread.join() waiting for signals ([]) blocking the main thread will slow down blocking save times. This is likely due to main thread calling result() on a CommitFuture.
WARNING:absl:[process=0][thread=MainThread][operation_id=56] _SignalingThread.join() waiting for signals ([]) blocking the main thread will slow down blocking save times. This is likely due to main thread calling result() on a CommitFuture.
WARNING:absl:[process=0][thread=MainThread][operation_id=57] _SignalingThread.join() waiting for signals ([]) blocking the main thread will slow down blocking save times. This is likely due to main thread calling result() on a CommitFuture.
WARNING:absl:[process=0][thread=MainThread][operation_id=58] _SignalingThread.join() waiting for signals ([]) blocking the main thread will slow down blocking save times. This is likely due to main thread calling result() on a CommitFuture.
WARNING:absl:[process=0][thread=MainThread][operation_id=59] _SignalingThread.join() waiting for signals ([]) blocking the main thread will slow down blocking save times. This is likely due to main thread calling result() on a CommitFuture.
WARNING:absl:[process=0][thread=MainThread][operation_id=60] _SignalingThread.join() waiting for signals ([]) blocking the main thread will slow down blocking save times. This is likely due to main thread calling result() on a CommitFuture.
WARNING:absl:[process=0][thread=MainThread][operation_id=61] _SignalingThread.join() waiting for signals ([]) blocking the main thread will slow down blocking save times. This is likely due to main thread calling result() on a CommitFuture.
WARNING:absl:[process=0][thread=MainThread][operation_id=62] _SignalingThread.join() waiting for signals ([]) blocking the main thread will slow down blocking save times. This is likely due to main thread calling result() on a CommitFuture.
WARNING:absl:[process=0][thread=MainThread][operation_id=63] _SignalingThread.join() waiting for signals ([]) blocking the main thread will slow down blocking save times. This is likely due to main thread calling result() on a CommitFuture.
WARNING:absl:[process=0][thread=MainThread][operation_id=64] _SignalingThread.join() waiting for signals ([]) blocking the main thread will slow down blocking save times. This is likely due to main thread calling result() on a CommitFuture.
WARNING:absl:[process=0][thread=MainThread][operation_id=65] _SignalingThread.join() waiting for signals ([]) blocking the main thread will slow down blocking save times. This is likely due to main thread calling result() on a CommitFuture.
WARNING:absl:[process=0][thread=MainThread][operation_id=66] _SignalingThread.join() waiting for signals ([]) blocking the main thread will slow down blocking save times. This is likely due to main thread calling result() on a CommitFuture.
WARNING:absl:[process=0][thread=MainThread][operation_id=67] _SignalingThread.join() waiting for signals ([]) blocking the main thread will slow down blocking save times. This is likely due to main thread calling result() on a CommitFuture.
WARNING:absl:[process=0][thread=MainThread][operation_id=68] _SignalingThread.join() waiting for signals ([]) blocking the main thread will slow down blocking save times. This is likely due to main thread calling result() on a CommitFuture.
WARNING:absl:[process=0][thread=MainThread][operation_id=69] _SignalingThread.join() waiting for signals ([]) blocking the main thread will slow down blocking save times. This is likely due to main thread calling result() on a CommitFuture.
WARNING:absl:[process=0][thread=MainThread][operation_id=70] _SignalingThread.join() waiting for signals ([]) blocking the main thread will slow down blocking save times. This is likely due to main thread calling result() on a CommitFuture.
WARNING:absl:[process=0][thread=MainThread][operation_id=71] _SignalingThread.join() waiting for signals ([]) blocking the main thread will slow down blocking save times. This is likely due to main thread calling result() on a CommitFuture.
WARNING:absl:[process=0][thread=MainThread][operation_id=72] _SignalingThread.join() waiting for signals ([]) blocking the main thread will slow down blocking save times. This is likely due to main thread calling result() on a CommitFuture.
WARNING:absl:[process=0][thread=MainThread][operation_id=73] _SignalingThread.join() waiting for signals ([]) blocking the main thread will slow down blocking save times. This is likely due to main thread calling result() on a CommitFuture.
WARNING:absl:[process=0][thread=MainThread][operation_id=74] _SignalingThread.join() waiting for signals ([]) blocking the main thread will slow down blocking save times. This is likely due to main thread calling result() on a CommitFuture.
WARNING:absl:[process=0][thread=MainThread][operation_id=75] _SignalingThread.join() waiting for signals ([]) blocking the main thread will slow down blocking save times. This is likely due to main thread calling result() on a CommitFuture.
WARNING:absl:[process=0][thread=MainThread][operation_id=76] _SignalingThread.join() waiting for signals ([]) blocking the main thread will slow down blocking save times. This is likely due to main thread calling result() on a CommitFuture.
WARNING:absl:[process=0][thread=MainThread][operation_id=77] _SignalingThread.join() waiting for signals ([]) blocking the main thread will slow down blocking save times. This is likely due to main thread calling result() on a CommitFuture.
WARNING:absl:[process=0][thread=MainThread][operation_id=78] _SignalingThread.join() waiting for signals ([]) blocking the main thread will slow down blocking save times. This is likely due to main thread calling result() on a CommitFuture.
WARNING:absl:[process=0][thread=MainThread][operation_id=79] _SignalingThread.join() waiting for signals ([]) blocking the main thread will slow down blocking save times. This is likely due to main thread calling result() on a CommitFuture.
WARNING:absl:[process=0][thread=MainThread][operation_id=80] _SignalingThread.join() waiting for signals ([]) blocking the main thread will slow down blocking save times. This is likely due to main thread calling result() on a CommitFuture.
WARNING:absl:[process=0][thread=MainThread][operation_id=81] _SignalingThread.join() waiting for signals ([]) blocking the main thread will slow down blocking save times. This is likely due to main thread calling result() on a CommitFuture.
WARNING:absl:[process=0][thread=MainThread][operation_id=82] _SignalingThread.join() waiting for signals ([]) blocking the main thread will slow down blocking save times. This is likely due to main thread calling result() on a CommitFuture.
WARNING:absl:[process=0][thread=MainThread][operation_id=83] _SignalingThread.join() waiting for signals ([]) blocking the main thread will slow down blocking save times. This is likely due to main thread calling result() on a CommitFuture.
WARNING:absl:[process=0][thread=MainThread][operation_id=84] _SignalingThread.join() waiting for signals ([]) blocking the main thread will slow down blocking save times. This is likely due to main thread calling result() on a CommitFuture.
WARNING:absl:[process=0][thread=MainThread][operation_id=85] _SignalingThread.join() waiting for signals ([]) blocking the main thread will slow down blocking save times. This is likely due to main thread calling result() on a CommitFuture.
WARNING:absl:[process=0][thread=MainThread][operation_id=86] _SignalingThread.join() waiting for signals ([]) blocking the main thread will slow down blocking save times. This is likely due to main thread calling result() on a CommitFuture.
WARNING:absl:[process=0][thread=MainThread][operation_id=87] _SignalingThread.join() waiting for signals ([]) blocking the main thread will slow down blocking save times. This is likely due to main thread calling result() on a CommitFuture.
WARNING:absl:[process=0][thread=MainThread][operation_id=88] _SignalingThread.join() waiting for signals ([]) blocking the main thread will slow down blocking save times. This is likely due to main thread calling result() on a CommitFuture.
WARNING:absl:[process=0][thread=MainThread][operation_id=89] _SignalingThread.join() waiting for signals ([]) blocking the main thread will slow down blocking save times. This is likely due to main thread calling result() on a CommitFuture.
WARNING:absl:[process=0][thread=MainThread][operation_id=90] _SignalingThread.join() waiting for signals ([]) blocking the main thread will slow down blocking save times. This is likely due to main thread calling result() on a CommitFuture.
WARNING:absl:[process=0][thread=MainThread][operation_id=91] _SignalingThread.join() waiting for signals ([]) blocking the main thread will slow down blocking save times. This is likely due to main thread calling result() on a CommitFuture.
WARNING:absl:[process=0][thread=MainThread][operation_id=92] _SignalingThread.join() waiting for signals ([]) blocking the main thread will slow down blocking save times. This is likely due to main thread calling result() on a CommitFuture.
WARNING:absl:[process=0][thread=MainThread][operation_id=93] _SignalingThread.join() waiting for signals ([]) blocking the main thread will slow down blocking save times. This is likely due to main thread calling result() on a CommitFuture.
WARNING:absl:[process=0][thread=MainThread][operation_id=94] _SignalingThread.join() waiting for signals ([]) blocking the main thread will slow down blocking save times. This is likely due to main thread calling result() on a CommitFuture.
WARNING:absl:[process=0][thread=MainThread][operation_id=95] _SignalingThread.join() waiting for signals ([]) blocking the main thread will slow down blocking save times. This is likely due to main thread calling result() on a CommitFuture.
WARNING:absl:[process=0][thread=MainThread][operation_id=96] _SignalingThread.join() waiting for signals ([]) blocking the main thread will slow down blocking save times. This is likely due to main thread calling result() on a CommitFuture.
WARNING:absl:[process=0][thread=MainThread][operation_id=97] _SignalingThread.join() waiting for signals ([]) blocking the main thread will slow down blocking save times. This is likely due to main thread calling result() on a CommitFuture.
WARNING:absl:[process=0][thread=MainThread][operation_id=98] _SignalingThread.join() waiting for signals ([]) blocking the main thread will slow down blocking save times. This is likely due to main thread calling result() on a CommitFuture.
WARNING:absl:[process=0][thread=MainThread][operation_id=99] _SignalingThread.join() waiting for signals ([]) blocking the main thread will slow down blocking save times. This is likely due to main thread calling result() on a CommitFuture.
WARNING:absl:[process=0][thread=MainThread][operation_id=100] _SignalingThread.join() waiting for signals ([]) blocking the main thread will slow down blocking save times. This is likely due to main thread calling result() on a CommitFuture.
WARNING:absl:[process=0][thread=MainThread][operation_id=101] _SignalingThread.join() waiting for signals ([]) blocking the main thread will slow down blocking save times. This is likely due to main thread calling result() on a CommitFuture.
WARNING:absl:[process=0][thread=MainThread][operation_id=102] _SignalingThread.join() waiting for signals ([]) blocking the main thread will slow down blocking save times. This is likely due to main thread calling result() on a CommitFuture.
WARNING:absl:[process=0][thread=MainThread][operation_id=103] _SignalingThread.join() waiting for signals ([]) blocking the main thread will slow down blocking save times. This is likely due to main thread calling result() on a CommitFuture.
WARNING:absl:[process=0][thread=MainThread][operation_id=104] _SignalingThread.join() waiting for signals ([]) blocking the main thread will slow down blocking save times. This is likely due to main thread calling result() on a CommitFuture.
WARNING:absl:[process=0][thread=MainThread][operation_id=105] _SignalingThread.join() waiting for signals ([]) blocking the main thread will slow down blocking save times. This is likely due to main thread calling result() on a CommitFuture.
WARNING:absl:[process=0][thread=MainThread][operation_id=106] _SignalingThread.join() waiting for signals ([]) blocking the main thread will slow down blocking save times. This is likely due to main thread calling result() on a CommitFuture.
WARNING:absl:[process=0][thread=MainThread][operation_id=107] _SignalingThread.join() waiting for signals ([]) blocking the main thread will slow down blocking save times. This is likely due to main thread calling result() on a CommitFuture.
WARNING:absl:[process=0][thread=MainThread][operation_id=108] _SignalingThread.join() waiting for signals ([]) blocking the main thread will slow down blocking save times. This is likely due to main thread calling result() on a CommitFuture.
WARNING:absl:[process=0][thread=MainThread][operation_id=109] _SignalingThread.join() waiting for signals ([]) blocking the main thread will slow down blocking save times. This is likely due to main thread calling result() on a CommitFuture.
WARNING:absl:[process=0][thread=MainThread][operation_id=110] _SignalingThread.join() waiting for signals ([]) blocking the main thread will slow down blocking save times. This is likely due to main thread calling result() on a CommitFuture.
WARNING:absl:[process=0][thread=MainThread][operation_id=111] _SignalingThread.join() waiting for signals ([]) blocking the main thread will slow down blocking save times. This is likely due to main thread calling result() on a CommitFuture.
WARNING:absl:[process=0][thread=MainThread][operation_id=112] _SignalingThread.join() waiting for signals ([]) blocking the main thread will slow down blocking save times. This is likely due to main thread calling result() on a CommitFuture.
WARNING:absl:[process=0][thread=MainThread][operation_id=113] _SignalingThread.join() waiting for signals ([]) blocking the main thread will slow down blocking save times. This is likely due to main thread calling result() on a CommitFuture.
WARNING:absl:[process=0][thread=MainThread][operation_id=114] _SignalingThread.join() waiting for signals ([]) blocking the main thread will slow down blocking save times. This is likely due to main thread calling result() on a CommitFuture.
WARNING:absl:[process=0][thread=MainThread][operation_id=115] _SignalingThread.join() waiting for signals ([]) blocking the main thread will slow down blocking save times. This is likely due to main thread calling result() on a CommitFuture.
WARNING:absl:[process=0][thread=MainThread][operation_id=116] _SignalingThread.join() waiting for signals ([]) blocking the main thread will slow down blocking save times. This is likely due to main thread calling result() on a CommitFuture.
WARNING:absl:[process=0][thread=MainThread][operation_id=117] _SignalingThread.join() waiting for signals ([]) blocking the main thread will slow down blocking save times. This is likely due to main thread calling result() on a CommitFuture.
WARNING:absl:[process=0][thread=MainThread][operation_id=118] _SignalingThread.join() waiting for signals ([]) blocking the main thread will slow down blocking save times. This is likely due to main thread calling result() on a CommitFuture.
WARNING:absl:[process=0][thread=MainThread][operation_id=119] _SignalingThread.join() waiting for signals ([]) blocking the main thread will slow down blocking save times. This is likely due to main thread calling result() on a CommitFuture.
WARNING:absl:[process=0][thread=MainThread][operation_id=120] _SignalingThread.join() waiting for signals ([]) blocking the main thread will slow down blocking save times. This is likely due to main thread calling result() on a CommitFuture.
WARNING:absl:[process=0][thread=MainThread][operation_id=121] _SignalingThread.join() waiting for signals ([]) blocking the main thread will slow down blocking save times. This is likely due to main thread calling result() on a CommitFuture.
WARNING:absl:[process=0][thread=MainThread][operation_id=122] _SignalingThread.join() waiting for signals ([]) blocking the main thread will slow down blocking save times. This is likely due to main thread calling result() on a CommitFuture.
WARNING:absl:[process=0][thread=MainThread][operation_id=123] _SignalingThread.join() waiting for signals ([]) blocking the main thread will slow down blocking save times. This is likely due to main thread calling result() on a CommitFuture.
WARNING:absl:[process=0][thread=MainThread][operation_id=124] _SignalingThread.join() waiting for signals ([]) blocking the main thread will slow down blocking save times. This is likely due to main thread calling result() on a CommitFuture.
WARNING:absl:[process=0][thread=MainThread][operation_id=125] _SignalingThread.join() waiting for signals ([]) blocking the main thread will slow down blocking save times. This is likely due to main thread calling result() on a CommitFuture.
WARNING:absl:[process=0][thread=MainThread][operation_id=126] _SignalingThread.join() waiting for signals ([]) blocking the main thread will slow down blocking save times. This is likely due to main thread calling result() on a CommitFuture.
WARNING:absl:[process=0][thread=MainThread][operation_id=127] _SignalingThread.join() waiting for signals ([]) blocking the main thread will slow down blocking save times. This is likely due to main thread calling result() on a CommitFuture.
WARNING:absl:[process=0][thread=MainThread][operation_id=128] _SignalingThread.join() waiting for signals ([]) blocking the main thread will slow down blocking save times. This is likely due to main thread calling result() on a CommitFuture.
WARNING:absl:[process=0][thread=MainThread][operation_id=129] _SignalingThread.join() waiting for signals ([]) blocking the main thread will slow down blocking save times. This is likely due to main thread calling result() on a CommitFuture.
WARNING:absl:[process=0][thread=MainThread][operation_id=130] _SignalingThread.join() waiting for signals ([]) blocking the main thread will slow down blocking save times. This is likely due to main thread calling result() on a CommitFuture.
WARNING:absl:[process=0][thread=MainThread][operation_id=131] _SignalingThread.join() waiting for signals ([]) blocking the main thread will slow down blocking save times. This is likely due to main thread calling result() on a CommitFuture.
WARNING:absl:[process=0][thread=MainThread][operation_id=132] _SignalingThread.join() waiting for signals ([]) blocking the main thread will slow down blocking save times. This is likely due to main thread calling result() on a CommitFuture.
WARNING:absl:[process=0][thread=MainThread][operation_id=133] _SignalingThread.join() waiting for signals ([]) blocking the main thread will slow down blocking save times. This is likely due to main thread calling result() on a CommitFuture.
WARNING:absl:[process=0][thread=MainThread][operation_id=134] _SignalingThread.join() waiting for signals ([]) blocking the main thread will slow down blocking save times. This is likely due to main thread calling result() on a CommitFuture.
WARNING:absl:[process=0][thread=MainThread][operation_id=135] _SignalingThread.join() waiting for signals ([]) blocking the main thread will slow down blocking save times. This is likely due to main thread calling result() on a CommitFuture.
WARNING:absl:[process=0][thread=MainThread][operation_id=136] _SignalingThread.join() waiting for signals ([]) blocking the main thread will slow down blocking save times. This is likely due to main thread calling result() on a CommitFuture.
WARNING:absl:[process=0][thread=MainThread][operation_id=137] _SignalingThread.join() waiting for signals ([]) blocking the main thread will slow down blocking save times. This is likely due to main thread calling result() on a CommitFuture.
WARNING:absl:[process=0][thread=MainThread][operation_id=138] _SignalingThread.join() waiting for signals ([]) blocking the main thread will slow down blocking save times. This is likely due to main thread calling result() on a CommitFuture.
WARNING:absl:[process=0][thread=MainThread][operation_id=139] _SignalingThread.join() waiting for signals ([]) blocking the main thread will slow down blocking save times. This is likely due to main thread calling result() on a CommitFuture.
WARNING:absl:[process=0][thread=MainThread][operation_id=140] _SignalingThread.join() waiting for signals ([]) blocking the main thread will slow down blocking save times. This is likely due to main thread calling result() on a CommitFuture.
WARNING:absl:[process=0][thread=MainThread][operation_id=141] _SignalingThread.join() waiting for signals ([]) blocking the main thread will slow down blocking save times. This is likely due to main thread calling result() on a CommitFuture.
WARNING:absl:[process=0][thread=MainThread][operation_id=142] _SignalingThread.join() waiting for signals ([]) blocking the main thread will slow down blocking save times. This is likely due to main thread calling result() on a CommitFuture.
WARNING:absl:[process=0][thread=MainThread][operation_id=143] _SignalingThread.join() waiting for signals ([]) blocking the main thread will slow down blocking save times. This is likely due to main thread calling result() on a CommitFuture.
WARNING:absl:[process=0][thread=MainThread][operation_id=144] _SignalingThread.join() waiting for signals ([]) blocking the main thread will slow down blocking save times. This is likely due to main thread calling result() on a CommitFuture.
WARNING:absl:[process=0][thread=MainThread][operation_id=145] _SignalingThread.join() waiting for signals ([]) blocking the main thread will slow down blocking save times. This is likely due to main thread calling result() on a CommitFuture.
WARNING:absl:[process=0][thread=MainThread][operation_id=146] _SignalingThread.join() waiting for signals ([]) blocking the main thread will slow down blocking save times. This is likely due to main thread calling result() on a CommitFuture.
WARNING:absl:[process=0][thread=MainThread][operation_id=147] _SignalingThread.join() waiting for signals ([]) blocking the main thread will slow down blocking save times. This is likely due to main thread calling result() on a CommitFuture.
WARNING:absl:[process=0][thread=MainThread][operation_id=148] _SignalingThread.join() waiting for signals ([]) blocking the main thread will slow down blocking save times. This is likely due to main thread calling result() on a CommitFuture.
WARNING:absl:[process=0][thread=MainThread][operation_id=149] _SignalingThread.join() waiting for signals ([]) blocking the main thread will slow down blocking save times. This is likely due to main thread calling result() on a CommitFuture.
WARNING:absl:[process=0][thread=MainThread][operation_id=150] _SignalingThread.join() waiting for signals ([]) blocking the main thread will slow down blocking save times. This is likely due to main thread calling result() on a CommitFuture.
WARNING:absl:[process=0][thread=MainThread][operation_id=151] _SignalingThread.join() waiting for signals ([]) blocking the main thread will slow down blocking save times. This is likely due to main thread calling result() on a CommitFuture.
WARNING:absl:[process=0][thread=MainThread][operation_id=152] _SignalingThread.join() waiting for signals ([]) blocking the main thread will slow down blocking save times. This is likely due to main thread calling result() on a CommitFuture.
WARNING:absl:[process=0][thread=MainThread][operation_id=153] _SignalingThread.join() waiting for signals ([]) blocking the main thread will slow down blocking save times. This is likely due to main thread calling result() on a CommitFuture.
WARNING:absl:[process=0][thread=MainThread][operation_id=154] _SignalingThread.join() waiting for signals ([]) blocking the main thread will slow down blocking save times. This is likely due to main thread calling result() on a CommitFuture.
WARNING:absl:[process=0][thread=MainThread][operation_id=155] _SignalingThread.join() waiting for signals ([]) blocking the main thread will slow down blocking save times. This is likely due to main thread calling result() on a CommitFuture.
WARNING:absl:[process=0][thread=MainThread][operation_id=156] _SignalingThread.join() waiting for signals ([]) blocking the main thread will slow down blocking save times. This is likely due to main thread calling result() on a CommitFuture.
WARNING:absl:[process=0][thread=MainThread][operation_id=157] _SignalingThread.join() waiting for signals ([]) blocking the main thread will slow down blocking save times. This is likely due to main thread calling result() on a CommitFuture.
WARNING:absl:[process=0][thread=MainThread][operation_id=158] _SignalingThread.join() waiting for signals ([]) blocking the main thread will slow down blocking save times. This is likely due to main thread calling result() on a CommitFuture.
WARNING:absl:[process=0][thread=MainThread][operation_id=159] _SignalingThread.join() waiting for signals ([]) blocking the main thread will slow down blocking save times. This is likely due to main thread calling result() on a CommitFuture.
WARNING:absl:[process=0][thread=MainThread][operation_id=160] _SignalingThread.join() waiting for signals ([]) blocking the main thread will slow down blocking save times. This is likely due to main thread calling result() on a CommitFuture.
WARNING:absl:[process=0][thread=MainThread][operation_id=161] _SignalingThread.join() waiting for signals ([]) blocking the main thread will slow down blocking save times. This is likely due to main thread calling result() on a CommitFuture.
WARNING:absl:[process=0][thread=MainThread][operation_id=162] _SignalingThread.join() waiting for signals ([]) blocking the main thread will slow down blocking save times. This is likely due to main thread calling result() on a CommitFuture.
WARNING:absl:[process=0][thread=MainThread][operation_id=163] _SignalingThread.join() waiting for signals ([]) blocking the main thread will slow down blocking save times. This is likely due to main thread calling result() on a CommitFuture.
WARNING:absl:[process=0][thread=MainThread][operation_id=164] _SignalingThread.join() waiting for signals ([]) blocking the main thread will slow down blocking save times. This is likely due to main thread calling result() on a CommitFuture.
WARNING:absl:[process=0][thread=MainThread][operation_id=165] _SignalingThread.join() waiting for signals ([]) blocking the main thread will slow down blocking save times. This is likely due to main thread calling result() on a CommitFuture.
WARNING:absl:[process=0][thread=MainThread][operation_id=166] _SignalingThread.join() waiting for signals ([]) blocking the main thread will slow down blocking save times. This is likely due to main thread calling result() on a CommitFuture.
WARNING:absl:[process=0][thread=MainThread][operation_id=167] _SignalingThread.join() waiting for signals ([]) blocking the main thread will slow down blocking save times. This is likely due to main thread calling result() on a CommitFuture.
WARNING:absl:[process=0][thread=MainThread][operation_id=168] _SignalingThread.join() waiting for signals ([]) blocking the main thread will slow down blocking save times. This is likely due to main thread calling result() on a CommitFuture.
WARNING:absl:[process=0][thread=MainThread][operation_id=169] _SignalingThread.join() waiting for signals ([]) blocking the main thread will slow down blocking save times. This is likely due to main thread calling result() on a CommitFuture.
WARNING:absl:[process=0][thread=MainThread][operation_id=170] _SignalingThread.join() waiting for signals ([]) blocking the main thread will slow down blocking save times. This is likely due to main thread calling result() on a CommitFuture.
WARNING:absl:[process=0][thread=MainThread][operation_id=171] _SignalingThread.join() waiting for signals ([]) blocking the main thread will slow down blocking save times. This is likely due to main thread calling result() on a CommitFuture.
WARNING:absl:[process=0][thread=MainThread][operation_id=172] _SignalingThread.join() waiting for signals ([]) blocking the main thread will slow down blocking save times. This is likely due to main thread calling result() on a CommitFuture.
WARNING:absl:[process=0][thread=MainThread][operation_id=173] _SignalingThread.join() waiting for signals ([]) blocking the main thread will slow down blocking save times. This is likely due to main thread calling result() on a CommitFuture.
WARNING:absl:[process=0][thread=MainThread][operation_id=174] _SignalingThread.join() waiting for signals ([]) blocking the main thread will slow down blocking save times. This is likely due to main thread calling result() on a CommitFuture.
WARNING:absl:[process=0][thread=MainThread][operation_id=175] _SignalingThread.join() waiting for signals ([]) blocking the main thread will slow down blocking save times. This is likely due to main thread calling result() on a CommitFuture.
WARNING:absl:[process=0][thread=MainThread][operation_id=176] _SignalingThread.join() waiting for signals ([]) blocking the main thread will slow down blocking save times. This is likely due to main thread calling result() on a CommitFuture.
WARNING:absl:[process=0][thread=MainThread][operation_id=177] _SignalingThread.join() waiting for signals ([]) blocking the main thread will slow down blocking save times. This is likely due to main thread calling result() on a CommitFuture.
WARNING:absl:[process=0][thread=MainThread][operation_id=178] _SignalingThread.join() waiting for signals ([]) blocking the main thread will slow down blocking save times. This is likely due to main thread calling result() on a CommitFuture.
WARNING:absl:[process=0][thread=MainThread][operation_id=179] _SignalingThread.join() waiting for signals ([]) blocking the main thread will slow down blocking save times. This is likely due to main thread calling result() on a CommitFuture.
WARNING:absl:[process=0][thread=MainThread][operation_id=180] _SignalingThread.join() waiting for signals ([]) blocking the main thread will slow down blocking save times. This is likely due to main thread calling result() on a CommitFuture.
WARNING:absl:[process=0][thread=MainThread][operation_id=181] _SignalingThread.join() waiting for signals ([]) blocking the main thread will slow down blocking save times. This is likely due to main thread calling result() on a CommitFuture.
WARNING:absl:[process=0][thread=MainThread][operation_id=182] _SignalingThread.join() waiting for signals ([]) blocking the main thread will slow down blocking save times. This is likely due to main thread calling result() on a CommitFuture.
WARNING:absl:[process=0][thread=MainThread][operation_id=183] _SignalingThread.join() waiting for signals ([]) blocking the main thread will slow down blocking save times. This is likely due to main thread calling result() on a CommitFuture.
WARNING:absl:[process=0][thread=MainThread][operation_id=184] _SignalingThread.join() waiting for signals ([]) blocking the main thread will slow down blocking save times. This is likely due to main thread calling result() on a CommitFuture.
WARNING:absl:[process=0][thread=MainThread][operation_id=185] _SignalingThread.join() waiting for signals ([]) blocking the main thread will slow down blocking save times. This is likely due to main thread calling result() on a CommitFuture.
WARNING:absl:[process=0][thread=MainThread][operation_id=186] _SignalingThread.join() waiting for signals ([]) blocking the main thread will slow down blocking save times. This is likely due to main thread calling result() on a CommitFuture.
WARNING:absl:[process=0][thread=MainThread][operation_id=187] _SignalingThread.join() waiting for signals ([]) blocking the main thread will slow down blocking save times. This is likely due to main thread calling result() on a CommitFuture.
WARNING:absl:[process=0][thread=MainThread][operation_id=188] _SignalingThread.join() waiting for signals ([]) blocking the main thread will slow down blocking save times. This is likely due to main thread calling result() on a CommitFuture.
WARNING:absl:[process=0][thread=MainThread][operation_id=189] _SignalingThread.join() waiting for signals ([]) blocking the main thread will slow down blocking save times. This is likely due to main thread calling result() on a CommitFuture.
WARNING:absl:[process=0][thread=MainThread][operation_id=190] _SignalingThread.join() waiting for signals ([]) blocking the main thread will slow down blocking save times. This is likely due to main thread calling result() on a CommitFuture.
WARNING:absl:[process=0][thread=MainThread][operation_id=191] _SignalingThread.join() waiting for signals ([]) blocking the main thread will slow down blocking save times. This is likely due to main thread calling result() on a CommitFuture.
WARNING:absl:[process=0][thread=MainThread][operation_id=192] _SignalingThread.join() waiting for signals ([]) blocking the main thread will slow down blocking save times. This is likely due to main thread calling result() on a CommitFuture.
WARNING:absl:[process=0][thread=MainThread][operation_id=193] _SignalingThread.join() waiting for signals ([]) blocking the main thread will slow down blocking save times. This is likely due to main thread calling result() on a CommitFuture.
WARNING:absl:[process=0][thread=MainThread][operation_id=194] _SignalingThread.join() waiting for signals ([]) blocking the main thread will slow down blocking save times. This is likely due to main thread calling result() on a CommitFuture.
WARNING:absl:[process=0][thread=MainThread][operation_id=195] _SignalingThread.join() waiting for signals ([]) blocking the main thread will slow down blocking save times. This is likely due to main thread calling result() on a CommitFuture.
WARNING:absl:[process=0][thread=MainThread][operation_id=196] _SignalingThread.join() waiting for signals ([]) blocking the main thread will slow down blocking save times. This is likely due to main thread calling result() on a CommitFuture.
WARNING:absl:[process=0][thread=MainThread][operation_id=197] _SignalingThread.join() waiting for signals ([]) blocking the main thread will slow down blocking save times. This is likely due to main thread calling result() on a CommitFuture.
WARNING:absl:[process=0][thread=MainThread][operation_id=198] _SignalingThread.join() waiting for signals ([]) blocking the main thread will slow down blocking save times. This is likely due to main thread calling result() on a CommitFuture.
WARNING:absl:[process=0][thread=MainThread][operation_id=199] _SignalingThread.join() waiting for signals ([]) blocking the main thread will slow down blocking save times. This is likely due to main thread calling result() on a CommitFuture.
WARNING:absl:[process=0][thread=MainThread][operation_id=200] _SignalingThread.join() waiting for signals ([]) blocking the main thread will slow down blocking save times. This is likely due to main thread calling result() on a CommitFuture.
WARNING:absl:[process=0][thread=MainThread][operation_id=201] _SignalingThread.join() waiting for signals ([]) blocking the main thread will slow down blocking save times. This is likely due to main thread calling result() on a CommitFuture.
WARNING:absl:[process=0][thread=MainThread][operation_id=202] _SignalingThread.join() waiting for signals ([]) blocking the main thread will slow down blocking save times. This is likely due to main thread calling result() on a CommitFuture.
WARNING:absl:[process=0][thread=MainThread][operation_id=203] _SignalingThread.join() waiting for signals ([]) blocking the main thread will slow down blocking save times. This is likely due to main thread calling result() on a CommitFuture.
WARNING:absl:[process=0][thread=MainThread][operation_id=204] _SignalingThread.join() waiting for signals ([]) blocking the main thread will slow down blocking save times. This is likely due to main thread calling result() on a CommitFuture.
WARNING:absl:[process=0][thread=MainThread][operation_id=205] _SignalingThread.join() waiting for signals ([]) blocking the main thread will slow down blocking save times. This is likely due to main thread calling result() on a CommitFuture.
WARNING:absl:[process=0][thread=MainThread][operation_id=206] _SignalingThread.join() waiting for signals ([]) blocking the main thread will slow down blocking save times. This is likely due to main thread calling result() on a CommitFuture.
WARNING:absl:[process=0][thread=MainThread][operation_id=207] _SignalingThread.join() waiting for signals ([]) blocking the main thread will slow down blocking save times. This is likely due to main thread calling result() on a CommitFuture.
WARNING:absl:[process=0][thread=MainThread][operation_id=208] _SignalingThread.join() waiting for signals ([]) blocking the main thread will slow down blocking save times. This is likely due to main thread calling result() on a CommitFuture.
WARNING:absl:[process=0][thread=MainThread][operation_id=209] _SignalingThread.join() waiting for signals ([]) blocking the main thread will slow down blocking save times. This is likely due to main thread calling result() on a CommitFuture.
WARNING:absl:[process=0][thread=MainThread][operation_id=210] _SignalingThread.join() waiting for signals ([]) blocking the main thread will slow down blocking save times. This is likely due to main thread calling result() on a CommitFuture.
WARNING:absl:[process=0][thread=MainThread][operation_id=211] _SignalingThread.join() waiting for signals ([]) blocking the main thread will slow down blocking save times. This is likely due to main thread calling result() on a CommitFuture.
WARNING:absl:[process=0][thread=MainThread][operation_id=212] _SignalingThread.join() waiting for signals ([]) blocking the main thread will slow down blocking save times. This is likely due to main thread calling result() on a CommitFuture.
WARNING:absl:[process=0][thread=MainThread][operation_id=213] _SignalingThread.join() waiting for signals ([]) blocking the main thread will slow down blocking save times. This is likely due to main thread calling result() on a CommitFuture.
WARNING:absl:[process=0][thread=MainThread][operation_id=214] _SignalingThread.join() waiting for signals ([]) blocking the main thread will slow down blocking save times. This is likely due to main thread calling result() on a CommitFuture.
WARNING:absl:[process=0][thread=MainThread][operation_id=215] _SignalingThread.join() waiting for signals ([]) blocking the main thread will slow down blocking save times. This is likely due to main thread calling result() on a CommitFuture.
WARNING:absl:[process=0][thread=MainThread][operation_id=216] _SignalingThread.join() waiting for signals ([]) blocking the main thread will slow down blocking save times. This is likely due to main thread calling result() on a CommitFuture.
WARNING:absl:[process=0][thread=MainThread][operation_id=217] _SignalingThread.join() waiting for signals ([]) blocking the main thread will slow down blocking save times. This is likely due to main thread calling result() on a CommitFuture.
WARNING:absl:[process=0][thread=MainThread][operation_id=218] _SignalingThread.join() waiting for signals ([]) blocking the main thread will slow down blocking save times. This is likely due to main thread calling result() on a CommitFuture.
WARNING:absl:[process=0][thread=MainThread][operation_id=219] _SignalingThread.join() waiting for signals ([]) blocking the main thread will slow down blocking save times. This is likely due to main thread calling result() on a CommitFuture.
WARNING:absl:[process=0][thread=MainThread][operation_id=220] _SignalingThread.join() waiting for signals ([]) blocking the main thread will slow down blocking save times. This is likely due to main thread calling result() on a CommitFuture.
WARNING:absl:[process=0][thread=MainThread][operation_id=221] _SignalingThread.join() waiting for signals ([]) blocking the main thread will slow down blocking save times. This is likely due to main thread calling result() on a CommitFuture.
WARNING:absl:[process=0][thread=MainThread][operation_id=222] _SignalingThread.join() waiting for signals ([]) blocking the main thread will slow down blocking save times. This is likely due to main thread calling result() on a CommitFuture.
WARNING:absl:[process=0][thread=MainThread][operation_id=223] _SignalingThread.join() waiting for signals ([]) blocking the main thread will slow down blocking save times. This is likely due to main thread calling result() on a CommitFuture.
WARNING:absl:[process=0][thread=MainThread][operation_id=224] _SignalingThread.join() waiting for signals ([]) blocking the main thread will slow down blocking save times. This is likely due to main thread calling result() on a CommitFuture.
WARNING:absl:[process=0][thread=MainThread][operation_id=225] _SignalingThread.join() waiting for signals ([]) blocking the main thread will slow down blocking save times. This is likely due to main thread calling result() on a CommitFuture.
WARNING:absl:[process=0][thread=MainThread][operation_id=226] _SignalingThread.join() waiting for signals ([]) blocking the main thread will slow down blocking save times. This is likely due to main thread calling result() on a CommitFuture.
WARNING:absl:[process=0][thread=MainThread][operation_id=227] _SignalingThread.join() waiting for signals ([]) blocking the main thread will slow down blocking save times. This is likely due to main thread calling result() on a CommitFuture.
WARNING:absl:[process=0][thread=MainThread][operation_id=228] _SignalingThread.join() waiting for signals ([]) blocking the main thread will slow down blocking save times. This is likely due to main thread calling result() on a CommitFuture.
WARNING:absl:[process=0][thread=MainThread][operation_id=229] _SignalingThread.join() waiting for signals ([]) blocking the main thread will slow down blocking save times. This is likely due to main thread calling result() on a CommitFuture.
WARNING:absl:[process=0][thread=MainThread][operation_id=230] _SignalingThread.join() waiting for signals ([]) blocking the main thread will slow down blocking save times. This is likely due to main thread calling result() on a CommitFuture.
WARNING:absl:[process=0][thread=MainThread][operation_id=231] _SignalingThread.join() waiting for signals ([]) blocking the main thread will slow down blocking save times. This is likely due to main thread calling result() on a CommitFuture.
WARNING:absl:[process=0][thread=MainThread][operation_id=232] _SignalingThread.join() waiting for signals ([]) blocking the main thread will slow down blocking save times. This is likely due to main thread calling result() on a CommitFuture.
WARNING:absl:[process=0][thread=MainThread][operation_id=233] _SignalingThread.join() waiting for signals ([]) blocking the main thread will slow down blocking save times. This is likely due to main thread calling result() on a CommitFuture.
WARNING:absl:[process=0][thread=MainThread][operation_id=234] _SignalingThread.join() waiting for signals ([]) blocking the main thread will slow down blocking save times. This is likely due to main thread calling result() on a CommitFuture.
WARNING:absl:[process=0][thread=MainThread][operation_id=235] _SignalingThread.join() waiting for signals ([]) blocking the main thread will slow down blocking save times. This is likely due to main thread calling result() on a CommitFuture.
WARNING:absl:[process=0][thread=MainThread][operation_id=236] _SignalingThread.join() waiting for signals ([]) blocking the main thread will slow down blocking save times. This is likely due to main thread calling result() on a CommitFuture.
WARNING:absl:[process=0][thread=MainThread][operation_id=237] _SignalingThread.join() waiting for signals ([]) blocking the main thread will slow down blocking save times. This is likely due to main thread calling result() on a CommitFuture.
WARNING:absl:[process=0][thread=MainThread][operation_id=238] _SignalingThread.join() waiting for signals ([]) blocking the main thread will slow down blocking save times. This is likely due to main thread calling result() on a CommitFuture.
WARNING:absl:[process=0][thread=MainThread][operation_id=239] _SignalingThread.join() waiting for signals ([]) blocking the main thread will slow down blocking save times. This is likely due to main thread calling result() on a CommitFuture.
WARNING:absl:[process=0][thread=MainThread][operation_id=240] _SignalingThread.join() waiting for signals ([]) blocking the main thread will slow down blocking save times. This is likely due to main thread calling result() on a CommitFuture.
WARNING:absl:[process=0][thread=MainThread][operation_id=241] _SignalingThread.join() waiting for signals ([]) blocking the main thread will slow down blocking save times. This is likely due to main thread calling result() on a CommitFuture.
WARNING:absl:[process=0][thread=MainThread][operation_id=242] _SignalingThread.join() waiting for signals ([]) blocking the main thread will slow down blocking save times. This is likely due to main thread calling result() on a CommitFuture.
WARNING:absl:[process=0][thread=MainThread][operation_id=243] _SignalingThread.join() waiting for signals ([]) blocking the main thread will slow down blocking save times. This is likely due to main thread calling result() on a CommitFuture.
WARNING:absl:[process=0][thread=MainThread][operation_id=244] _SignalingThread.join() waiting for signals ([]) blocking the main thread will slow down blocking save times. This is likely due to main thread calling result() on a CommitFuture.
WARNING:absl:[process=0][thread=MainThread][operation_id=245] _SignalingThread.join() waiting for signals ([]) blocking the main thread will slow down blocking save times. This is likely due to main thread calling result() on a CommitFuture.
WARNING:absl:[process=0][thread=MainThread][operation_id=246] _SignalingThread.join() waiting for signals ([]) blocking the main thread will slow down blocking save times. This is likely due to main thread calling result() on a CommitFuture.
WARNING:absl:[process=0][thread=MainThread][operation_id=247] _SignalingThread.join() waiting for signals ([]) blocking the main thread will slow down blocking save times. This is likely due to main thread calling result() on a CommitFuture.
WARNING:absl:[process=0][thread=MainThread][operation_id=248] _SignalingThread.join() waiting for signals ([]) blocking the main thread will slow down blocking save times. This is likely due to main thread calling result() on a CommitFuture.
WARNING:absl:[process=0][thread=MainThread][operation_id=249] _SignalingThread.join() waiting for signals ([]) blocking the main thread will slow down blocking save times. This is likely due to main thread calling result() on a CommitFuture.
WARNING:absl:[process=0][thread=MainThread][operation_id=250] _SignalingThread.join() waiting for signals ([]) blocking the main thread will slow down blocking save times. This is likely due to main thread calling result() on a CommitFuture.
WARNING:absl:[process=0][thread=MainThread][operation_id=251] _SignalingThread.join() waiting for signals ([]) blocking the main thread will slow down blocking save times. This is likely due to main thread calling result() on a CommitFuture.
WARNING:absl:[process=0][thread=MainThread][operation_id=252] _SignalingThread.join() waiting for signals ([]) blocking the main thread will slow down blocking save times. This is likely due to main thread calling result() on a CommitFuture.
WARNING:absl:[process=0][thread=MainThread][operation_id=253] _SignalingThread.join() waiting for signals ([]) blocking the main thread will slow down blocking save times. This is likely due to main thread calling result() on a CommitFuture.
WARNING:absl:[process=0][thread=MainThread][operation_id=254] _SignalingThread.join() waiting for signals ([]) blocking the main thread will slow down blocking save times. This is likely due to main thread calling result() on a CommitFuture.
WARNING:absl:[process=0][thread=MainThread][operation_id=255] _SignalingThread.join() waiting for signals ([]) blocking the main thread will slow down blocking save times. This is likely due to main thread calling result() on a CommitFuture.
WARNING:absl:[process=0][thread=MainThread][operation_id=256] _SignalingThread.join() waiting for signals ([]) blocking the main thread will slow down blocking save times. This is likely due to main thread calling result() on a CommitFuture.
WARNING:absl:[process=0][thread=MainThread][operation_id=257] _SignalingThread.join() waiting for signals ([]) blocking the main thread will slow down blocking save times. This is likely due to main thread calling result() on a CommitFuture.
WARNING:absl:[process=0][thread=MainThread][operation_id=258] _SignalingThread.join() waiting for signals ([]) blocking the main thread will slow down blocking save times. This is likely due to main thread calling result() on a CommitFuture.
WARNING:absl:[process=0][thread=MainThread][operation_id=259] _SignalingThread.join() waiting for signals ([]) blocking the main thread will slow down blocking save times. This is likely due to main thread calling result() on a CommitFuture.
WARNING:absl:[process=0][thread=MainThread][operation_id=260] _SignalingThread.join() waiting for signals ([]) blocking the main thread will slow down blocking save times. This is likely due to main thread calling result() on a CommitFuture.
WARNING:absl:[process=0][thread=MainThread][operation_id=261] _SignalingThread.join() waiting for signals ([]) blocking the main thread will slow down blocking save times. This is likely due to main thread calling result() on a CommitFuture.
WARNING:absl:[process=0][thread=MainThread][operation_id=262] _SignalingThread.join() waiting for signals ([]) blocking the main thread will slow down blocking save times. This is likely due to main thread calling result() on a CommitFuture.
WARNING:absl:[process=0][thread=MainThread][operation_id=263] _SignalingThread.join() waiting for signals ([]) blocking the main thread will slow down blocking save times. This is likely due to main thread calling result() on a CommitFuture.
WARNING:absl:[process=0][thread=MainThread][operation_id=264] _SignalingThread.join() waiting for signals ([]) blocking the main thread will slow down blocking save times. This is likely due to main thread calling result() on a CommitFuture.
WARNING:absl:[process=0][thread=MainThread][operation_id=265] _SignalingThread.join() waiting for signals ([]) blocking the main thread will slow down blocking save times. This is likely due to main thread calling result() on a CommitFuture.
WARNING:absl:[process=0][thread=MainThread][operation_id=266] _SignalingThread.join() waiting for signals ([]) blocking the main thread will slow down blocking save times. This is likely due to main thread calling result() on a CommitFuture.
WARNING:absl:[process=0][thread=MainThread][operation_id=267] _SignalingThread.join() waiting for signals ([]) blocking the main thread will slow down blocking save times. This is likely due to main thread calling result() on a CommitFuture.
WARNING:absl:[process=0][thread=MainThread][operation_id=268] _SignalingThread.join() waiting for signals ([]) blocking the main thread will slow down blocking save times. This is likely due to main thread calling result() on a CommitFuture.
WARNING:absl:[process=0][thread=MainThread][operation_id=269] _SignalingThread.join() waiting for signals ([]) blocking the main thread will slow down blocking save times. This is likely due to main thread calling result() on a CommitFuture.
WARNING:absl:[process=0][thread=MainThread][operation_id=270] _SignalingThread.join() waiting for signals ([]) blocking the main thread will slow down blocking save times. This is likely due to main thread calling result() on a CommitFuture.
WARNING:absl:[process=0][thread=MainThread][operation_id=271] _SignalingThread.join() waiting for signals ([]) blocking the main thread will slow down blocking save times. This is likely due to main thread calling result() on a CommitFuture.
WARNING:absl:[process=0][thread=MainThread][operation_id=272] _SignalingThread.join() waiting for signals ([]) blocking the main thread will slow down blocking save times. This is likely due to main thread calling result() on a CommitFuture.
WARNING:absl:[process=0][thread=MainThread][operation_id=273] _SignalingThread.join() waiting for signals ([]) blocking the main thread will slow down blocking save times. This is likely due to main thread calling result() on a CommitFuture.
WARNING:absl:[process=0][thread=MainThread][operation_id=274] _SignalingThread.join() waiting for signals ([]) blocking the main thread will slow down blocking save times. This is likely due to main thread calling result() on a CommitFuture.
WARNING:absl:[process=0][thread=MainThread][operation_id=275] _SignalingThread.join() waiting for signals ([]) blocking the main thread will slow down blocking save times. This is likely due to main thread calling result() on a CommitFuture.
WARNING:absl:[process=0][thread=MainThread][operation_id=276] _SignalingThread.join() waiting for signals ([]) blocking the main thread will slow down blocking save times. This is likely due to main thread calling result() on a CommitFuture.
WARNING:absl:[process=0][thread=MainThread][operation_id=277] _SignalingThread.join() waiting for signals ([]) blocking the main thread will slow down blocking save times. This is likely due to main thread calling result() on a CommitFuture.
WARNING:absl:[process=0][thread=MainThread][operation_id=278] _SignalingThread.join() waiting for signals ([]) blocking the main thread will slow down blocking save times. This is likely due to main thread calling result() on a CommitFuture.
WARNING:absl:[process=0][thread=MainThread][operation_id=279] _SignalingThread.join() waiting for signals ([]) blocking the main thread will slow down blocking save times. This is likely due to main thread calling result() on a CommitFuture.
WARNING:absl:[process=0][thread=MainThread][operation_id=280] _SignalingThread.join() waiting for signals ([]) blocking the main thread will slow down blocking save times. This is likely due to main thread calling result() on a CommitFuture.
WARNING:absl:[process=0][thread=MainThread][operation_id=281] _SignalingThread.join() waiting for signals ([]) blocking the main thread will slow down blocking save times. This is likely due to main thread calling result() on a CommitFuture.
WARNING:absl:[process=0][thread=MainThread][operation_id=282] _SignalingThread.join() waiting for signals ([]) blocking the main thread will slow down blocking save times. This is likely due to main thread calling result() on a CommitFuture.
WARNING:absl:[process=0][thread=MainThread][operation_id=283] _SignalingThread.join() waiting for signals ([]) blocking the main thread will slow down blocking save times. This is likely due to main thread calling result() on a CommitFuture.
WARNING:absl:[process=0][thread=MainThread][operation_id=284] _SignalingThread.join() waiting for signals ([]) blocking the main thread will slow down blocking save times. This is likely due to main thread calling result() on a CommitFuture.
WARNING:absl:[process=0][thread=MainThread][operation_id=285] _SignalingThread.join() waiting for signals ([]) blocking the main thread will slow down blocking save times. This is likely due to main thread calling result() on a CommitFuture.
WARNING:absl:[process=0][thread=MainThread][operation_id=286] _SignalingThread.join() waiting for signals ([]) blocking the main thread will slow down blocking save times. This is likely due to main thread calling result() on a CommitFuture.
WARNING:absl:[process=0][thread=MainThread][operation_id=287] _SignalingThread.join() waiting for signals ([]) blocking the main thread will slow down blocking save times. This is likely due to main thread calling result() on a CommitFuture.
WARNING:absl:[process=0][thread=MainThread][operation_id=288] _SignalingThread.join() waiting for signals ([]) blocking the main thread will slow down blocking save times. This is likely due to main thread calling result() on a CommitFuture.
WARNING:absl:[process=0][thread=MainThread][operation_id=289] _SignalingThread.join() waiting for signals ([]) blocking the main thread will slow down blocking save times. This is likely due to main thread calling result() on a CommitFuture.
WARNING:absl:[process=0][thread=MainThread][operation_id=290] _SignalingThread.join() waiting for signals ([]) blocking the main thread will slow down blocking save times. This is likely due to main thread calling result() on a CommitFuture.
WARNING:absl:[process=0][thread=MainThread][operation_id=291] _SignalingThread.join() waiting for signals ([]) blocking the main thread will slow down blocking save times. This is likely due to main thread calling result() on a CommitFuture.
WARNING:absl:[process=0][thread=MainThread][operation_id=292] _SignalingThread.join() waiting for signals ([]) blocking the main thread will slow down blocking save times. This is likely due to main thread calling result() on a CommitFuture.
WARNING:absl:[process=0][thread=MainThread][operation_id=293] _SignalingThread.join() waiting for signals ([]) blocking the main thread will slow down blocking save times. This is likely due to main thread calling result() on a CommitFuture.
WARNING:absl:[process=0][thread=MainThread][operation_id=294] _SignalingThread.join() waiting for signals ([]) blocking the main thread will slow down blocking save times. This is likely due to main thread calling result() on a CommitFuture.
WARNING:absl:[process=0][thread=MainThread][operation_id=295] _SignalingThread.join() waiting for signals ([]) blocking the main thread will slow down blocking save times. This is likely due to main thread calling result() on a CommitFuture.
WARNING:absl:[process=0][thread=MainThread][operation_id=296] _SignalingThread.join() waiting for signals ([]) blocking the main thread will slow down blocking save times. This is likely due to main thread calling result() on a CommitFuture.
WARNING:absl:[process=0][thread=MainThread][operation_id=297] _SignalingThread.join() waiting for signals ([]) blocking the main thread will slow down blocking save times. This is likely due to main thread calling result() on a CommitFuture.
WARNING:absl:[process=0][thread=MainThread][operation_id=298] _SignalingThread.join() waiting for signals ([]) blocking the main thread will slow down blocking save times. This is likely due to main thread calling result() on a CommitFuture.
WARNING:absl:[process=0][thread=MainThread][operation_id=299] _SignalingThread.join() waiting for signals ([]) blocking the main thread will slow down blocking save times. This is likely due to main thread calling result() on a CommitFuture.
WARNING:absl:[process=0][thread=MainThread][operation_id=300] _SignalingThread.join() waiting for signals ([]) blocking the main thread will slow down blocking save times. This is likely due to main thread calling result() on a CommitFuture.
WARNING:absl:[process=0][thread=MainThread][operation_id=301] _SignalingThread.join() waiting for signals ([]) blocking the main thread will slow down blocking save times. This is likely due to main thread calling result() on a CommitFuture.
WARNING:absl:[process=0][thread=MainThread][operation_id=302] _SignalingThread.join() waiting for signals ([]) blocking the main thread will slow down blocking save times. This is likely due to main thread calling result() on a CommitFuture.
WARNING:absl:[process=0][thread=MainThread][operation_id=303] _SignalingThread.join() waiting for signals ([]) blocking the main thread will slow down blocking save times. This is likely due to main thread calling result() on a CommitFuture.
WARNING:absl:[process=0][thread=MainThread][operation_id=304] _SignalingThread.join() waiting for signals ([]) blocking the main thread will slow down blocking save times. This is likely due to main thread calling result() on a CommitFuture.
WARNING:absl:[process=0][thread=MainThread][operation_id=305] _SignalingThread.join() waiting for signals ([]) blocking the main thread will slow down blocking save times. This is likely due to main thread calling result() on a CommitFuture.
WARNING:absl:[process=0][thread=MainThread][operation_id=306] _SignalingThread.join() waiting for signals ([]) blocking the main thread will slow down blocking save times. This is likely due to main thread calling result() on a CommitFuture.
WARNING:absl:[process=0][thread=MainThread][operation_id=307] _SignalingThread.join() waiting for signals ([]) blocking the main thread will slow down blocking save times. This is likely due to main thread calling result() on a CommitFuture.
WARNING:absl:[process=0][thread=MainThread][operation_id=308] _SignalingThread.join() waiting for signals ([]) blocking the main thread will slow down blocking save times. This is likely due to main thread calling result() on a CommitFuture.
WARNING:absl:[process=0][thread=MainThread][operation_id=309] _SignalingThread.join() waiting for signals ([]) blocking the main thread will slow down blocking save times. This is likely due to main thread calling result() on a CommitFuture.
WARNING:absl:[process=0][thread=MainThread][operation_id=310] _SignalingThread.join() waiting for signals ([]) blocking the main thread will slow down blocking save times. This is likely due to main thread calling result() on a CommitFuture.
WARNING:absl:[process=0][thread=MainThread][operation_id=311] _SignalingThread.join() waiting for signals ([]) blocking the main thread will slow down blocking save times. This is likely due to main thread calling result() on a CommitFuture.
WARNING:absl:[process=0][thread=MainThread][operation_id=312] _SignalingThread.join() waiting for signals ([]) blocking the main thread will slow down blocking save times. This is likely due to main thread calling result() on a CommitFuture.
WARNING:absl:[process=0][thread=MainThread][operation_id=313] _SignalingThread.join() waiting for signals ([]) blocking the main thread will slow down blocking save times. This is likely due to main thread calling result() on a CommitFuture.
WARNING:absl:[process=0][thread=MainThread][operation_id=314] _SignalingThread.join() waiting for signals ([]) blocking the main thread will slow down blocking save times. This is likely due to main thread calling result() on a CommitFuture.
WARNING:absl:[process=0][thread=MainThread][operation_id=315] _SignalingThread.join() waiting for signals ([]) blocking the main thread will slow down blocking save times. This is likely due to main thread calling result() on a CommitFuture.
WARNING:absl:[process=0][thread=MainThread][operation_id=316] _SignalingThread.join() waiting for signals ([]) blocking the main thread will slow down blocking save times. This is likely due to main thread calling result() on a CommitFuture.
WARNING:absl:[process=0][thread=MainThread][operation_id=317] _SignalingThread.join() waiting for signals ([]) blocking the main thread will slow down blocking save times. This is likely due to main thread calling result() on a CommitFuture.
WARNING:absl:[process=0][thread=MainThread][operation_id=318] _SignalingThread.join() waiting for signals ([]) blocking the main thread will slow down blocking save times. This is likely due to main thread calling result() on a CommitFuture.
WARNING:absl:[process=0][thread=MainThread][operation_id=319] _SignalingThread.join() waiting for signals ([]) blocking the main thread will slow down blocking save times. This is likely due to main thread calling result() on a CommitFuture.
WARNING:absl:[process=0][thread=MainThread][operation_id=320] _SignalingThread.join() waiting for signals ([]) blocking the main thread will slow down blocking save times. This is likely due to main thread calling result() on a CommitFuture.
WARNING:absl:[process=0][thread=MainThread][operation_id=321] _SignalingThread.join() waiting for signals ([]) blocking the main thread will slow down blocking save times. This is likely due to main thread calling result() on a CommitFuture.
WARNING:absl:[process=0][thread=MainThread][operation_id=322] _SignalingThread.join() waiting for signals ([]) blocking the main thread will slow down blocking save times. This is likely due to main thread calling result() on a CommitFuture.
WARNING:absl:[process=0][thread=MainThread][operation_id=323] _SignalingThread.join() waiting for signals ([]) blocking the main thread will slow down blocking save times. This is likely due to main thread calling result() on a CommitFuture.
WARNING:absl:[process=0][thread=MainThread][operation_id=324] _SignalingThread.join() waiting for signals ([]) blocking the main thread will slow down blocking save times. This is likely due to main thread calling result() on a CommitFuture.
WARNING:absl:[process=0][thread=MainThread][operation_id=325] _SignalingThread.join() waiting for signals ([]) blocking the main thread will slow down blocking save times. This is likely due to main thread calling result() on a CommitFuture.
WARNING:absl:[process=0][thread=MainThread][operation_id=326] _SignalingThread.join() waiting for signals ([]) blocking the main thread will slow down blocking save times. This is likely due to main thread calling result() on a CommitFuture.
WARNING:absl:[process=0][thread=MainThread][operation_id=327] _SignalingThread.join() waiting for signals ([]) blocking the main thread will slow down blocking save times. This is likely due to main thread calling result() on a CommitFuture.
WARNING:absl:[process=0][thread=MainThread][operation_id=328] _SignalingThread.join() waiting for signals ([]) blocking the main thread will slow down blocking save times. This is likely due to main thread calling result() on a CommitFuture.
WARNING:absl:[process=0][thread=MainThread][operation_id=329] _SignalingThread.join() waiting for signals ([]) blocking the main thread will slow down blocking save times. This is likely due to main thread calling result() on a CommitFuture.
WARNING:absl:[process=0][thread=MainThread][operation_id=330] _SignalingThread.join() waiting for signals ([]) blocking the main thread will slow down blocking save times. This is likely due to main thread calling result() on a CommitFuture.
WARNING:absl:[process=0][thread=MainThread][operation_id=331] _SignalingThread.join() waiting for signals ([]) blocking the main thread will slow down blocking save times. This is likely due to main thread calling result() on a CommitFuture.
WARNING:absl:[process=0][thread=MainThread][operation_id=332] _SignalingThread.join() waiting for signals ([]) blocking the main thread will slow down blocking save times. This is likely due to main thread calling result() on a CommitFuture.
WARNING:absl:[process=0][thread=MainThread][operation_id=333] _SignalingThread.join() waiting for signals ([]) blocking the main thread will slow down blocking save times. This is likely due to main thread calling result() on a CommitFuture.
WARNING:absl:[process=0][thread=MainThread][operation_id=334] _SignalingThread.join() waiting for signals ([]) blocking the main thread will slow down blocking save times. This is likely due to main thread calling result() on a CommitFuture.
WARNING:absl:[process=0][thread=MainThread][operation_id=335] _SignalingThread.join() waiting for signals ([]) blocking the main thread will slow down blocking save times. This is likely due to main thread calling result() on a CommitFuture.
WARNING:absl:[process=0][thread=MainThread][operation_id=336] _SignalingThread.join() waiting for signals ([]) blocking the main thread will slow down blocking save times. This is likely due to main thread calling result() on a CommitFuture.
WARNING:absl:[process=0][thread=MainThread][operation_id=337] _SignalingThread.join() waiting for signals ([]) blocking the main thread will slow down blocking save times. This is likely due to main thread calling result() on a CommitFuture.
WARNING:absl:[process=0][thread=MainThread][operation_id=338] _SignalingThread.join() waiting for signals ([]) blocking the main thread will slow down blocking save times. This is likely due to main thread calling result() on a CommitFuture.
WARNING:absl:[process=0][thread=MainThread][operation_id=339] _SignalingThread.join() waiting for signals ([]) blocking the main thread will slow down blocking save times. This is likely due to main thread calling result() on a CommitFuture.
